[ 2017-11-24T15:59:15+08:00 ] 192.168.1.101 /MIAOBELER/Public/vendor/umeditor/php/null
INFO: [ app_init ] --START--
INFO: Run Behavior\BuildLiteBehavior [ RunTime:0.000017s ]
INFO: [ app_init ] --END-- [ RunTime:0.000410s ]
ERR: 无法加载模块:Public

[ 2017-11-24T16:38:43+08:00 ] 192.168.1.101 /MIAOBELER/Public/vendor/umeditor/php/null
INFO: [ app_init ] --START--
INFO: Run Behavior\BuildLiteBehavior [ RunTime:0.000021s ]
INFO: [ app_init ] --END-- [ RunTime:0.000282s ]
ERR: 无法加载模块:Public

[ 2017-11-24T16:44:43+08:00 ] 192.168.1.101 /MIAOBELER/Public/vendor/umeditor/php/null
INFO: [ app_init ] --START--
INFO: Run Behavior\BuildLiteBehavior [ RunTime:0.000010s ]
INFO: [ app_init ] --END-- [ RunTime:0.000265s ]
ERR: 无法加载模块:Public

[ 2017-11-24T16:44:44+08:00 ] 192.168.1.101 /MIAOBELER/Public/vendor/umeditor/php/null
INFO: [ app_init ] --START--
INFO: Run Behavior\BuildLiteBehavior [ RunTime:0.000008s ]
INFO: [ app_init ] --END-- [ RunTime:0.000238s ]
ERR: 无法加载模块:Public

[ 2017-11-24T20:01:27+08:00 ] 192.168.1.101 /MIAOBELER/Public/vendor/umeditor/php/null
INFO: [ app_init ] --START--
INFO: Run Behavior\BuildLiteBehavior [ RunTime:0.000008s ]
INFO: [ app_init ] --END-- [ RunTime:0.000242s ]
ERR: 无法加载模块:Public

[ 2017-11-24T20:08:41+08:00 ] 192.168.1.101 /MIAOBELER/Public/vendor/umeditor/php/null
INFO: [ app_init ] --START--
INFO: Run Behavior\BuildLiteBehavior [ RunTime:0.000008s ]
INFO: [ app_init ] --END-- [ RunTime:0.000261s ]
ERR: 无法加载模块:Public

[ 2017-11-24T20:13:24+08:00 ] 192.168.1.101 /MIAOBELER/Public/vendor/umeditor/php/null
INFO: [ app_init ] --START--
INFO: Run Behavior\BuildLiteBehavior [ RunTime:0.000008s ]
INFO: [ app_init ] --END-- [ RunTime:0.000216s ]
ERR: 无法加载模块:Public

[ 2017-11-24T20:13:29+08:00 ] 192.168.1.101 /MIAOBELER/Public/vendor/umeditor/php/null
INFO: [ app_init ] --START--
INFO: Run Behavior\BuildLiteBehavior [ RunTime:0.000009s ]
INFO: [ app_init ] --END-- [ RunTime:0.000224s ]
ERR: 无法加载模块:Public

