[ 2017-11-23T01:26:39+08:00 ] 192.168.1.196 /MIAOBELER/Public/vendor/umeditor/php/null
INFO: [ app_init ] --START--
INFO: Run Behavior\BuildLiteBehavior [ RunTime:0.000010s ]
INFO: [ app_init ] --END-- [ RunTime:0.000424s ]
ERR: 无法加载模块:Public

[ 2017-11-23T01:27:28+08:00 ] 192.168.1.196 /MIAOBELER/Public/vendor/umeditor/php/null
INFO: [ app_init ] --START--
INFO: Run Behavior\BuildLiteBehavior [ RunTime:0.000022s ]
INFO: [ app_init ] --END-- [ RunTime:0.000699s ]
ERR: 无法加载模块:Public

[ 2017-11-23T01:27:36+08:00 ] 192.168.1.196 /MIAOBELER/Public/vendor/umeditor/php/null
INFO: [ app_init ] --START--
INFO: Run Behavior\BuildLiteBehavior [ RunTime:0.000020s ]
INFO: [ app_init ] --END-- [ RunTime:0.000572s ]
ERR: 无法加载模块:Public

[ 2017-11-23T01:28:22+08:00 ] 192.168.1.196 /MIAOBELER/Public/vendor/umeditor/php/null
INFO: [ app_init ] --START--
INFO: Run Behavior\BuildLiteBehavior [ RunTime:0.000020s ]
INFO: [ app_init ] --END-- [ RunTime:0.000647s ]
ERR: 无法加载模块:Public

[ 2017-11-23T01:28:58+08:00 ] 192.168.1.101 /MIAOBELER/Public/vendor/umeditor/php/null
INFO: [ app_init ] --START--
INFO: Run Behavior\BuildLiteBehavior [ RunTime:0.000011s ]
INFO: [ app_init ] --END-- [ RunTime:0.000351s ]
ERR: 无法加载模块:Public

[ 2017-11-23T01:40:56+08:00 ] 192.168.1.101 /MIAOBELER/Public/vendor/umeditor/php/null
INFO: [ app_init ] --START--
INFO: Run Behavior\BuildLiteBehavior [ RunTime:0.000008s ]
INFO: [ app_init ] --END-- [ RunTime:0.000395s ]
ERR: 无法加载模块:Public

[ 2017-11-23T02:19:34+08:00 ] 192.168.1.101 /MIAOBELER/storage/emulated/0/Android/data/io.dcloud.HBuilder/downloads/5a0007a79d248.jpg
INFO: [ app_init ] --START--
INFO: Run Behavior\BuildLiteBehavior [ RunTime:0.000010s ]
INFO: [ app_init ] --END-- [ RunTime:0.000412s ]
ERR: 无法加载模块:Storage

[ 2017-11-23T02:19:34+08:00 ] 192.168.1.101 /MIAOBELER/storage/emulated/0/Android/data/io.dcloud.HBuilder/downloads/5a010fd10fbe4.webp
INFO: [ app_init ] --START--
INFO: Run Behavior\BuildLiteBehavior [ RunTime:0.000011s ]
INFO: [ app_init ] --END-- [ RunTime:0.000378s ]
ERR: 无法加载模块:Storage

[ 2017-11-23T02:19:36+08:00 ] 192.168.1.101 /MIAOBELER/storage/emulated/0/Android/data/io.dcloud.HBuilder/downloads/1.jpg
INFO: [ app_init ] --START--
INFO: Run Behavior\BuildLiteBehavior [ RunTime:0.000010s ]
INFO: [ app_init ] --END-- [ RunTime:0.000384s ]
ERR: 无法加载模块:Storage

[ 2017-11-23T02:27:38+08:00 ] 192.168.1.101 /MIAOBELER/storage/emulated/0/Android/data/io.dcloud.HBuilder/downloads/5a0007a79d248.jpg
INFO: [ app_init ] --START--
INFO: Run Behavior\BuildLiteBehavior [ RunTime:0.000011s ]
INFO: [ app_init ] --END-- [ RunTime:0.000343s ]
ERR: 无法加载模块:Storage

[ 2017-11-23T02:27:38+08:00 ] 192.168.1.101 /MIAOBELER/storage/emulated/0/Android/data/io.dcloud.HBuilder/downloads/5a010fd10fbe4.webp
INFO: [ app_init ] --START--
INFO: Run Behavior\BuildLiteBehavior [ RunTime:0.000012s ]
INFO: [ app_init ] --END-- [ RunTime:0.000354s ]
ERR: 无法加载模块:Storage

[ 2017-11-23T02:27:38+08:00 ] 192.168.1.101 /MIAOBELER/storage/emulated/0/Android/data/io.dcloud.HBuilder/downloads/5a000596bb110.jpg
INFO: [ app_init ] --START--
INFO: Run Behavior\BuildLiteBehavior [ RunTime:0.000010s ]
INFO: [ app_init ] --END-- [ RunTime:0.000313s ]
ERR: 无法加载模块:Storage

[ 2017-11-23T02:27:40+08:00 ] 192.168.1.101 /MIAOBELER/storage/emulated/0/Android/data/io.dcloud.HBuilder/downloads/1.jpg
INFO: [ app_init ] --START--
INFO: Run Behavior\BuildLiteBehavior [ RunTime:0.000009s ]
INFO: [ app_init ] --END-- [ RunTime:0.000386s ]
ERR: 无法加载模块:Storage

[ 2017-11-23T02:29:30+08:00 ] 192.168.1.101 /MIAOBELER/storage/emulated/0/Android/data/io.dcloud.HBuilder/downloads/5a0007a79d248.jpg
INFO: [ app_init ] --START--
INFO: Run Behavior\BuildLiteBehavior [ RunTime:0.000015s ]
INFO: [ app_init ] --END-- [ RunTime:0.000560s ]
ERR: 无法加载模块:Storage

[ 2017-11-23T02:29:30+08:00 ] 192.168.1.101 /MIAOBELER/storage/emulated/0/Android/data/io.dcloud.HBuilder/downloads/5a000596bb110.jpg
INFO: [ app_init ] --START--
INFO: Run Behavior\BuildLiteBehavior [ RunTime:0.000015s ]
INFO: [ app_init ] --END-- [ RunTime:0.000515s ]
ERR: 无法加载模块:Storage


[ 2017-11-23T02:29:32+08:00 ] 192.168.1.101 /MIAOBELER/storage/emulated/0/Android/data/io.dcloud.HBuilder/downloads/1.jpg
INFO: [ app_init ] --START--
INFO: Run Behavior\BuildLiteBehavior [ RunTime:0.000009s ]
INFO: [ app_init ] --END-- [ RunTime:0.000408s ]
ERR: 无法加载模块:Storage

[ 2017-11-23T02:29:42+08:00 ] 192.168.1.101 /MIAOBELER/storage/emulated/0/Android/data/io.dcloud.HBuilder/downloads/5a000596bb110.jpg
INFO: [ app_init ] --START--
INFO: Run Behavior\BuildLiteBehavior [ RunTime:0.000013s ]
INFO: [ app_init ] --END-- [ RunTime:0.000422s ]
ERR: 无法加载模块:Storage

[ 2017-11-23T02:29:42+08:00 ] 192.168.1.101 /MIAOBELER/storage/emulated/0/Android/data/io.dcloud.HBuilder/downloads/5a0007a79d248.jpg
INFO: [ app_init ] --START--
INFO: Run Behavior\BuildLiteBehavior [ RunTime:0.000012s ]
INFO: [ app_init ] --END-- [ RunTime:0.000441s ]
ERR: 无法加载模块:Storage

[ 2017-11-23T02:29:42+08:00 ] 192.168.1.101 /MIAOBELER/storage/emulated/0/Android/data/io.dcloud.HBuilder/downloads/5a010fd10fbe4.webp
INFO: [ app_init ] --START--
INFO: Run Behavior\BuildLiteBehavior [ RunTime:0.000012s ]
INFO: [ app_init ] --END-- [ RunTime:0.000336s ]
ERR: 无法加载模块:Storage

[ 2017-11-23T02:29:42+08:00 ] 192.168.1.101 /MIAOBELER/storage/emulated/0/Android/data/io.dcloud.HBuilder/downloads/1.jpg
INFO: [ app_init ] --START--
INFO: Run Behavior\BuildLiteBehavior [ RunTime:0.000010s ]
INFO: [ app_init ] --END-- [ RunTime:0.000434s ]
ERR: 无法加载模块:Storage

[ 2017-11-23T02:29:46+08:00 ] 192.168.1.101 /MIAOBELER/storage/emulated/0/Android/data/io.dcloud.HBuilder/downloads/5a000596bb110.jpg
INFO: [ app_init ] --START--
INFO: Run Behavior\BuildLiteBehavior [ RunTime:0.000015s ]
INFO: [ app_init ] --END-- [ RunTime:0.000484s ]
ERR: 无法加载模块:Storage

[ 2017-11-23T02:29:46+08:00 ] 192.168.1.101 /MIAOBELER/storage/emulated/0/Android/data/io.dcloud.HBuilder/downloads/5a0007a79d248.jpg
INFO: [ app_init ] --START--
INFO: Run Behavior\BuildLiteBehavior [ RunTime:0.000017s ]
INFO: [ app_init ] --END-- [ RunTime:0.000489s ]
ERR: 无法加载模块:Storage

[ 2017-11-23T02:29:46+08:00 ] 192.168.1.101 /MIAOBELER/storage/emulated/0/Android/data/io.dcloud.HBuilder/downloads/5a010fd10fbe4.webp
INFO: [ app_init ] --START--
INFO: Run Behavior\BuildLiteBehavior [ RunTime:0.000016s ]
INFO: [ app_init ] --END-- [ RunTime:0.000450s ]
ERR: 无法加载模块:Storage

[ 2017-11-23T02:29:48+08:00 ] 192.168.1.101 /MIAOBELER/storage/emulated/0/Android/data/io.dcloud.HBuilder/downloads/1.jpg
INFO: [ app_init ] --START--
INFO: Run Behavior\BuildLiteBehavior [ RunTime:0.000009s ]
INFO: [ app_init ] --END-- [ RunTime:0.000417s ]
ERR: 无法加载模块:Storage

[ 2017-11-23T02:30:15+08:00 ] 192.168.1.101 /MIAOBELER/storage/emulated/0/Android/data/io.dcloud.HBuilder/downloads/5a010fd10fbe4.webp
INFO: [ app_init ] --START--
INFO: Run Behavior\BuildLiteBehavior [ RunTime:0.000009s ]
INFO: [ app_init ] --END-- [ RunTime:0.000427s ]
ERR: 无法加载模块:Storage

[ 2017-11-23T02:30:15+08:00 ] 192.168.1.101 /MIAOBELER/storage/emulated/0/Android/data/io.dcloud.HBuilder/downloads/5a0007a79d248.jpg
INFO: [ app_init ] --START--
INFO: Run Behavior\BuildLiteBehavior [ RunTime:0.000010s ]
INFO: [ app_init ] --END-- [ RunTime:0.000414s ]
ERR: 无法加载模块:Storage

[ 2017-11-23T02:30:15+08:00 ] 192.168.1.101 /MIAOBELER/storage/emulated/0/Android/data/io.dcloud.HBuilder/downloads/5a000596bb110.jpg
INFO: [ app_init ] --START--
INFO: Run Behavior\BuildLiteBehavior [ RunTime:0.000012s ]
INFO: [ app_init ] --END-- [ RunTime:0.000484s ]
ERR: 无法加载模块:Storage

[ 2017-11-23T02:30:17+08:00 ] 192.168.1.101 /MIAOBELER/storage/emulated/0/Android/data/io.dcloud.HBuilder/downloads/1.jpg
INFO: [ app_init ] --START--
INFO: Run Behavior\BuildLiteBehavior [ RunTime:0.000011s ]
INFO: [ app_init ] --END-- [ RunTime:0.000350s ]
ERR: 无法加载模块:Storage

[ 2017-11-23T02:30:26+08:00 ] 192.168.1.101 /MIAOBELER/storage/emulated/0/Android/data/io.dcloud.HBuilder/downloads/5a000596bb110.jpg
INFO: [ app_init ] --START--
INFO: Run Behavior\BuildLiteBehavior [ RunTime:0.000009s ]
INFO: [ app_init ] --END-- [ RunTime:0.000348s ]
ERR: 无法加载模块:Storage

[ 2017-11-23T02:30:26+08:00 ] 192.168.1.101 /MIAOBELER/storage/emulated/0/Android/data/io.dcloud.HBuilder/downloads/5a0007a79d248.jpg
INFO: [ app_init ] --START--
INFO: Run Behavior\BuildLiteBehavior [ RunTime:0.000010s ]
INFO: [ app_init ] --END-- [ RunTime:0.000356s ]
ERR: 无法加载模块:Storage

[ 2017-11-23T02:30:26+08:00 ] 192.168.1.101 /MIAOBELER/storage/emulated/0/Android/data/io.dcloud.HBuilder/downloads/1.jpg
INFO: [ app_init ] --START--
INFO: Run Behavior\BuildLiteBehavior [ RunTime:0.000009s ]
INFO: [ app_init ] --END-- [ RunTime:0.000333s ]
ERR: 无法加载模块:Storage

[ 2017-11-23T02:30:26+08:00 ] 192.168.1.101 /MIAOBELER/storage/emulated/0/Android/data/io.dcloud.HBuilder/downloads/5a010fd10fbe4.webp
INFO: [ app_init ] --START--
INFO: Run Behavior\BuildLiteBehavior [ RunTime:0.000011s ]
INFO: [ app_init ] --END-- [ RunTime:0.000328s ]
ERR: 无法加载模块:Storage

[ 2017-11-23T02:30:33+08:00 ] 192.168.1.101 /MIAOBELER/storage/emulated/0/Android/data/io.dcloud.HBuilder/downloads/5a000596bb110.jpg
INFO: [ app_init ] --START--
INFO: Run Behavior\BuildLiteBehavior [ RunTime:0.000010s ]
INFO: [ app_init ] --END-- [ RunTime:0.000333s ]
ERR: 无法加载模块:Storage

[ 2017-11-23T02:30:33+08:00 ] 192.168.1.101 /MIAOBELER/storage/emulated/0/Android/data/io.dcloud.HBuilder/downloads/5a0007a79d248.jpg
INFO: [ app_init ] --START--
INFO: Run Behavior\BuildLiteBehavior [ RunTime:0.000011s ]
INFO: [ app_init ] --END-- [ RunTime:0.000485s ]
ERR: 无法加载模块:Storage

[ 2017-11-23T02:30:34+08:00 ] 192.168.1.101 /MIAOBELER/storage/emulated/0/Android/data/io.dcloud.HBuilder/downloads/5a010fd10fbe4.webp
INFO: [ app_init ] --START--
INFO: Run Behavior\BuildLiteBehavior [ RunTime:0.000010s ]
INFO: [ app_init ] --END-- [ RunTime:0.000429s ]
ERR: 无法加载模块:Storage

[ 2017-11-23T02:30:35+08:00 ] 192.168.1.101 /MIAOBELER/storage/emulated/0/Android/data/io.dcloud.HBuilder/downloads/1.jpg
INFO: [ app_init ] --START--
INFO: Run Behavior\BuildLiteBehavior [ RunTime:0.000010s ]
INFO: [ app_init ] --END-- [ RunTime:0.000354s ]
ERR: 无法加载模块:Storage

[ 2017-11-23T02:30:48+08:00 ] 192.168.1.101 /MIAOBELER/storage/emulated/0/Android/data/io.dcloud.HBuilder/downloads/5a000596bb110.jpg
INFO: [ app_init ] --START--
INFO: Run Behavior\BuildLiteBehavior [ RunTime:0.000016s ]
INFO: [ app_init ] --END-- [ RunTime:0.000511s ]
ERR: 无法加载模块:Storage

[ 2017-11-23T02:30:48+08:00 ] 192.168.1.101 /MIAOBELER/storage/emulated/0/Android/data/io.dcloud.HBuilder/downloads/5a0007a79d248.jpg
INFO: [ app_init ] --START--
INFO: Run Behavior\BuildLiteBehavior [ RunTime:0.000017s ]
INFO: [ app_init ] --END-- [ RunTime:0.000594s ]
ERR: 无法加载模块:Storage


[ 2017-11-23T02:31:11+08:00 ] 192.168.1.101 /MIAOBELER/Public/vendor/umeditor/php/null
INFO: [ app_init ] --START--
INFO: Run Behavior\BuildLiteBehavior [ RunTime:0.000010s ]
INFO: [ app_init ] --END-- [ RunTime:0.000336s ]
ERR: 无法加载模块:Public

[ 2017-11-23T02:31:15+08:00 ] 192.168.1.101 /MIAOBELER/storage/emulated/0/Android/data/io.dcloud.HBuilder/downloads/5a010fd10fbe4.webp
INFO: [ app_init ] --START--
INFO: Run Behavior\BuildLiteBehavior [ RunTime:0.000017s ]
INFO: [ app_init ] --END-- [ RunTime:0.000659s ]
ERR: 无法加载模块:Storage

[ 2017-11-23T02:31:15+08:00 ] 192.168.1.101 /MIAOBELER/storage/emulated/0/Android/data/io.dcloud.HBuilder/downloads/5a000596bb110.jpg
INFO: [ app_init ] --START--
INFO: Run Behavior\BuildLiteBehavior [ RunTime:0.000015s ]
INFO: [ app_init ] --END-- [ RunTime:0.000749s ]
ERR: 无法加载模块:Storage

[ 2017-11-23T02:31:17+08:00 ] 192.168.1.101 /MIAOBELER/storage/emulated/0/Android/data/io.dcloud.HBuilder/downloads/1.jpg
INFO: [ app_init ] --START--
INFO: Run Behavior\BuildLiteBehavior [ RunTime:0.000016s ]
INFO: [ app_init ] --END-- [ RunTime:0.000506s ]
ERR: 无法加载模块:Storage

[ 2017-11-23T02:31:25+08:00 ] 192.168.1.101 /MIAOBELER/storage/emulated/0/Android/data/io.dcloud.HBuilder/downloads/5a000596bb110.jpg
INFO: [ app_init ] --START--
INFO: Run Behavior\BuildLiteBehavior [ RunTime:0.000027s ]
INFO: [ app_init ] --END-- [ RunTime:0.000492s ]
ERR: 无法加载模块:Storage

[ 2017-11-23T02:31:25+08:00 ] 192.168.1.101 /MIAOBELER/storage/emulated/0/Android/data/io.dcloud.HBuilder/downloads/5a0007a79d248.jpg
INFO: [ app_init ] --START--
INFO: Run Behavior\BuildLiteBehavior [ RunTime:0.000015s ]
INFO: [ app_init ] --END-- [ RunTime:0.000424s ]
ERR: 无法加载模块:Storage

[ 2017-11-23T02:31:25+08:00 ] 192.168.1.101 /MIAOBELER/storage/emulated/0/Android/data/io.dcloud.HBuilder/downloads/5a010fd10fbe4.webp
INFO: [ app_init ] --START--
INFO: Run Behavior\BuildLiteBehavior [ RunTime:0.000011s ]
INFO: [ app_init ] --END-- [ RunTime:0.000476s ]
ERR: 无法加载模块:Storage

[ 2017-11-23T02:31:25+08:00 ] 192.168.1.101 /MIAOBELER/storage/emulated/0/Android/data/io.dcloud.HBuilder/downloads/1.jpg
INFO: [ app_init ] --START--
INFO: Run Behavior\BuildLiteBehavior [ RunTime:0.000011s ]
INFO: [ app_init ] --END-- [ RunTime:0.000407s ]
ERR: 无法加载模块:Storage

[ 2017-11-23T02:31:39+08:00 ] 192.168.1.101 /MIAOBELER/storage/emulated/0/Android/data/io.dcloud.HBuilder/downloads/1.jpg
INFO: [ app_init ] --START--
INFO: Run Behavior\BuildLiteBehavior [ RunTime:0.000009s ]
INFO: [ app_init ] --END-- [ RunTime:0.000392s ]
ERR: 无法加载模块:Storage

[ 2017-11-23T02:31:39+08:00 ] 192.168.1.101 /MIAOBELER/storage/emulated/0/Android/data/io.dcloud.HBuilder/downloads/5a000596bb110.jpg
INFO: [ app_init ] --START--
INFO: Run Behavior\BuildLiteBehavior [ RunTime:0.000013s ]
INFO: [ app_init ] --END-- [ RunTime:0.000453s ]
ERR: 无法加载模块:Storage

[ 2017-11-23T02:31:39+08:00 ] 192.168.1.101 /MIAOBELER/storage/emulated/0/Android/data/io.dcloud.HBuilder/downloads/5a0007a79d248.jpg
INFO: [ app_init ] --START--
INFO: Run Behavior\BuildLiteBehavior [ RunTime:0.000010s ]
INFO: [ app_init ] --END-- [ RunTime:0.000332s ]
ERR: 无法加载模块:Storage

[ 2017-11-23T02:31:39+08:00 ] 192.168.1.101 /MIAOBELER/storage/emulated/0/Android/data/io.dcloud.HBuilder/downloads/5a010fd10fbe4.webp
INFO: [ app_init ] --START--
INFO: Run Behavior\BuildLiteBehavior [ RunTime:0.000010s ]
INFO: [ app_init ] --END-- [ RunTime:0.000315s ]
ERR: 无法加载模块:Storage

[ 2017-11-23T02:32:54+08:00 ] 192.168.1.101 /MIAOBELER/Public/vendor/umeditor/php/null
INFO: [ app_init ] --START--
INFO: Run Behavior\BuildLiteBehavior [ RunTime:0.000010s ]
INFO: [ app_init ] --END-- [ RunTime:0.000436s ]
ERR: 无法加载模块:Public

[ 2017-11-23T02:33:30+08:00 ] 192.168.1.101 /MIAOBELER/storage/emulated/0/Android/data/io.dcloud.HBuilder/downloads/5a0007a79d248.jpg
INFO: [ app_init ] --START--
INFO: Run Behavior\BuildLiteBehavior [ RunTime:0.000016s ]
INFO: [ app_init ] --END-- [ RunTime:0.000447s ]
ERR: 无法加载模块:Storage

[ 2017-11-23T02:33:30+08:00 ] 192.168.1.101 /MIAOBELER/storage/emulated/0/Android/data/io.dcloud.HBuilder/downloads/5a010fd10fbe4.webp
INFO: [ app_init ] --START--
INFO: Run Behavior\BuildLiteBehavior [ RunTime:0.000015s ]
INFO: [ app_init ] --END-- [ RunTime:0.000591s ]
ERR: 无法加载模块:Storage

[ 2017-11-23T02:33:30+08:00 ] 192.168.1.101 /MIAOBELER/storage/emulated/0/Android/data/io.dcloud.HBuilder/downloads/5a000596bb110.jpg
INFO: [ app_init ] --START--
INFO: Run Behavior\BuildLiteBehavior [ RunTime:0.000011s ]
INFO: [ app_init ] --END-- [ RunTime:0.000361s ]
ERR: 无法加载模块:Storage

[ 2017-11-23T02:33:32+08:00 ] 192.168.1.101 /MIAOBELER/storage/emulated/0/Android/data/io.dcloud.HBuilder/downloads/1.jpg
INFO: [ app_init ] --START--
INFO: Run Behavior\BuildLiteBehavior [ RunTime:0.000010s ]
INFO: [ app_init ] --END-- [ RunTime:0.000412s ]
ERR: 无法加载模块:Storage

[ 2017-11-23T02:33:38+08:00 ] 192.168.1.101 /MIAOBELER/storage/emulated/0/Android/data/io.dcloud.HBuilder/downloads/1.jpg
INFO: [ app_init ] --START--
INFO: Run Behavior\BuildLiteBehavior [ RunTime:0.000013s ]
INFO: [ app_init ] --END-- [ RunTime:0.000366s ]
ERR: 无法加载模块:Storage

[ 2017-11-23T02:33:38+08:00 ] 192.168.1.101 /MIAOBELER/storage/emulated/0/Android/data/io.dcloud.HBuilder/downloads/5a000596bb110.jpg
INFO: [ app_init ] --START--
INFO: Run Behavior\BuildLiteBehavior [ RunTime:0.000018s ]
INFO: [ app_init ] --END-- [ RunTime:0.000484s ]
ERR: 无法加载模块:Storage

[ 2017-11-23T02:33:38+08:00 ] 192.168.1.101 /MIAOBELER/storage/emulated/0/Android/data/io.dcloud.HBuilder/downloads/5a0007a79d248.jpg
INFO: [ app_init ] --START--
INFO: Run Behavior\BuildLiteBehavior [ RunTime:0.000020s ]
INFO: [ app_init ] --END-- [ RunTime:0.000535s ]
ERR: 无法加载模块:Storage

[ 2017-11-23T02:33:38+08:00 ] 192.168.1.101 /MIAOBELER/storage/emulated/0/Android/data/io.dcloud.HBuilder/downloads/5a010fd10fbe4.webp
INFO: [ app_init ] --START--
INFO: Run Behavior\BuildLiteBehavior [ RunTime:0.000019s ]
INFO: [ app_init ] --END-- [ RunTime:0.000613s ]
ERR: 无法加载模块:Storage

[ 2017-11-23T02:33:45+08:00 ] 192.168.1.101 /MIAOBELER/storage/emulated/0/Android/data/io.dcloud.HBuilder/downloads/5a0007a79d248.jpg
INFO: [ app_init ] --START--
INFO: Run Behavior\BuildLiteBehavior [ RunTime:0.000017s ]
INFO: [ app_init ] --END-- [ RunTime:0.000484s ]
ERR: 无法加载模块:Storage

[ 2017-11-23T02:33:45+08:00 ] 192.168.1.101 /MIAOBELER/storage/emulated/0/Android/data/io.dcloud.HBuilder/downloads/5a010fd10fbe4.webp
INFO: [ app_init ] --START--
INFO: Run Behavior\BuildLiteBehavior [ RunTime:0.000012s ]
INFO: [ app_init ] --END-- [ RunTime:0.000356s ]
ERR: 无法加载模块:Storage

[ 2017-11-23T02:33:45+08:00 ] 192.168.1.101 /MIAOBELER/storage/emulated/0/Android/data/io.dcloud.HBuilder/downloads/1.jpg
INFO: [ app_init ] --START--
INFO: Run Behavior\BuildLiteBehavior [ RunTime:0.000010s ]
INFO: [ app_init ] --END-- [ RunTime:0.000333s ]
ERR: 无法加载模块:Storage

[ 2017-11-23T02:33:45+08:00 ] 192.168.1.101 /MIAOBELER/storage/emulated/0/Android/data/io.dcloud.HBuilder/downloads/5a000596bb110.jpg
INFO: [ app_init ] --START--
INFO: Run Behavior\BuildLiteBehavior [ RunTime:0.000009s ]
INFO: [ app_init ] --END-- [ RunTime:0.000409s ]
ERR: 无法加载模块:Storage

[ 2017-11-23T02:36:28+08:00 ] 192.168.1.101 /MIAOBELER/storage/emulated/0/Android/data/io.dcloud.HBuilder/downloads/5a010fd10fbe4.webp
INFO: [ app_init ] --START--
INFO: Run Behavior\BuildLiteBehavior [ RunTime:0.000014s ]
INFO: [ app_init ] --END-- [ RunTime:0.000477s ]
ERR: 无法加载模块:Storage

[ 2017-11-23T02:36:28+08:00 ] 192.168.1.101 /MIAOBELER/storage/emulated/0/Android/data/io.dcloud.HBuilder/downloads/5a000596bb110.jpg
INFO: [ app_init ] --START--
INFO: Run Behavior\BuildLiteBehavior [ RunTime:0.000015s ]
INFO: [ app_init ] --END-- [ RunTime:0.000487s ]
ERR: 无法加载模块:Storage

[ 2017-11-23T02:36:31+08:00 ] 192.168.1.101 /MIAOBELER/storage/emulated/0/Android/data/io.dcloud.HBuilder/downloads/1.jpg
INFO: [ app_init ] --START--
INFO: Run Behavior\BuildLiteBehavior [ RunTime:0.000009s ]
INFO: [ app_init ] --END-- [ RunTime:0.000338s ]
ERR: 无法加载模块:Storage

[ 2017-11-23T02:36:57+08:00 ] 192.168.1.101 /MIAOBELER/storage/emulated/0/Android/data/io.dcloud.HBuilder/downloads/5a000596bb110.jpg
INFO: [ app_init ] --START--
INFO: Run Behavior\BuildLiteBehavior [ RunTime:0.000014s ]
INFO: [ app_init ] --END-- [ RunTime:0.000474s ]
ERR: 无法加载模块:Storage

[ 2017-11-23T02:36:57+08:00 ] 192.168.1.101 /MIAOBELER/storage/emulated/0/Android/data/io.dcloud.HBuilder/downloads/5a0007a79d248.jpg
INFO: [ app_init ] --START--
INFO: Run Behavior\BuildLiteBehavior [ RunTime:0.000018s ]
INFO: [ app_init ] --END-- [ RunTime:0.000512s ]
ERR: 无法加载模块:Storage

[ 2017-11-23T02:36:57+08:00 ] 192.168.1.101 /MIAOBELER/storage/emulated/0/Android/data/io.dcloud.HBuilder/downloads/5a010fd10fbe4.webp
INFO: [ app_init ] --START--
INFO: Run Behavior\BuildLiteBehavior [ RunTime:0.000016s ]
INFO: [ app_init ] --END-- [ RunTime:0.000696s ]
ERR: 无法加载模块:Storage

[ 2017-11-23T02:36:57+08:00 ] 192.168.1.101 /MIAOBELER/storage/emulated/0/Android/data/io.dcloud.HBuilder/downloads/1.jpg
INFO: [ app_init ] --START--
INFO: Run Behavior\BuildLiteBehavior [ RunTime:0.000017s ]
INFO: [ app_init ] --END-- [ RunTime:0.000423s ]
ERR: 无法加载模块:Storage

[ 2017-11-23T02:37:10+08:00 ] 192.168.1.101 /MIAOBELER/storage/emulated/0/Android/data/io.dcloud.HBuilder/downloads/5a0007a79d248.jpg
INFO: [ app_init ] --START--
INFO: Run Behavior\BuildLiteBehavior [ RunTime:0.000011s ]
INFO: [ app_init ] --END-- [ RunTime:0.000428s ]
ERR: 无法加载模块:Storage

[ 2017-11-23T02:37:10+08:00 ] 192.168.1.101 /MIAOBELER/storage/emulated/0/Android/data/io.dcloud.HBuilder/downloads/5a010fd10fbe4.webp
INFO: [ app_init ] --START--
INFO: Run Behavior\BuildLiteBehavior [ RunTime:0.000014s ]
INFO: [ app_init ] --END-- [ RunTime:0.000502s ]
ERR: 无法加载模块:Storage

[ 2017-11-23T02:37:10+08:00 ] 192.168.1.101 /MIAOBELER/storage/emulated/0/Android/data/io.dcloud.HBuilder/downloads/1.jpg
INFO: [ app_init ] --START--
INFO: Run Behavior\BuildLiteBehavior [ RunTime:0.000011s ]
INFO: [ app_init ] --END-- [ RunTime:0.000425s ]
ERR: 无法加载模块:Storage

[ 2017-11-23T02:37:10+08:00 ] 192.168.1.101 /MIAOBELER/storage/emulated/0/Android/data/io.dcloud.HBuilder/downloads/5a000596bb110.jpg
INFO: [ app_init ] --START--
INFO: Run Behavior\BuildLiteBehavior [ RunTime:0.000009s ]
INFO: [ app_init ] --END-- [ RunTime:0.000441s ]
ERR: 无法加载模块:Storage

[ 2017-11-23T02:38:51+08:00 ] 192.168.1.101 /MIAOBELER/storage/emulated/0/Android/data/io.dcloud.HBuilder/downloads/5a0007a79d248.jpg
INFO: [ app_init ] --START--
INFO: Run Behavior\BuildLiteBehavior [ RunTime:0.000011s ]
INFO: [ app_init ] --END-- [ RunTime:0.000457s ]
ERR: 无法加载模块:Storage

[ 2017-11-23T02:38:51+08:00 ] 192.168.1.101 /MIAOBELER/storage/emulated/0/Android/data/io.dcloud.HBuilder/downloads/5a010fd10fbe4.webp
INFO: [ app_init ] --START--
INFO: Run Behavior\BuildLiteBehavior [ RunTime:0.000018s ]
INFO: [ app_init ] --END-- [ RunTime:0.000548s ]
ERR: 无法加载模块:Storage

[ 2017-11-23T02:38:51+08:00 ] 192.168.1.101 /MIAOBELER/storage/emulated/0/Android/data/io.dcloud.HBuilder/downloads/1.jpg
INFO: [ app_init ] --START--
INFO: Run Behavior\BuildLiteBehavior [ RunTime:0.000015s ]
INFO: [ app_init ] --END-- [ RunTime:0.000493s ]
ERR: 无法加载模块:Storage

[ 2017-11-23T02:38:52+08:00 ] 192.168.1.101 /MIAOBELER/storage/emulated/0/Android/data/io.dcloud.HBuilder/downloads/5a000596bb110.jpg
INFO: [ app_init ] --START--
INFO: Run Behavior\BuildLiteBehavior [ RunTime:0.000011s ]
INFO: [ app_init ] --END-- [ RunTime:0.000446s ]
ERR: 无法加载模块:Storage

[ 2017-11-23T02:38:56+08:00 ] 192.168.1.101 /MIAOBELER/storage/emulated/0/Android/data/io.dcloud.HBuilder/downloads/5a0007a79d248.jpg
INFO: [ app_init ] --START--
INFO: Run Behavior\BuildLiteBehavior [ RunTime:0.000013s ]
INFO: [ app_init ] --END-- [ RunTime:0.000452s ]
ERR: 无法加载模块:Storage


[ 2017-11-23T02:38:56+08:00 ] 192.168.1.101 /MIAOBELER/storage/emulated/0/Android/data/io.dcloud.HBuilder/downloads/1.jpg
INFO: [ app_init ] --START--
INFO: Run Behavior\BuildLiteBehavior [ RunTime:0.000013s ]
INFO: [ app_init ] --END-- [ RunTime:0.000350s ]
ERR: 无法加载模块:Storage

[ 2017-11-23T02:38:56+08:00 ] 192.168.1.101 /MIAOBELER/storage/emulated/0/Android/data/io.dcloud.HBuilder/downloads/5a000596bb110.jpg
INFO: [ app_init ] --START--
INFO: Run Behavior\BuildLiteBehavior [ RunTime:0.000009s ]
INFO: [ app_init ] --END-- [ RunTime:0.000368s ]
ERR: 无法加载模块:Storage

[ 2017-11-23T02:39:58+08:00 ] 192.168.1.101 /MIAOBELER/storage/emulated/0/Android/data/io.dcloud.HBuilder/downloads/5a0007a79d248.jpg
INFO: [ app_init ] --START--
INFO: Run Behavior\BuildLiteBehavior [ RunTime:0.000016s ]
INFO: [ app_init ] --END-- [ RunTime:0.000494s ]
ERR: 无法加载模块:Storage

[ 2017-11-23T02:39:58+08:00 ] 192.168.1.101 /MIAOBELER/storage/emulated/0/Android/data/io.dcloud.HBuilder/downloads/1.jpg
INFO: [ app_init ] --START--
INFO: Run Behavior\BuildLiteBehavior [ RunTime:0.000014s ]
INFO: [ app_init ] --END-- [ RunTime:0.000491s ]
ERR: 无法加载模块:Storage

[ 2017-11-23T02:39:58+08:00 ] 192.168.1.101 /MIAOBELER/storage/emulated/0/Android/data/io.dcloud.HBuilder/downloads/5a010fd10fbe4.webp
INFO: [ app_init ] --START--
INFO: Run Behavior\BuildLiteBehavior [ RunTime:0.000013s ]
INFO: [ app_init ] --END-- [ RunTime:0.000449s ]
ERR: 无法加载模块:Storage

[ 2017-11-23T10:19:25+08:00 ] 192.168.1.108 /MIAOBELER/Public/vendor/umeditor/php/null
INFO: [ app_init ] --START--
INFO: Run Behavior\BuildLiteBehavior [ RunTime:0.000011s ]
INFO: [ app_init ] --END-- [ RunTime:0.000450s ]
ERR: 无法加载模块:Public

[ 2017-11-23T10:20:07+08:00 ] 192.168.1.108 /MIAOBELER/Public/vendor/umeditor/php/null
INFO: [ app_init ] --START--
INFO: Run Behavior\BuildLiteBehavior [ RunTime:0.000012s ]
INFO: [ app_init ] --END-- [ RunTime:0.000367s ]
ERR: 无法加载模块:Public

[ 2017-11-23T11:39:00+08:00 ] 192.168.1.101 /MIAOBELER/Public/vendor/umeditor/php/null
INFO: [ app_init ] --START--
INFO: Run Behavior\BuildLiteBehavior [ RunTime:0.000012s ]
INFO: [ app_init ] --END-- [ RunTime:0.000366s ]
ERR: 无法加载模块:Public

[ 2017-11-23T11:39:59+08:00 ] 192.168.1.101 /MIAOBELER/Public/vendor/umeditor/php/null
INFO: [ app_init ] --START--
INFO: Run Behavior\BuildLiteBehavior [ RunTime:0.000011s ]
INFO: [ app_init ] --END-- [ RunTime:0.000351s ]
ERR: 无法加载模块:Public

[ 2017-11-23T11:42:28+08:00 ] 192.168.1.101 /MIAOBELER/Public/vendor/umeditor/php/null
INFO: [ app_init ] --START--
INFO: Run Behavior\BuildLiteBehavior [ RunTime:0.000009s ]
INFO: [ app_init ] --END-- [ RunTime:0.000423s ]
ERR: 无法加载模块:Public

[ 2017-11-23T14:55:05+08:00 ] 192.168.1.101 /MIAOBELER/Public/Upload/2017-11-14/5a0a695d2098f.jpg
INFO: [ app_init ] --START--
INFO: Run Behavior\BuildLiteBehavior [ RunTime:0.000018s ]
INFO: [ app_init ] --END-- [ RunTime:0.000536s ]
ERR: 无法加载模块:Public

[ 2017-11-23T14:55:07+08:00 ] 192.168.1.101 /MIAOBELER/Public/Upload/2017-11-14/5a0a6965322d9.jpg
INFO: [ app_init ] --START--
INFO: Run Behavior\BuildLiteBehavior [ RunTime:0.000016s ]
INFO: [ app_init ] --END-- [ RunTime:0.000631s ]
ERR: 无法加载模块:Public

[ 2017-11-23T14:55:07+08:00 ] 192.168.1.101 /MIAOBELER/Public/Upload/2017-11-14/5a0a695d2098f.jpg
INFO: [ app_init ] --START--
INFO: Run Behavior\BuildLiteBehavior [ RunTime:0.000015s ]
INFO: [ app_init ] --END-- [ RunTime:0.000563s ]
ERR: 无法加载模块:Public

[ 2017-11-23T14:55:13+08:00 ] 192.168.1.101 /MIAOBELER/Public/Upload/2017-11-14/5a0a695d2098f.jpg
INFO: [ app_init ] --START--
INFO: Run Behavior\BuildLiteBehavior [ RunTime:0.000017s ]
INFO: [ app_init ] --END-- [ RunTime:0.000510s ]
ERR: 无法加载模块:Public

[ 2017-11-23T14:55:13+08:00 ] 192.168.1.101 /MIAOBELER/Public/Upload/2017-11-14/5a0a6965322d9.jpg
INFO: [ app_init ] --START--
INFO: Run Behavior\BuildLiteBehavior [ RunTime:0.000020s ]
INFO: [ app_init ] --END-- [ RunTime:0.000563s ]
ERR: 无法加载模块:Public

[ 2017-11-23T17:06:44+08:00 ] 192.168.1.101 /MIAOBELER/Public/Upload/2017-11-14/5a0a6965322d9.jpg
INFO: [ app_init ] --START--
INFO: Run Behavior\BuildLiteBehavior [ RunTime:0.000011s ]
INFO: [ app_init ] --END-- [ RunTime:0.000371s ]
ERR: 无法加载模块:Public

[ 2017-11-23T17:06:56+08:00 ] 192.168.1.101 /MIAOBELER/Public/Upload/2017-11-14/5a0a695d2098f.jpg
INFO: [ app_init ] --START--
INFO: Run Behavior\BuildLiteBehavior [ RunTime:0.000010s ]
INFO: [ app_init ] --END-- [ RunTime:0.000339s ]
ERR: 无法加载模块:Public

[ 2017-11-23T17:06:56+08:00 ] 192.168.1.101 /MIAOBELER/Public/Upload/2017-11-14/5a0a6965322d9.jpg
INFO: [ app_init ] --START--
INFO: Run Behavior\BuildLiteBehavior [ RunTime:0.000011s ]
INFO: [ app_init ] --END-- [ RunTime:0.000349s ]
ERR: 无法加载模块:Public

[ 2017-11-23T17:07:45+08:00 ] 192.168.1.101 /MIAOBELER/Public/Upload/2017-11-14/5a0a695d2098f.jpg
INFO: [ app_init ] --START--
INFO: Run Behavior\BuildLiteBehavior [ RunTime:0.000016s ]
INFO: [ app_init ] --END-- [ RunTime:0.000480s ]
ERR: 无法加载模块:Public

[ 2017-11-23T17:07:45+08:00 ] 192.168.1.101 /MIAOBELER/Public/Upload/2017-11-14/5a0a6965322d9.jpg
INFO: [ app_init ] --START--
INFO: Run Behavior\BuildLiteBehavior [ RunTime:0.000013s ]
INFO: [ app_init ] --END-- [ RunTime:0.000432s ]
ERR: 无法加载模块:Public

[ 2017-11-23T17:09:25+08:00 ] 192.168.1.101 /MIAOBELER/Public/Upload/2017-11-14/5a0a695d2098f.jpg
INFO: [ app_init ] --START--
INFO: Run Behavior\BuildLiteBehavior [ RunTime:0.000016s ]
INFO: [ app_init ] --END-- [ RunTime:0.000512s ]
ERR: 无法加载模块:Public

[ 2017-11-23T17:09:25+08:00 ] 192.168.1.101 /MIAOBELER/Public/Upload/2017-11-14/5a0a6965322d9.jpg
INFO: [ app_init ] --START--
INFO: Run Behavior\BuildLiteBehavior [ RunTime:0.000017s ]
INFO: [ app_init ] --END-- [ RunTime:0.000489s ]
ERR: 无法加载模块:Public

[ 2017-11-23T17:09:41+08:00 ] 192.168.1.101 /MIAOBELER/Public/Upload/2017-11-14/5a0a695d2098f.jpg
INFO: [ app_init ] --START--
INFO: Run Behavior\BuildLiteBehavior [ RunTime:0.000011s ]
INFO: [ app_init ] --END-- [ RunTime:0.000342s ]
ERR: 无法加载模块:Public

[ 2017-11-23T17:09:41+08:00 ] 192.168.1.101 /MIAOBELER/Public/Upload/2017-11-14/5a0a6965322d9.jpg
INFO: [ app_init ] --START--
INFO: Run Behavior\BuildLiteBehavior [ RunTime:0.000012s ]
INFO: [ app_init ] --END-- [ RunTime:0.000403s ]
ERR: 无法加载模块:Public

