[ 2017-11-03T11:14:46+08:00 ] 192.168.1.196 /MIAOBELER/index.php/Admin/Goods/add.html
INFO: [ app_init ] --START--
INFO: Run Behavior\BuildLiteBehavior [ RunTime:0.000017s ]
INFO: [ app_init ] --END-- [ RunTime:0.000549s ]
ERR: 无法加载模块:MIAOBELER

[ 2017-11-03T11:14:46+08:00 ] 192.168.1.196 /favicon.ico
INFO: [ app_init ] --START--
INFO: Run Behavior\BuildLiteBehavior [ RunTime:0.000028s ]
INFO: [ app_init ] --END-- [ RunTime:0.000898s ]
ERR: 无法加载模块:Favicon

[ 2017-11-03T14:13:09+08:00 ] 192.168.1.196 /index.php/index.php/UserV0_1/ShoppingBag/showList/debug/false
INFO: [ app_init ] --START--
INFO: Run Behavior\BuildLiteBehavior [ RunTime:0.000016s ]
INFO: [ app_init ] --END-- [ RunTime:0.000534s ]
ERR: 无法加载模块:Index.php

[ 2017-11-03T14:13:35+08:00 ] 192.168.1.196 /index.php/index.php/UserV0_1/ShoppingBag/showList/debug/false
INFO: [ app_init ] --START--
INFO: Run Behavior\BuildLiteBehavior [ RunTime:0.000016s ]
INFO: [ app_init ] --END-- [ RunTime:0.000991s ]
ERR: 无法加载模块:Index.php

[ 2017-11-03T14:13:36+08:00 ] 192.168.1.196 /index.php/index.php/UserV0_1/ShoppingBag/showList/debug/false
INFO: [ app_init ] --START--
INFO: Run Behavior\BuildLiteBehavior [ RunTime:0.000010s ]
INFO: [ app_init ] --END-- [ RunTime:0.000407s ]
ERR: 无法加载模块:Index.php

[ 2017-11-03T14:13:37+08:00 ] 192.168.1.196 /index.php/index.php/UserV0_1/ShoppingBag/showList/debug/false
INFO: [ app_init ] --START--
INFO: Run Behavior\BuildLiteBehavior [ RunTime:0.000011s ]
INFO: [ app_init ] --END-- [ RunTime:0.000333s ]
ERR: 无法加载模块:Index.php

[ 2017-11-03T14:13:57+08:00 ] 192.168.1.196 /index.php/index.php/UserV0_1/ShoppingBag/showList/debug/false
INFO: [ app_init ] --START--
INFO: Run Behavior\BuildLiteBehavior [ RunTime:0.000019s ]
INFO: [ app_init ] --END-- [ RunTime:0.000461s ]
ERR: 无法加载模块:Index.php

[ 2017-11-03T14:13:58+08:00 ] 192.168.1.196 /index.php/index.php/UserV0_1/ShoppingBag/showList/debug/false
INFO: [ app_init ] --START--
INFO: Run Behavior\BuildLiteBehavior [ RunTime:0.000009s ]
INFO: [ app_init ] --END-- [ RunTime:0.000332s ]
ERR: 无法加载模块:Index.php

[ 2017-11-03T14:14:01+08:00 ] 192.168.1.196 /index.php/index.php/UserV0_1/ShoppingBag/showList/debug/false
INFO: [ app_init ] --START--
INFO: Run Behavior\BuildLiteBehavior [ RunTime:0.000019s ]
INFO: [ app_init ] --END-- [ RunTime:0.000557s ]
ERR: 无法加载模块:Index.php

[ 2017-11-03T14:14:11+08:00 ] 192.168.1.196 /index.php/index.php/UserV0_1/ShoppingBag/showList/debug/false
INFO: [ app_init ] --START--
INFO: Run Behavior\BuildLiteBehavior [ RunTime:0.000013s ]
INFO: [ app_init ] --END-- [ RunTime:0.000372s ]
ERR: 无法加载模块:Index.php

[ 2017-11-03T14:14:12+08:00 ] 192.168.1.196 /index.php/index.php/UserV0_1/ShoppingBag/showList/debug/false
INFO: [ app_init ] --START--
INFO: Run Behavior\BuildLiteBehavior [ RunTime:0.000011s ]
INFO: [ app_init ] --END-- [ RunTime:0.000457s ]
ERR: 无法加载模块:Index.php

[ 2017-11-03T14:14:13+08:00 ] 192.168.1.196 /index.php/index.php/UserV0_1/ShoppingBag/showList/debug/false
INFO: [ app_init ] --START--
INFO: Run Behavior\BuildLiteBehavior [ RunTime:0.000010s ]
INFO: [ app_init ] --END-- [ RunTime:0.000355s ]
ERR: 无法加载模块:Index.php

[ 2017-11-03T14:14:16+08:00 ] 192.168.1.196 /index.php/index.php/UserV0_1/ShoppingBag/showList/debug/false
INFO: [ app_init ] --START--
INFO: Run Behavior\BuildLiteBehavior [ RunTime:0.000015s ]
INFO: [ app_init ] --END-- [ RunTime:0.000446s ]
ERR: 无法加载模块:Index.php

[ 2017-11-03T14:14:20+08:00 ] 192.168.1.196 /index.php/index.php/UserV0_1/ShoppingBag/showList/debug/false
INFO: [ app_init ] --START--
INFO: Run Behavior\BuildLiteBehavior [ RunTime:0.000010s ]
INFO: [ app_init ] --END-- [ RunTime:0.000341s ]
ERR: 无法加载模块:Index.php

[ 2017-11-03T14:14:21+08:00 ] 192.168.1.196 /index.php/index.php/UserV0_1/ShoppingBag/showList/debug/false
INFO: [ app_init ] --START--
INFO: Run Behavior\BuildLiteBehavior [ RunTime:0.000010s ]
INFO: [ app_init ] --END-- [ RunTime:0.000318s ]
ERR: 无法加载模块:Index.php

[ 2017-11-03T14:14:22+08:00 ] 192.168.1.196 /index.php/index.php/UserV0_1/ShoppingBag/showList/debug/false
INFO: [ app_init ] --START--
INFO: Run Behavior\BuildLiteBehavior [ RunTime:0.000010s ]
INFO: [ app_init ] --END-- [ RunTime:0.000398s ]
ERR: 无法加载模块:Index.php

[ 2017-11-03T14:14:43+08:00 ] 192.168.1.196 /index.php/index.php/UserV0_1/ShoppingBag/showList/debug/false
INFO: [ app_init ] --START--
INFO: Run Behavior\BuildLiteBehavior [ RunTime:0.000014s ]
INFO: [ app_init ] --END-- [ RunTime:0.000350s ]
ERR: 无法加载模块:Index.php

[ 2017-11-03T14:14:44+08:00 ] 192.168.1.196 /index.php/index.php/UserV0_1/ShoppingBag/showList/debug/false
INFO: [ app_init ] --START--
INFO: Run Behavior\BuildLiteBehavior [ RunTime:0.000011s ]
INFO: [ app_init ] --END-- [ RunTime:0.000353s ]
ERR: 无法加载模块:Index.php

[ 2017-11-03T14:15:01+08:00 ] 192.168.1.196 /index.php//index.php/UserV0_1/Public/captcha
INFO: [ app_init ] --START--
INFO: Run Behavior\BuildLiteBehavior [ RunTime:0.000017s ]
INFO: [ app_init ] --END-- [ RunTime:0.000538s ]
ERR: 无法加载模块:Index.php

