[ 2017-11-06T09:51:26+08:00 ] 192.168.1.169 /favicon.ico
INFO: [ app_init ] --START--
INFO: Run Behavior\BuildLiteBehavior [ RunTime:0.000011s ]
INFO: [ app_init ] --END-- [ RunTime:0.000355s ]
ERR: 无法加载模块:Favicon

[ 2017-11-06T11:42:12+08:00 ] 127.0.0.1 /favicon.ico
INFO: [ app_init ] --START--
INFO: Run Behavior\BuildLiteBehavior [ RunTime:0.000012s ]
INFO: [ app_init ] --END-- [ RunTime:0.000532s ]
ERR: 无法加载模块:Favicon

[ 2017-11-06T12:16:21+08:00 ] 192.168.1.169 /index.phpUserV0_1/Goods/queryGoods
INFO: [ app_init ] --START--
INFO: Run Behavior\BuildLiteBehavior [ RunTime:0.000011s ]
INFO: [ app_init ] --END-- [ RunTime:0.000409s ]
ERR: 无法加载模块:Index.phpUserV0_1

[ 2017-11-06T12:23:34+08:00 ] 192.168.1.169 /index.php/http://192.168.1.196/index.php/UserV0_1/ShoppingBag/addBag
INFO: [ app_init ] --START--
INFO: Run Behavior\BuildLiteBehavior [ RunTime:0.000016s ]
INFO: [ app_init ] --END-- [ RunTime:0.000508s ]
ERR: 无法加载模块:Http:

[ 2017-11-06T12:23:35+08:00 ] 192.168.1.169 /index.php/http://192.168.1.196/index.php/UserV0_1/ShoppingBag/addBag
INFO: [ app_init ] --START--
INFO: Run Behavior\BuildLiteBehavior [ RunTime:0.000009s ]
INFO: [ app_init ] --END-- [ RunTime:0.000416s ]
ERR: 无法加载模块:Http:

[ 2017-11-06T12:23:36+08:00 ] 192.168.1.169 /index.php/http://192.168.1.196/index.php/UserV0_1/ShoppingBag/addBag
INFO: [ app_init ] --START--
INFO: Run Behavior\BuildLiteBehavior [ RunTime:0.000009s ]
INFO: [ app_init ] --END-- [ RunTime:0.000402s ]
ERR: 无法加载模块:Http:

[ 2017-11-06T12:23:36+08:00 ] 192.168.1.169 /index.php/http://192.168.1.196/index.php/UserV0_1/ShoppingBag/addBag
INFO: [ app_init ] --START--
INFO: Run Behavior\BuildLiteBehavior [ RunTime:0.000009s ]
INFO: [ app_init ] --END-- [ RunTime:0.000399s ]
ERR: 无法加载模块:Http:

[ 2017-11-06T12:23:36+08:00 ] 192.168.1.169 /index.php/http://192.168.1.196/index.php/UserV0_1/ShoppingBag/addBag
INFO: [ app_init ] --START--
INFO: Run Behavior\BuildLiteBehavior [ RunTime:0.000009s ]
INFO: [ app_init ] --END-- [ RunTime:0.000385s ]
ERR: 无法加载模块:Http:

[ 2017-11-06T12:24:36+08:00 ] 192.168.1.169 /index.phpUserV0_1/GoodsInfo/getGoodsInfo?goods_id=ea730eef7d92c94e7e25b89467145f94
INFO: [ app_init ] --START--
INFO: Run Behavior\BuildLiteBehavior [ RunTime:0.000010s ]
INFO: [ app_init ] --END-- [ RunTime:0.000434s ]
ERR: 无法加载模块:Index.phpUserV0_1

[ 2017-11-06T12:24:36+08:00 ] 192.168.1.169 /index.phpUserV0_1/Goods/getGoods?goods_id=ea730eef7d92c94e7e25b89467145f94
INFO: [ app_init ] --START--
INFO: Run Behavior\BuildLiteBehavior [ RunTime:0.000009s ]
INFO: [ app_init ] --END-- [ RunTime:0.000397s ]
ERR: 无法加载模块:Index.phpUserV0_1

[ 2017-11-06T12:25:10+08:00 ] 192.168.1.169 /index.phpUserV0_1/GoodsInfo/getGoodsInfo?goods_id=ea730eef7d92c94e7e25b89467145f94
INFO: [ app_init ] --START--
INFO: Run Behavior\BuildLiteBehavior [ RunTime:0.000009s ]
INFO: [ app_init ] --END-- [ RunTime:0.000349s ]
ERR: 无法加载模块:Index.phpUserV0_1

[ 2017-11-06T12:25:11+08:00 ] 192.168.1.169 /index.phpUserV0_1/Goods/getGoods?goods_id=ea730eef7d92c94e7e25b89467145f94
INFO: [ app_init ] --START--
INFO: Run Behavior\BuildLiteBehavior [ RunTime:0.000008s ]
INFO: [ app_init ] --END-- [ RunTime:0.000432s ]
ERR: 无法加载模块:Index.phpUserV0_1

[ 2017-11-06T12:34:57+08:00 ] 192.168.1.169 /index.php/ShoppingBag/addBag
INFO: [ app_init ] --START--
INFO: Run Behavior\BuildLiteBehavior [ RunTime:0.000016s ]
INFO: [ app_init ] --END-- [ RunTime:0.000516s ]
ERR: 无法加载模块:ShoppingBag

[ 2017-11-06T12:35:00+08:00 ] 192.168.1.169 /index.php/ShoppingBag/addBag
INFO: [ app_init ] --START--
INFO: Run Behavior\BuildLiteBehavior [ RunTime:0.000010s ]
INFO: [ app_init ] --END-- [ RunTime:0.000403s ]
ERR: 无法加载模块:ShoppingBag

[ 2017-11-06T12:35:07+08:00 ] 192.168.1.169 /index.php/ShoppingBag/addBag
INFO: [ app_init ] --START--
INFO: Run Behavior\BuildLiteBehavior [ RunTime:0.000009s ]
INFO: [ app_init ] --END-- [ RunTime:0.000407s ]
ERR: 无法加载模块:ShoppingBag

[ 2017-11-06T12:35:24+08:00 ] 192.168.1.169 /index.php/ShoppingBag/addBag
INFO: [ app_init ] --START--
INFO: Run Behavior\BuildLiteBehavior [ RunTime:0.000009s ]
INFO: [ app_init ] --END-- [ RunTime:0.000464s ]
ERR: 无法加载模块:ShoppingBag

[ 2017-11-06T13:06:09+08:00 ] 192.168.1.169 /index.phpUserV0_1/User/getInfo
INFO: [ app_init ] --START--
INFO: Run Behavior\BuildLiteBehavior [ RunTime:0.000010s ]
INFO: [ app_init ] --END-- [ RunTime:0.000356s ]
ERR: 无法加载模块:Index.phpUserV0_1

[ 2017-11-06T13:06:09+08:00 ] 192.168.1.169 /index.phpUserV0_1/Recommend/get
INFO: [ app_init ] --START--
INFO: Run Behavior\BuildLiteBehavior [ RunTime:0.000015s ]
INFO: [ app_init ] --END-- [ RunTime:0.000493s ]
ERR: 无法加载模块:Index.phpUserV0_1

[ 2017-11-06T13:06:09+08:00 ] 192.168.1.169 /index.phpUserV0_1/ShoppingBag/showList
INFO: [ app_init ] --START--
INFO: Run Behavior\BuildLiteBehavior [ RunTime:0.000011s ]
INFO: [ app_init ] --END-- [ RunTime:0.000388s ]
ERR: 无法加载模块:Index.phpUserV0_1

[ 2017-11-06T13:06:09+08:00 ] 192.168.1.169 /index.phpUserV0_1/Nav/get
INFO: [ app_init ] --START--
INFO: Run Behavior\BuildLiteBehavior [ RunTime:0.000012s ]
INFO: [ app_init ] --END-- [ RunTime:0.000334s ]
ERR: 无法加载模块:Index.phpUserV0_1

[ 2017-11-06T13:06:09+08:00 ] 192.168.1.169 /index.phpUserV0_1/Carousel/get
INFO: [ app_init ] --START--
INFO: Run Behavior\BuildLiteBehavior [ RunTime:0.000009s ]
INFO: [ app_init ] --END-- [ RunTime:0.000313s ]
ERR: 无法加载模块:Index.phpUserV0_1

[ 2017-11-06T13:06:13+08:00 ] 192.168.1.169 /index.phpUserV0_1/Recommend/get
INFO: [ app_init ] --START--
INFO: Run Behavior\BuildLiteBehavior [ RunTime:0.000016s ]
INFO: [ app_init ] --END-- [ RunTime:0.000460s ]
ERR: 无法加载模块:Index.phpUserV0_1

[ 2017-11-06T13:06:13+08:00 ] 192.168.1.169 /index.phpUserV0_1/User/getInfo
INFO: [ app_init ] --START--
INFO: Run Behavior\BuildLiteBehavior [ RunTime:0.000011s ]
INFO: [ app_init ] --END-- [ RunTime:0.000407s ]
ERR: 无法加载模块:Index.phpUserV0_1

[ 2017-11-06T13:06:13+08:00 ] 192.168.1.169 /index.phpUserV0_1/ShoppingBag/showList
INFO: [ app_init ] --START--
INFO: Run Behavior\BuildLiteBehavior [ RunTime:0.000011s ]
INFO: [ app_init ] --END-- [ RunTime:0.000373s ]
ERR: 无法加载模块:Index.phpUserV0_1

[ 2017-11-06T13:06:13+08:00 ] 192.168.1.169 /index.phpUserV0_1/Nav/get
INFO: [ app_init ] --START--
INFO: Run Behavior\BuildLiteBehavior [ RunTime:0.000010s ]
INFO: [ app_init ] --END-- [ RunTime:0.000318s ]
ERR: 无法加载模块:Index.phpUserV0_1

[ 2017-11-06T13:06:13+08:00 ] 192.168.1.169 /index.phpUserV0_1/Carousel/get
INFO: [ app_init ] --START--
INFO: Run Behavior\BuildLiteBehavior [ RunTime:0.000025s ]
INFO: [ app_init ] --END-- [ RunTime:0.000468s ]
ERR: 无法加载模块:Index.phpUserV0_1

[ 2017-11-06T13:09:41+08:00 ] 192.168.1.169 /index.phpUserV0_1/Recommend/get
INFO: [ app_init ] --START--
INFO: Run Behavior\BuildLiteBehavior [ RunTime:0.000014s ]
INFO: [ app_init ] --END-- [ RunTime:0.000478s ]
ERR: 无法加载模块:Index.phpUserV0_1

[ 2017-11-06T13:09:41+08:00 ] 192.168.1.169 /index.phpUserV0_1/User/getInfo
INFO: [ app_init ] --START--
INFO: Run Behavior\BuildLiteBehavior [ RunTime:0.000010s ]
INFO: [ app_init ] --END-- [ RunTime:0.000407s ]
ERR: 无法加载模块:Index.phpUserV0_1

[ 2017-11-06T13:09:41+08:00 ] 192.168.1.169 /index.phpUserV0_1/ShoppingBag/showList
INFO: [ app_init ] --START--
INFO: Run Behavior\BuildLiteBehavior [ RunTime:0.000010s ]
INFO: [ app_init ] --END-- [ RunTime:0.000427s ]
ERR: 无法加载模块:Index.phpUserV0_1

[ 2017-11-06T13:09:41+08:00 ] 192.168.1.169 /index.phpUserV0_1/Nav/get
INFO: [ app_init ] --START--
INFO: Run Behavior\BuildLiteBehavior [ RunTime:0.000011s ]
INFO: [ app_init ] --END-- [ RunTime:0.000349s ]
ERR: 无法加载模块:Index.phpUserV0_1

[ 2017-11-06T13:09:41+08:00 ] 192.168.1.169 /index.phpUserV0_1/Carousel/get
INFO: [ app_init ] --START--
INFO: Run Behavior\BuildLiteBehavior [ RunTime:0.000010s ]
INFO: [ app_init ] --END-- [ RunTime:0.000417s ]
ERR: 无法加载模块:Index.phpUserV0_1

[ 2017-11-06T13:09:46+08:00 ] 192.168.1.169 /index.phpUserV0_1/Recommend/get
INFO: [ app_init ] --START--
INFO: Run Behavior\BuildLiteBehavior [ RunTime:0.000011s ]
INFO: [ app_init ] --END-- [ RunTime:0.000355s ]
ERR: 无法加载模块:Index.phpUserV0_1

[ 2017-11-06T13:09:46+08:00 ] 192.168.1.169 /index.phpUserV0_1/Nav/get
INFO: [ app_init ] --START--
INFO: Run Behavior\BuildLiteBehavior [ RunTime:0.000010s ]
INFO: [ app_init ] --END-- [ RunTime:0.000387s ]
ERR: 无法加载模块:Index.phpUserV0_1

[ 2017-11-06T13:09:46+08:00 ] 192.168.1.169 /index.phpUserV0_1/Carousel/get
INFO: [ app_init ] --START--
INFO: Run Behavior\BuildLiteBehavior [ RunTime:0.000016s ]
INFO: [ app_init ] --END-- [ RunTime:0.000520s ]
ERR: 无法加载模块:Index.phpUserV0_1

[ 2017-11-06T13:09:46+08:00 ] 192.168.1.169 /index.phpUserV0_1/User/getInfo
INFO: [ app_init ] --START--
INFO: Run Behavior\BuildLiteBehavior [ RunTime:0.000012s ]
INFO: [ app_init ] --END-- [ RunTime:0.000368s ]
ERR: 无法加载模块:Index.phpUserV0_1

[ 2017-11-06T13:09:46+08:00 ] 192.168.1.169 /index.phpUserV0_1/ShoppingBag/showList
INFO: [ app_init ] --START--
INFO: Run Behavior\BuildLiteBehavior [ RunTime:0.000011s ]
INFO: [ app_init ] --END-- [ RunTime:0.000396s ]
ERR: 无法加载模块:Index.phpUserV0_1

[ 2017-11-06T13:11:48+08:00 ] 192.168.1.169 /index.phpUserV0_1/Recommend/get
INFO: [ app_init ] --START--
INFO: Run Behavior\BuildLiteBehavior [ RunTime:0.000009s ]
INFO: [ app_init ] --END-- [ RunTime:0.000436s ]
ERR: 无法加载模块:Index.phpUserV0_1

[ 2017-11-06T13:11:48+08:00 ] 192.168.1.169 /index.phpUserV0_1/Nav/get
INFO: [ app_init ] --START--
INFO: Run Behavior\BuildLiteBehavior [ RunTime:0.000010s ]
INFO: [ app_init ] --END-- [ RunTime:0.000424s ]
ERR: 无法加载模块:Index.phpUserV0_1

[ 2017-11-06T13:11:49+08:00 ] 192.168.1.169 /index.phpUserV0_1/Carousel/get
INFO: [ app_init ] --START--
INFO: Run Behavior\BuildLiteBehavior [ RunTime:0.000010s ]
INFO: [ app_init ] --END-- [ RunTime:0.000350s ]
ERR: 无法加载模块:Index.phpUserV0_1

[ 2017-11-06T13:11:49+08:00 ] 192.168.1.169 /index.phpUserV0_1/User/getInfo
INFO: [ app_init ] --START--
INFO: Run Behavior\BuildLiteBehavior [ RunTime:0.000009s ]
INFO: [ app_init ] --END-- [ RunTime:0.000402s ]
ERR: 无法加载模块:Index.phpUserV0_1

[ 2017-11-06T13:11:49+08:00 ] 192.168.1.169 /index.phpUserV0_1/ShoppingBag/showList
INFO: [ app_init ] --START--
INFO: Run Behavior\BuildLiteBehavior [ RunTime:0.000009s ]
INFO: [ app_init ] --END-- [ RunTime:0.000423s ]
ERR: 无法加载模块:Index.phpUserV0_1

[ 2017-11-06T13:17:35+08:00 ] 192.168.1.169 /index.phpUserV0_1/Recommend/get
INFO: [ app_init ] --START--
INFO: Run Behavior\BuildLiteBehavior [ RunTime:0.000010s ]
INFO: [ app_init ] --END-- [ RunTime:0.000437s ]
ERR: 无法加载模块:Index.phpUserV0_1

[ 2017-11-06T13:17:35+08:00 ] 192.168.1.169 /index.phpUserV0_1/User/getInfo
INFO: [ app_init ] --START--
INFO: Run Behavior\BuildLiteBehavior [ RunTime:0.000009s ]
INFO: [ app_init ] --END-- [ RunTime:0.000393s ]
ERR: 无法加载模块:Index.phpUserV0_1

[ 2017-11-06T13:17:35+08:00 ] 192.168.1.169 /index.phpUserV0_1/Nav/get
INFO: [ app_init ] --START--
INFO: Run Behavior\BuildLiteBehavior [ RunTime:0.000010s ]
INFO: [ app_init ] --END-- [ RunTime:0.000405s ]
ERR: 无法加载模块:Index.phpUserV0_1

[ 2017-11-06T13:17:35+08:00 ] 192.168.1.169 /index.phpUserV0_1/Carousel/get
INFO: [ app_init ] --START--
INFO: Run Behavior\BuildLiteBehavior [ RunTime:0.000010s ]
INFO: [ app_init ] --END-- [ RunTime:0.000393s ]
ERR: 无法加载模块:Index.phpUserV0_1

[ 2017-11-06T13:17:49+08:00 ] 192.168.1.169 /index.phpUserV0_1/Recommend/get
INFO: [ app_init ] --START--
INFO: Run Behavior\BuildLiteBehavior [ RunTime:0.000010s ]
INFO: [ app_init ] --END-- [ RunTime:0.000375s ]
ERR: 无法加载模块:Index.phpUserV0_1

[ 2017-11-06T13:17:49+08:00 ] 192.168.1.169 /index.phpUserV0_1/User/getInfo
INFO: [ app_init ] --START--
INFO: Run Behavior\BuildLiteBehavior [ RunTime:0.000018s ]
INFO: [ app_init ] --END-- [ RunTime:0.000618s ]
ERR: 无法加载模块:Index.phpUserV0_1

[ 2017-11-06T13:17:49+08:00 ] 192.168.1.169 /index.phpUserV0_1/Nav/get
INFO: [ app_init ] --START--
INFO: Run Behavior\BuildLiteBehavior [ RunTime:0.000011s ]
INFO: [ app_init ] --END-- [ RunTime:0.000348s ]
ERR: 无法加载模块:Index.phpUserV0_1

[ 2017-11-06T13:17:49+08:00 ] 192.168.1.169 /index.phpUserV0_1/Carousel/get
INFO: [ app_init ] --START--
INFO: Run Behavior\BuildLiteBehavior [ RunTime:0.000009s ]
INFO: [ app_init ] --END-- [ RunTime:0.000372s ]
ERR: 无法加载模块:Index.phpUserV0_1

[ 2017-11-06T13:18:38+08:00 ] 192.168.1.169 /index.phpUserV0_1/Carousel/get
INFO: [ app_init ] --START--
INFO: Run Behavior\BuildLiteBehavior [ RunTime:0.000017s ]
INFO: [ app_init ] --END-- [ RunTime:0.000459s ]
ERR: 无法加载模块:Index.phpUserV0_1

[ 2017-11-06T13:18:38+08:00 ] 192.168.1.169 /index.phpUserV0_1/Nav/get
INFO: [ app_init ] --START--
INFO: Run Behavior\BuildLiteBehavior [ RunTime:0.000015s ]
INFO: [ app_init ] --END-- [ RunTime:0.000484s ]
ERR: 无法加载模块:Index.phpUserV0_1

[ 2017-11-06T13:18:38+08:00 ] 192.168.1.169 /index.phpUserV0_1/User/getInfo
INFO: [ app_init ] --START--
INFO: Run Behavior\BuildLiteBehavior [ RunTime:0.000013s ]
INFO: [ app_init ] --END-- [ RunTime:0.000472s ]
ERR: 无法加载模块:Index.phpUserV0_1

[ 2017-11-06T13:18:38+08:00 ] 192.168.1.169 /index.phpUserV0_1/Recommend/get
INFO: [ app_init ] --START--
INFO: Run Behavior\BuildLiteBehavior [ RunTime:0.000019s ]
INFO: [ app_init ] --END-- [ RunTime:0.000610s ]
ERR: 无法加载模块:Index.phpUserV0_1

[ 2017-11-06T13:20:25+08:00 ] 192.168.1.169 /index.phpUserV0_1/Recommend/get
INFO: [ app_init ] --START--
INFO: Run Behavior\BuildLiteBehavior [ RunTime:0.000010s ]
INFO: [ app_init ] --END-- [ RunTime:0.000336s ]
ERR: 无法加载模块:Index.phpUserV0_1

[ 2017-11-06T13:20:25+08:00 ] 192.168.1.169 /index.phpUserV0_1/User/getInfo
INFO: [ app_init ] --START--
INFO: Run Behavior\BuildLiteBehavior [ RunTime:0.000018s ]
INFO: [ app_init ] --END-- [ RunTime:0.000534s ]
ERR: 无法加载模块:Index.phpUserV0_1

[ 2017-11-06T13:20:25+08:00 ] 192.168.1.169 /index.phpUserV0_1/Nav/get
INFO: [ app_init ] --START--
INFO: Run Behavior\BuildLiteBehavior [ RunTime:0.000009s ]
INFO: [ app_init ] --END-- [ RunTime:0.000419s ]
ERR: 无法加载模块:Index.phpUserV0_1

[ 2017-11-06T13:20:25+08:00 ] 192.168.1.169 /index.phpUserV0_1/Carousel/get
INFO: [ app_init ] --START--
INFO: Run Behavior\BuildLiteBehavior [ RunTime:0.000009s ]
INFO: [ app_init ] --END-- [ RunTime:0.000387s ]
ERR: 无法加载模块:Index.phpUserV0_1

[ 2017-11-06T13:23:24+08:00 ] 192.168.1.169 /index.phpUserV0_1/Recommend/get
INFO: [ app_init ] --START--
INFO: Run Behavior\BuildLiteBehavior [ RunTime:0.000021s ]
INFO: [ app_init ] --END-- [ RunTime:0.000627s ]
ERR: 无法加载模块:Index.phpUserV0_1

[ 2017-11-06T13:23:24+08:00 ] 192.168.1.169 /index.phpUserV0_1/User/getInfo
INFO: [ app_init ] --START--
INFO: Run Behavior\BuildLiteBehavior [ RunTime:0.000019s ]
INFO: [ app_init ] --END-- [ RunTime:0.000556s ]
ERR: 无法加载模块:Index.phpUserV0_1

[ 2017-11-06T13:23:24+08:00 ] 192.168.1.169 /index.phpUserV0_1/Nav/get
INFO: [ app_init ] --START--
INFO: Run Behavior\BuildLiteBehavior [ RunTime:0.000018s ]
INFO: [ app_init ] --END-- [ RunTime:0.000549s ]
ERR: 无法加载模块:Index.phpUserV0_1

[ 2017-11-06T13:23:24+08:00 ] 192.168.1.169 /index.phpUserV0_1/Carousel/get
INFO: [ app_init ] --START--
INFO: Run Behavior\BuildLiteBehavior [ RunTime:0.000016s ]
INFO: [ app_init ] --END-- [ RunTime:0.000490s ]
ERR: 无法加载模块:Index.phpUserV0_1

[ 2017-11-06T13:24:17+08:00 ] 192.168.1.169 /index.phpUserV0_1/Carousel/get
INFO: [ app_init ] --START--
INFO: Run Behavior\BuildLiteBehavior [ RunTime:0.000017s ]
INFO: [ app_init ] --END-- [ RunTime:0.000523s ]
ERR: 无法加载模块:Index.phpUserV0_1

[ 2017-11-06T13:24:17+08:00 ] 192.168.1.169 /index.phpUserV0_1/User/getInfo
INFO: [ app_init ] --START--
INFO: Run Behavior\BuildLiteBehavior [ RunTime:0.000016s ]
INFO: [ app_init ] --END-- [ RunTime:0.000544s ]
ERR: 无法加载模块:Index.phpUserV0_1

[ 2017-11-06T13:24:17+08:00 ] 192.168.1.169 /index.phpUserV0_1/Recommend/get
INFO: [ app_init ] --START--
INFO: Run Behavior\BuildLiteBehavior [ RunTime:0.000018s ]
INFO: [ app_init ] --END-- [ RunTime:0.000512s ]
ERR: 无法加载模块:Index.phpUserV0_1

[ 2017-11-06T13:24:17+08:00 ] 192.168.1.169 /index.phpUserV0_1/Nav/get
INFO: [ app_init ] --START--
INFO: Run Behavior\BuildLiteBehavior [ RunTime:0.000016s ]
INFO: [ app_init ] --END-- [ RunTime:0.000549s ]
ERR: 无法加载模块:Index.phpUserV0_1

[ 2017-11-06T13:25:41+08:00 ] 192.168.1.169 /index.phpUserV0_1/Recommend/get
INFO: [ app_init ] --START--
INFO: Run Behavior\BuildLiteBehavior [ RunTime:0.000014s ]
INFO: [ app_init ] --END-- [ RunTime:0.000467s ]
ERR: 无法加载模块:Index.phpUserV0_1

[ 2017-11-06T13:25:41+08:00 ] 192.168.1.169 /index.phpUserV0_1/User/getInfo
INFO: [ app_init ] --START--
INFO: Run Behavior\BuildLiteBehavior [ RunTime:0.000014s ]
INFO: [ app_init ] --END-- [ RunTime:0.000475s ]
ERR: 无法加载模块:Index.phpUserV0_1

[ 2017-11-06T13:25:41+08:00 ] 192.168.1.169 /index.phpUserV0_1/Nav/get
INFO: [ app_init ] --START--
INFO: Run Behavior\BuildLiteBehavior [ RunTime:0.000011s ]
INFO: [ app_init ] --END-- [ RunTime:0.000446s ]
ERR: 无法加载模块:Index.phpUserV0_1

[ 2017-11-06T13:25:41+08:00 ] 192.168.1.169 /index.phpUserV0_1/Carousel/get
INFO: [ app_init ] --START--
INFO: Run Behavior\BuildLiteBehavior [ RunTime:0.000009s ]
INFO: [ app_init ] --END-- [ RunTime:0.000402s ]
ERR: 无法加载模块:Index.phpUserV0_1

[ 2017-11-06T13:27:51+08:00 ] 192.168.1.169 /index.phpUserV0_1/User/getInfo
INFO: [ app_init ] --START--
INFO: Run Behavior\BuildLiteBehavior [ RunTime:0.000014s ]
INFO: [ app_init ] --END-- [ RunTime:0.000553s ]
ERR: 无法加载模块:Index.phpUserV0_1

[ 2017-11-06T13:27:51+08:00 ] 192.168.1.169 /index.phpUserV0_1/Recommend/get
INFO: [ app_init ] --START--
INFO: Run Behavior\BuildLiteBehavior [ RunTime:0.000014s ]
INFO: [ app_init ] --END-- [ RunTime:0.000570s ]
ERR: 无法加载模块:Index.phpUserV0_1

[ 2017-11-06T13:27:51+08:00 ] 192.168.1.169 /index.phpUserV0_1/Nav/get
INFO: [ app_init ] --START--
INFO: Run Behavior\BuildLiteBehavior [ RunTime:0.000010s ]
INFO: [ app_init ] --END-- [ RunTime:0.000337s ]
ERR: 无法加载模块:Index.phpUserV0_1

[ 2017-11-06T13:27:51+08:00 ] 192.168.1.169 /index.phpUserV0_1/Carousel/get
INFO: [ app_init ] --START--
INFO: Run Behavior\BuildLiteBehavior [ RunTime:0.000010s ]
INFO: [ app_init ] --END-- [ RunTime:0.000319s ]
ERR: 无法加载模块:Index.phpUserV0_1

[ 2017-11-06T13:42:08+08:00 ] 192.168.1.169 /index.phpUserV0_1/Recommend/get
INFO: [ app_init ] --START--
INFO: Run Behavior\BuildLiteBehavior [ RunTime:0.000009s ]
INFO: [ app_init ] --END-- [ RunTime:0.000433s ]
ERR: 无法加载模块:Index.phpUserV0_1

[ 2017-11-06T13:42:08+08:00 ] 192.168.1.169 /index.phpUserV0_1/User/getInfo
INFO: [ app_init ] --START--
INFO: Run Behavior\BuildLiteBehavior [ RunTime:0.000009s ]
INFO: [ app_init ] --END-- [ RunTime:0.000418s ]
ERR: 无法加载模块:Index.phpUserV0_1

[ 2017-11-06T13:42:08+08:00 ] 192.168.1.169 /index.phpUserV0_1/Nav/get
INFO: [ app_init ] --START--
INFO: Run Behavior\BuildLiteBehavior [ RunTime:0.000010s ]
INFO: [ app_init ] --END-- [ RunTime:0.000408s ]
ERR: 无法加载模块:Index.phpUserV0_1

[ 2017-11-06T13:42:08+08:00 ] 192.168.1.169 /index.phpUserV0_1/Carousel/get
INFO: [ app_init ] --START--
INFO: Run Behavior\BuildLiteBehavior [ RunTime:0.000009s ]
INFO: [ app_init ] --END-- [ RunTime:0.000425s ]
ERR: 无法加载模块:Index.phpUserV0_1

[ 2017-11-06T13:43:13+08:00 ] 192.168.1.169 /index.phpUserV0_1/User/getInfo
INFO: [ app_init ] --START--
INFO: Run Behavior\BuildLiteBehavior [ RunTime:0.000014s ]
INFO: [ app_init ] --END-- [ RunTime:0.000496s ]
ERR: 无法加载模块:Index.phpUserV0_1

[ 2017-11-06T13:43:13+08:00 ] 192.168.1.169 /index.phpUserV0_1/Recommend/get
INFO: [ app_init ] --START--
INFO: Run Behavior\BuildLiteBehavior [ RunTime:0.000015s ]
INFO: [ app_init ] --END-- [ RunTime:0.000519s ]
ERR: 无法加载模块:Index.phpUserV0_1

[ 2017-11-06T13:43:13+08:00 ] 192.168.1.169 /index.phpUserV0_1/Carousel/get
INFO: [ app_init ] --START--
INFO: Run Behavior\BuildLiteBehavior [ RunTime:0.000010s ]
INFO: [ app_init ] --END-- [ RunTime:0.000326s ]
ERR: 无法加载模块:Index.phpUserV0_1

[ 2017-11-06T13:43:44+08:00 ] 192.168.1.169 /index.phpUserV0_1/Recommend/get
INFO: [ app_init ] --START--
INFO: Run Behavior\BuildLiteBehavior [ RunTime:0.000013s ]
INFO: [ app_init ] --END-- [ RunTime:0.000341s ]
ERR: 无法加载模块:Index.phpUserV0_1

[ 2017-11-06T13:43:44+08:00 ] 192.168.1.169 /index.phpUserV0_1/User/getInfo
INFO: [ app_init ] --START--
INFO: Run Behavior\BuildLiteBehavior [ RunTime:0.000015s ]
INFO: [ app_init ] --END-- [ RunTime:0.000359s ]
ERR: 无法加载模块:Index.phpUserV0_1

[ 2017-11-06T13:43:44+08:00 ] 192.168.1.169 /index.phpUserV0_1/Nav/get
INFO: [ app_init ] --START--
INFO: Run Behavior\BuildLiteBehavior [ RunTime:0.000009s ]
INFO: [ app_init ] --END-- [ RunTime:0.000354s ]
ERR: 无法加载模块:Index.phpUserV0_1

[ 2017-11-06T13:43:44+08:00 ] 192.168.1.169 /index.phpUserV0_1/Carousel/get
INFO: [ app_init ] --START--
INFO: Run Behavior\BuildLiteBehavior [ RunTime:0.000009s ]
INFO: [ app_init ] --END-- [ RunTime:0.000319s ]
ERR: 无法加载模块:Index.phpUserV0_1

[ 2017-11-06T13:43:52+08:00 ] 192.168.1.169 /index.phpUserV0_1/Recommend/get
INFO: [ app_init ] --START--
INFO: Run Behavior\BuildLiteBehavior [ RunTime:0.000011s ]
INFO: [ app_init ] --END-- [ RunTime:0.000331s ]
ERR: 无法加载模块:Index.phpUserV0_1

[ 2017-11-06T13:43:52+08:00 ] 192.168.1.169 /index.phpUserV0_1/User/getInfo
INFO: [ app_init ] --START--
INFO: Run Behavior\BuildLiteBehavior [ RunTime:0.000015s ]
INFO: [ app_init ] --END-- [ RunTime:0.000503s ]
ERR: 无法加载模块:Index.phpUserV0_1

[ 2017-11-06T13:43:52+08:00 ] 192.168.1.169 /index.phpUserV0_1/Nav/get
INFO: [ app_init ] --START--
INFO: Run Behavior\BuildLiteBehavior [ RunTime:0.000016s ]
INFO: [ app_init ] --END-- [ RunTime:0.000424s ]
ERR: 无法加载模块:Index.phpUserV0_1

[ 2017-11-06T13:43:52+08:00 ] 192.168.1.169 /index.phpUserV0_1/Carousel/get
INFO: [ app_init ] --START--
INFO: Run Behavior\BuildLiteBehavior [ RunTime:0.000014s ]
INFO: [ app_init ] --END-- [ RunTime:0.000489s ]
ERR: 无法加载模块:Index.phpUserV0_1

[ 2017-11-06T13:44:04+08:00 ] 192.168.1.169 /index.phpUserV0_1/Nav/get
INFO: [ app_init ] --START--
INFO: Run Behavior\BuildLiteBehavior [ RunTime:0.000016s ]
INFO: [ app_init ] --END-- [ RunTime:0.000479s ]
ERR: 无法加载模块:Index.phpUserV0_1

[ 2017-11-06T13:44:04+08:00 ] 192.168.1.169 /index.phpUserV0_1/Carousel/get
INFO: [ app_init ] --START--
INFO: Run Behavior\BuildLiteBehavior [ RunTime:0.000018s ]
INFO: [ app_init ] --END-- [ RunTime:0.000566s ]
ERR: 无法加载模块:Index.phpUserV0_1

[ 2017-11-06T13:44:04+08:00 ] 192.168.1.169 /index.phpUserV0_1/Recommend/get
INFO: [ app_init ] --START--
INFO: Run Behavior\BuildLiteBehavior [ RunTime:0.000015s ]
INFO: [ app_init ] --END-- [ RunTime:0.000460s ]
ERR: 无法加载模块:Index.phpUserV0_1

[ 2017-11-06T13:44:04+08:00 ] 192.168.1.169 /index.phpUserV0_1/User/getInfo
INFO: [ app_init ] --START--
INFO: Run Behavior\BuildLiteBehavior [ RunTime:0.000018s ]
INFO: [ app_init ] --END-- [ RunTime:0.000492s ]
ERR: 无法加载模块:Index.phpUserV0_1

[ 2017-11-06T13:44:40+08:00 ] 192.168.1.169 /index.phpUserV0_1/Recommend/get
INFO: [ app_init ] --START--
INFO: Run Behavior\BuildLiteBehavior [ RunTime:0.000010s ]
INFO: [ app_init ] --END-- [ RunTime:0.000322s ]
ERR: 无法加载模块:Index.phpUserV0_1

[ 2017-11-06T13:44:40+08:00 ] 192.168.1.169 /index.phpUserV0_1/User/getInfo
INFO: [ app_init ] --START--
INFO: Run Behavior\BuildLiteBehavior [ RunTime:0.000014s ]
INFO: [ app_init ] --END-- [ RunTime:0.000448s ]
ERR: 无法加载模块:Index.phpUserV0_1

[ 2017-11-06T13:44:40+08:00 ] 192.168.1.169 /index.phpUserV0_1/Nav/get
INFO: [ app_init ] --START--
INFO: Run Behavior\BuildLiteBehavior [ RunTime:0.000010s ]
INFO: [ app_init ] --END-- [ RunTime:0.000351s ]
ERR: 无法加载模块:Index.phpUserV0_1

[ 2017-11-06T13:44:40+08:00 ] 192.168.1.169 /index.phpUserV0_1/Carousel/get
INFO: [ app_init ] --START--
INFO: Run Behavior\BuildLiteBehavior [ RunTime:0.000010s ]
INFO: [ app_init ] --END-- [ RunTime:0.000329s ]
ERR: 无法加载模块:Index.phpUserV0_1

[ 2017-11-06T13:45:04+08:00 ] 192.168.1.169 /index.phpUserV0_1/Recommend/get
INFO: [ app_init ] --START--
INFO: Run Behavior\BuildLiteBehavior [ RunTime:0.000016s ]
INFO: [ app_init ] --END-- [ RunTime:0.000477s ]
ERR: 无法加载模块:Index.phpUserV0_1

[ 2017-11-06T13:45:04+08:00 ] 192.168.1.169 /index.phpUserV0_1/User/getInfo
INFO: [ app_init ] --START--
INFO: Run Behavior\BuildLiteBehavior [ RunTime:0.000011s ]
INFO: [ app_init ] --END-- [ RunTime:0.000452s ]
ERR: 无法加载模块:Index.phpUserV0_1

[ 2017-11-06T13:45:04+08:00 ] 192.168.1.169 /index.phpUserV0_1/Nav/get
INFO: [ app_init ] --START--
INFO: Run Behavior\BuildLiteBehavior [ RunTime:0.000010s ]
INFO: [ app_init ] --END-- [ RunTime:0.000341s ]
ERR: 无法加载模块:Index.phpUserV0_1

[ 2017-11-06T13:45:04+08:00 ] 192.168.1.169 /index.phpUserV0_1/Carousel/get
INFO: [ app_init ] --START--
INFO: Run Behavior\BuildLiteBehavior [ RunTime:0.000011s ]
INFO: [ app_init ] --END-- [ RunTime:0.000339s ]
ERR: 无法加载模块:Index.phpUserV0_1

[ 2017-11-06T13:45:27+08:00 ] 192.168.1.169 /index.phpUserV0_1/Recommend/get
INFO: [ app_init ] --START--
INFO: Run Behavior\BuildLiteBehavior [ RunTime:0.000015s ]
INFO: [ app_init ] --END-- [ RunTime:0.000467s ]
ERR: 无法加载模块:Index.phpUserV0_1

[ 2017-11-06T13:45:27+08:00 ] 192.168.1.169 /index.phpUserV0_1/User/getInfo
INFO: [ app_init ] --START--
INFO: Run Behavior\BuildLiteBehavior [ RunTime:0.000015s ]
INFO: [ app_init ] --END-- [ RunTime:0.000539s ]
ERR: 无法加载模块:Index.phpUserV0_1

[ 2017-11-06T13:45:27+08:00 ] 192.168.1.169 /index.phpUserV0_1/Nav/get
INFO: [ app_init ] --START--
INFO: Run Behavior\BuildLiteBehavior [ RunTime:0.000009s ]
INFO: [ app_init ] --END-- [ RunTime:0.000522s ]
ERR: 无法加载模块:Index.phpUserV0_1

1

[ 2017-11-06T13:45:55+08:00 ] 192.168.1.169 /index.phpUserV0_1/User/getInfo
INFO: [ app_init ] --START--
INFO: Run Behavior\BuildLiteBehavior [ RunTime:0.000010s ]
INFO: [ app_init ] --END-- [ RunTime:0.000341s ]
ERR: 无法加载模块:Index.phpUserV0_1


[ 2017-11-06T13:45:56+08:00 ] 192.168.1.169 /index.phpUserV0_1/Carousel/get
INFO: [ app_init ] --START--
INFO: Run Behavior\BuildLiteBehavior [ RunTime:0.000015s ]
INFO: [ app_init ] --END-- [ RunTime:0.000494s ]
ERR: 无法加载模块:Index.phpUserV0_1

[ 2017-11-06T13:45:56+08:00 ] 192.168.1.169 /index.phpUserV0_1/Nav/get
INFO: [ app_init ] --START--
INFO: Run Behavior\BuildLiteBehavior [ RunTime:0.000010s ]
INFO: [ app_init ] --END-- [ RunTime:0.000362s ]
ERR: 无法加载模块:Index.phpUserV0_1

[ 2017-11-06T13:47:28+08:00 ] 192.168.1.169 /index.phpUserV0_1/Recommend/get
INFO: [ app_init ] --START--
INFO: Run Behavior\BuildLiteBehavior [ RunTime:0.000009s ]
INFO: [ app_init ] --END-- [ RunTime:0.000407s ]
ERR: 无法加载模块:Index.phpUserV0_1

[ 2017-11-06T13:47:28+08:00 ] 192.168.1.169 /index.phpUserV0_1/User/getInfo
INFO: [ app_init ] --START--
INFO: Run Behavior\BuildLiteBehavior [ RunTime:0.000008s ]
INFO: [ app_init ] --END-- [ RunTime:0.000398s ]
ERR: 无法加载模块:Index.phpUserV0_1

[ 2017-11-06T13:47:28+08:00 ] 192.168.1.169 /index.phpUserV0_1/Nav/get
INFO: [ app_init ] --START--
INFO: Run Behavior\BuildLiteBehavior [ RunTime:0.000009s ]
INFO: [ app_init ] --END-- [ RunTime:0.000323s ]
ERR: 无法加载模块:Index.phpUserV0_1

[ 2017-11-06T13:47:28+08:00 ] 192.168.1.169 /index.phpUserV0_1/Carousel/get
INFO: [ app_init ] --START--
INFO: Run Behavior\BuildLiteBehavior [ RunTime:0.000009s ]
INFO: [ app_init ] --END-- [ RunTime:0.000382s ]
ERR: 无法加载模块:Index.phpUserV0_1

[ 2017-11-06T13:47:59+08:00 ] 192.168.1.169 /index.phpUserV0_1/Carousel/get
INFO: [ app_init ] --START--
INFO: Run Behavior\BuildLiteBehavior [ RunTime:0.000011s ]
INFO: [ app_init ] --END-- [ RunTime:0.000486s ]
ERR: 无法加载模块:Index.phpUserV0_1

[ 2017-11-06T13:47:59+08:00 ] 192.168.1.169 /index.phpUserV0_1/Nav/get
INFO: [ app_init ] --START--
INFO: Run Behavior\BuildLiteBehavior [ RunTime:0.000016s ]
INFO: [ app_init ] --END-- [ RunTime:0.000562s ]
ERR: 无法加载模块:Index.phpUserV0_1

[ 2017-11-06T13:47:59+08:00 ] 192.168.1.169 /index.phpUserV0_1/Recommend/get
INFO: [ app_init ] --START--
INFO: Run Behavior\BuildLiteBehavior [ RunTime:0.000014s ]
INFO: [ app_init ] --END-- [ RunTime:0.000517s ]
ERR: 无法加载模块:Index.phpUserV0_1

[ 2017-11-06T13:47:59+08:00 ] 192.168.1.169 /index.phpUserV0_1/User/getInfo
INFO: [ app_init ] --START--
INFO: Run Behavior\BuildLiteBehavior [ RunTime:0.000010s ]
INFO: [ app_init ] --END-- [ RunTime:0.000392s ]
ERR: 无法加载模块:Index.phpUserV0_1

[ 2017-11-06T13:48:54+08:00 ] 192.168.1.169 /index.phpUserV0_1/User/getInfo
INFO: [ app_init ] --START--
INFO: Run Behavior\BuildLiteBehavior [ RunTime:0.000015s ]
INFO: [ app_init ] --END-- [ RunTime:0.000458s ]
ERR: 无法加载模块:Index.phpUserV0_1

[ 2017-11-06T13:48:54+08:00 ] 192.168.1.169 /index.phpUserV0_1/Recommend/get
INFO: [ app_init ] --START--
INFO: Run Behavior\BuildLiteBehavior [ RunTime:0.000015s ]
INFO: [ app_init ] --END-- [ RunTime:0.000566s ]
ERR: 无法加载模块:Index.phpUserV0_1

[ 2017-11-06T13:48:54+08:00 ] 192.168.1.169 /index.phpUserV0_1/Carousel/get
INFO: [ app_init ] --START--
INFO: Run Behavior\BuildLiteBehavior [ RunTime:0.000015s ]
INFO: [ app_init ] --END-- [ RunTime:0.000483s ]
ERR: 无法加载模块:Index.phpUserV0_1

[ 2017-11-06T13:49:26+08:00 ] 192.168.1.169 /index.phpUserV0_1/Recommend/get
INFO: [ app_init ] --START--
INFO: Run Behavior\BuildLiteBehavior [ RunTime:0.000010s ]
INFO: [ app_init ] --END-- [ RunTime:0.000330s ]
ERR: 无法加载模块:Index.phpUserV0_1

[ 2017-11-06T13:49:26+08:00 ] 192.168.1.169 /index.phpUserV0_1/User/getInfo
INFO: [ app_init ] --START--
INFO: Run Behavior\BuildLiteBehavior [ RunTime:0.000014s ]
INFO: [ app_init ] --END-- [ RunTime:0.000437s ]
ERR: 无法加载模块:Index.phpUserV0_1

[ 2017-11-06T13:49:26+08:00 ] 192.168.1.169 /index.phpUserV0_1/Nav/get
INFO: [ app_init ] --START--
INFO: Run Behavior\BuildLiteBehavior [ RunTime:0.000016s ]
INFO: [ app_init ] --END-- [ RunTime:0.000466s ]
ERR: 无法加载模块:Index.phpUserV0_1

[ 2017-11-06T13:49:26+08:00 ] 192.168.1.169 /index.phpUserV0_1/Carousel/get
INFO: [ app_init ] --START--
INFO: Run Behavior\BuildLiteBehavior [ RunTime:0.000017s ]
INFO: [ app_init ] --END-- [ RunTime:0.000469s ]
ERR: 无法加载模块:Index.phpUserV0_1

[ 2017-11-06T13:49:34+08:00 ] 192.168.1.169 /index.phpUserV0_1/Recommend/get
INFO: [ app_init ] --START--
INFO: Run Behavior\BuildLiteBehavior [ RunTime:0.000009s ]
INFO: [ app_init ] --END-- [ RunTime:0.000452s ]
ERR: 无法加载模块:Index.phpUserV0_1

[ 2017-11-06T13:49:34+08:00 ] 192.168.1.169 /index.phpUserV0_1/User/getInfo
INFO: [ app_init ] --START--
INFO: Run Behavior\BuildLiteBehavior [ RunTime:0.000010s ]
INFO: [ app_init ] --END-- [ RunTime:0.000349s ]
ERR: 无法加载模块:Index.phpUserV0_1

[ 2017-11-06T13:49:34+08:00 ] 192.168.1.169 /index.phpUserV0_1/Nav/get
INFO: [ app_init ] --START--
INFO: Run Behavior\BuildLiteBehavior [ RunTime:0.000010s ]
INFO: [ app_init ] --END-- [ RunTime:0.000316s ]
ERR: 无法加载模块:Index.phpUserV0_1

[ 2017-11-06T13:49:34+08:00 ] 192.168.1.169 /index.phpUserV0_1/Carousel/get
INFO: [ app_init ] --START--
INFO: Run Behavior\BuildLiteBehavior [ RunTime:0.000016s ]
INFO: [ app_init ] --END-- [ RunTime:0.000410s ]
ERR: 无法加载模块:Index.phpUserV0_1

[ 2017-11-06T13:50:02+08:00 ] 192.168.1.169 /index.phpUserV0_1/Recommend/get
INFO: [ app_init ] --START--
INFO: Run Behavior\BuildLiteBehavior [ RunTime:0.000011s ]
INFO: [ app_init ] --END-- [ RunTime:0.000442s ]
ERR: 无法加载模块:Index.phpUserV0_1

[ 2017-11-06T13:50:02+08:00 ] 192.168.1.169 /index.phpUserV0_1/User/getInfo
INFO: [ app_init ] --START--
INFO: Run Behavior\BuildLiteBehavior [ RunTime:0.000010s ]
INFO: [ app_init ] --END-- [ RunTime:0.000361s ]
ERR: 无法加载模块:Index.phpUserV0_1

[ 2017-11-06T13:50:02+08:00 ] 192.168.1.169 /index.phpUserV0_1/Nav/get
INFO: [ app_init ] --START--
INFO: Run Behavior\BuildLiteBehavior [ RunTime:0.000009s ]
INFO: [ app_init ] --END-- [ RunTime:0.000375s ]
ERR: 无法加载模块:Index.phpUserV0_1

[ 2017-11-06T13:50:02+08:00 ] 192.168.1.169 /index.phpUserV0_1/Carousel/get
INFO: [ app_init ] --START--
INFO: Run Behavior\BuildLiteBehavior [ RunTime:0.000016s ]
INFO: [ app_init ] --END-- [ RunTime:0.000487s ]
ERR: 无法加载模块:Index.phpUserV0_1

[ 2017-11-06T13:50:18+08:00 ] 192.168.1.169 /index.phpUserV0_1/Recommend/get
INFO: [ app_init ] --START--
INFO: Run Behavior\BuildLiteBehavior [ RunTime:0.000010s ]
INFO: [ app_init ] --END-- [ RunTime:0.000341s ]
ERR: 无法加载模块:Index.phpUserV0_1

[ 2017-11-06T13:50:18+08:00 ] 192.168.1.169 /index.phpUserV0_1/User/getInfo
INFO: [ app_init ] --START--
INFO: Run Behavior\BuildLiteBehavior [ RunTime:0.000017s ]
INFO: [ app_init ] --END-- [ RunTime:0.000480s ]
ERR: 无法加载模块:Index.phpUserV0_1

[ 2017-11-06T13:50:18+08:00 ] 192.168.1.169 /index.phpUserV0_1/Nav/get
INFO: [ app_init ] --START--
INFO: Run Behavior\BuildLiteBehavior [ RunTime:0.000009s ]
INFO: [ app_init ] --END-- [ RunTime:0.000312s ]
ERR: 无法加载模块:Index.phpUserV0_1

1

[ 2017-11-06T13:51:09+08:00 ] 192.168.1.169 /index.phpUserV0_1/Recommend/get
INFO: [ app_init ] --START--
INFO: Run Behavior\BuildLiteBehavior [ RunTime:0.000014s ]
INFO: [ app_init ] --END-- [ RunTime:0.000474s ]
ERR: 无法加载模块:Index.phpUserV0_1

[ 2017-11-06T13:51:09+08:00 ] 192.168.1.169 /index.phpUserV0_1/User/getInfo
INFO: [ app_init ] --START--
INFO: Run Behavior\BuildLiteBehavior [ RunTime:0.000011s ]
INFO: [ app_init ] --END-- [ RunTime:0.000324s ]
ERR: 无法加载模块:Index.phpUserV0_1

[ 2017-11-06T13:51:09+08:00 ] 192.168.1.169 /index.phpUserV0_1/Nav/get
INFO: [ app_init ] --START--
INFO: Run Behavior\BuildLiteBehavior [ RunTime:0.000010s ]
INFO: [ app_init ] --END-- [ RunTime:0.000330s ]
ERR: 无法加载模块:Index.phpUserV0_1

[ 2017-11-06T13:51:09+08:00 ] 192.168.1.169 /index.phpUserV0_1/Carousel/get
INFO: [ app_init ] --START--
INFO: Run Behavior\BuildLiteBehavior [ RunTime:0.000012s ]
INFO: [ app_init ] --END-- [ RunTime:0.000375s ]
ERR: 无法加载模块:Index.phpUserV0_1

[ 2017-11-06T13:51:57+08:00 ] 192.168.1.169 /index.phpUserV0_1/Recommend/get
INFO: [ app_init ] --START--
INFO: Run Behavior\BuildLiteBehavior [ RunTime:0.000016s ]
INFO: [ app_init ] --END-- [ RunTime:0.000548s ]
ERR: 无法加载模块:Index.phpUserV0_1

[ 2017-11-06T13:51:57+08:00 ] 192.168.1.169 /index.phpUserV0_1/User/getInfo
INFO: [ app_init ] --START--
INFO: Run Behavior\BuildLiteBehavior [ RunTime:0.000012s ]
INFO: [ app_init ] --END-- [ RunTime:0.000361s ]
ERR: 无法加载模块:Index.phpUserV0_1

[ 2017-11-06T13:51:57+08:00 ] 192.168.1.169 /index.phpUserV0_1/Nav/get
INFO: [ app_init ] --START--
INFO: Run Behavior\BuildLiteBehavior [ RunTime:0.000010s ]
INFO: [ app_init ] --END-- [ RunTime:0.000365s ]
ERR: 无法加载模块:Index.phpUserV0_1

[ 2017-11-06T13:51:57+08:00 ] 192.168.1.169 /index.phpUserV0_1/Carousel/get
INFO: [ app_init ] --START--
INFO: Run Behavior\BuildLiteBehavior [ RunTime:0.000010s ]
INFO: [ app_init ] --END-- [ RunTime:0.000331s ]
ERR: 无法加载模块:Index.phpUserV0_1

[ 2017-11-06T13:52:25+08:00 ] 192.168.1.169 /index.phpUserV0_1/Recommend/get
INFO: [ app_init ] --START--
INFO: Run Behavior\BuildLiteBehavior [ RunTime:0.000011s ]
INFO: [ app_init ] --END-- [ RunTime:0.000377s ]
ERR: 无法加载模块:Index.phpUserV0_1

[ 2017-11-06T13:52:25+08:00 ] 192.168.1.169 /index.phpUserV0_1/User/getInfo
INFO: [ app_init ] --START--
INFO: Run Behavior\BuildLiteBehavior [ RunTime:0.000010s ]
INFO: [ app_init ] --END-- [ RunTime:0.000369s ]
ERR: 无法加载模块:Index.phpUserV0_1

[ 2017-11-06T13:52:25+08:00 ] 192.168.1.169 /index.phpUserV0_1/Nav/get
INFO: [ app_init ] --START--
INFO: Run Behavior\BuildLiteBehavior [ RunTime:0.000010s ]
INFO: [ app_init ] --END-- [ RunTime:0.000332s ]
ERR: 无法加载模块:Index.phpUserV0_1

[ 2017-11-06T13:52:25+08:00 ] 192.168.1.169 /index.phpUserV0_1/Carousel/get
INFO: [ app_init ] --START--
INFO: Run Behavior\BuildLiteBehavior [ RunTime:0.000009s ]
INFO: [ app_init ] --END-- [ RunTime:0.000335s ]
ERR: 无法加载模块:Index.phpUserV0_1

[ 2017-11-06T13:52:42+08:00 ] 192.168.1.169 /index.phpUserV0_1/Recommend/get
INFO: [ app_init ] --START--
INFO: Run Behavior\BuildLiteBehavior [ RunTime:0.000010s ]
INFO: [ app_init ] --END-- [ RunTime:0.000330s ]
ERR: 无法加载模块:Index.phpUserV0_1

[ 2017-11-06T13:52:42+08:00 ] 192.168.1.169 /index.phpUserV0_1/User/getInfo
INFO: [ app_init ] --START--
INFO: Run Behavior\BuildLiteBehavior [ RunTime:0.000015s ]
INFO: [ app_init ] --END-- [ RunTime:0.000470s ]
ERR: 无法加载模块:Index.phpUserV0_1

[ 2017-11-06T13:52:42+08:00 ] 192.168.1.169 /index.phpUserV0_1/Carousel/get
INFO: [ app_init ] --START--
INFO: Run Behavior\BuildLiteBehavior [ RunTime:0.000009s ]
INFO: [ app_init ] --END-- [ RunTime:0.000309s ]
ERR: 无法加载模块:Index.phpUserV0_1

[ 2017-11-06T13:52:54+08:00 ] 192.168.1.169 /index.phpUserV0_1/Recommend/get
INFO: [ app_init ] --START--
INFO: Run Behavior\BuildLiteBehavior [ RunTime:0.000011s ]
INFO: [ app_init ] --END-- [ RunTime:0.000335s ]
ERR: 无法加载模块:Index.phpUserV0_1

[ 2017-11-06T13:52:54+08:00 ] 192.168.1.169 /index.phpUserV0_1/User/getInfo
INFO: [ app_init ] --START--
INFO: Run Behavior\BuildLiteBehavior [ RunTime:0.000016s ]
INFO: [ app_init ] --END-- [ RunTime:0.000458s ]
ERR: 无法加载模块:Index.phpUserV0_1

[ 2017-11-06T13:52:54+08:00 ] 192.168.1.169 /index.phpUserV0_1/Nav/get
INFO: [ app_init ] --START--
INFO: Run Behavior\BuildLiteBehavior [ RunTime:0.000010s ]
INFO: [ app_init ] --END-- [ RunTime:0.000473s ]
ERR: 无法加载模块:Index.phpUserV0_1

[ 2017-11-06T13:52:54+08:00 ] 192.168.1.169 /index.phpUserV0_1/Carousel/get
INFO: [ app_init ] --START--
INFO: Run Behavior\BuildLiteBehavior [ RunTime:0.000016s ]
INFO: [ app_init ] --END-- [ RunTime:0.000558s ]
ERR: 无法加载模块:Index.phpUserV0_1

[ 2017-11-06T13:53:09+08:00 ] 192.168.1.169 /index.phpUserV0_1/Recommend/get
INFO: [ app_init ] --START--
INFO: Run Behavior\BuildLiteBehavior [ RunTime:0.000013s ]
INFO: [ app_init ] --END-- [ RunTime:0.000476s ]
ERR: 无法加载模块:Index.phpUserV0_1

[ 2017-11-06T13:53:09+08:00 ] 192.168.1.169 /index.phpUserV0_1/User/getInfo
INFO: [ app_init ] --START--
INFO: Run Behavior\BuildLiteBehavior [ RunTime:0.000016s ]
INFO: [ app_init ] --END-- [ RunTime:0.000497s ]
ERR: 无法加载模块:Index.phpUserV0_1

[ 2017-11-06T13:53:09+08:00 ] 192.168.1.169 /index.phpUserV0_1/Carousel/get
INFO: [ app_init ] --START--
INFO: Run Behavior\BuildLiteBehavior [ RunTime:0.000015s ]
INFO: [ app_init ] --END-- [ RunTime:0.000466s ]
ERR: 无法加载模块:Index.phpUserV0_1

[ 2017-11-06T13:53:09+08:00 ] 192.168.1.169 /index.phpUserV0_1/Nav/get
INFO: [ app_init ] --START--
INFO: Run Behavior\BuildLiteBehavior [ RunTime:0.000012s ]
INFO: [ app_init ] --END-- [ RunTime:0.000377s ]
ERR: 无法加载模块:Index.phpUserV0_1

[ 2017-11-06T13:53:37+08:00 ] 192.168.1.169 /index.phpUserV0_1/Recommend/get
INFO: [ app_init ] --START--
INFO: Run Behavior\BuildLiteBehavior [ RunTime:0.000014s ]
INFO: [ app_init ] --END-- [ RunTime:0.000461s ]
ERR: 无法加载模块:Index.phpUserV0_1

[ 2017-11-06T13:53:37+08:00 ] 192.168.1.169 /index.phpUserV0_1/User/getInfo
INFO: [ app_init ] --START--
INFO: Run Behavior\BuildLiteBehavior [ RunTime:0.000013s ]
INFO: [ app_init ] --END-- [ RunTime:0.000438s ]
ERR: 无法加载模块:Index.phpUserV0_1

[ 2017-11-06T13:53:37+08:00 ] 192.168.1.169 /index.phpUserV0_1/Carousel/get
INFO: [ app_init ] --START--
INFO: Run Behavior\BuildLiteBehavior [ RunTime:0.000010s ]
INFO: [ app_init ] --END-- [ RunTime:0.000325s ]
ERR: 无法加载模块:Index.phpUserV0_1

[ 2017-11-06T13:53:37+08:00 ] 192.168.1.169 /index.phpUserV0_1/Nav/get
INFO: [ app_init ] --START--
INFO: Run Behavior\BuildLiteBehavior [ RunTime:0.000009s ]
INFO: [ app_init ] --END-- [ RunTime:0.000329s ]
ERR: 无法加载模块:Index.phpUserV0_1

[ 2017-11-06T13:53:49+08:00 ] 192.168.1.169 /index.phpUserV0_1/User/getInfo
INFO: [ app_init ] --START--
INFO: Run Behavior\BuildLiteBehavior [ RunTime:0.000009s ]
INFO: [ app_init ] --END-- [ RunTime:0.000342s ]
ERR: 无法加载模块:Index.phpUserV0_1

[ 2017-11-06T13:53:49+08:00 ] 192.168.1.169 /index.phpUserV0_1/Recommend/get
INFO: [ app_init ] --START--
INFO: Run Behavior\BuildLiteBehavior [ RunTime:0.000014s ]
INFO: [ app_init ] --END-- [ RunTime:0.000457s ]
ERR: 无法加载模块:Index.phpUserV0_1

[ 2017-11-06T13:53:49+08:00 ] 192.168.1.169 /index.phpUserV0_1/Nav/get
INFO: [ app_init ] --START--
INFO: Run Behavior\BuildLiteBehavior [ RunTime:0.000010s ]
INFO: [ app_init ] --END-- [ RunTime:0.000335s ]
ERR: 无法加载模块:Index.phpUserV0_1

[ 2017-11-06T13:53:49+08:00 ] 192.168.1.169 /index.phpUserV0_1/Carousel/get
INFO: [ app_init ] --START--
INFO: Run Behavior\BuildLiteBehavior [ RunTime:0.000015s ]
INFO: [ app_init ] --END-- [ RunTime:0.000419s ]
ERR: 无法加载模块:Index.phpUserV0_1

[ 2017-11-06T13:53:54+08:00 ] 192.168.1.169 /index.phpUserV0_1/Recommend/get
INFO: [ app_init ] --START--
INFO: Run Behavior\BuildLiteBehavior [ RunTime:0.000009s ]
INFO: [ app_init ] --END-- [ RunTime:0.000349s ]
ERR: 无法加载模块:Index.phpUserV0_1

[ 2017-11-06T13:53:54+08:00 ] 192.168.1.169 /index.phpUserV0_1/User/getInfo
INFO: [ app_init ] --START--
INFO: Run Behavior\BuildLiteBehavior [ RunTime:0.000010s ]
INFO: [ app_init ] --END-- [ RunTime:0.000330s ]
ERR: 无法加载模块:Index.phpUserV0_1

[ 2017-11-06T13:53:54+08:00 ] 192.168.1.169 /index.phpUserV0_1/Nav/get
INFO: [ app_init ] --START--
INFO: Run Behavior\BuildLiteBehavior [ RunTime:0.000016s ]
INFO: [ app_init ] --END-- [ RunTime:0.000585s ]
ERR: 无法加载模块:Index.phpUserV0_1

[ 2017-11-06T13:53:54+08:00 ] 192.168.1.169 /index.phpUserV0_1/Carousel/get
INFO: [ app_init ] --START--
INFO: Run Behavior\BuildLiteBehavior [ RunTime:0.000010s ]
INFO: [ app_init ] --END-- [ RunTime:0.000500s ]
ERR: 无法加载模块:Index.phpUserV0_1

[ 2017-11-06T13:55:33+08:00 ] 192.168.1.169 /index.phpUserV0_1/Recommend/get
INFO: [ app_init ] --START--
INFO: Run Behavior\BuildLiteBehavior [ RunTime:0.000010s ]
INFO: [ app_init ] --END-- [ RunTime:0.000361s ]
ERR: 无法加载模块:Index.phpUserV0_1

[ 2017-11-06T13:55:33+08:00 ] 192.168.1.169 /index.phpUserV0_1/User/getInfo
INFO: [ app_init ] --START--
INFO: Run Behavior\BuildLiteBehavior [ RunTime:0.000016s ]
INFO: [ app_init ] --END-- [ RunTime:0.000542s ]
ERR: 无法加载模块:Index.phpUserV0_1

[ 2017-11-06T13:55:33+08:00 ] 192.168.1.169 /index.phpUserV0_1/Nav/get
INFO: [ app_init ] --START--
INFO: Run Behavior\BuildLiteBehavior [ RunTime:0.000016s ]
INFO: [ app_init ] --END-- [ RunTime:0.000447s ]
ERR: 无法加载模块:Index.phpUserV0_1

[ 2017-11-06T13:55:33+08:00 ] 192.168.1.169 /index.phpUserV0_1/Carousel/get
INFO: [ app_init ] --START--
INFO: Run Behavior\BuildLiteBehavior [ RunTime:0.000010s ]
INFO: [ app_init ] --END-- [ RunTime:0.000381s ]
ERR: 无法加载模块:Index.phpUserV0_1

[ 2017-11-06T13:55:51+08:00 ] 192.168.1.169 /index.phpUserV0_1/Recommend/get
INFO: [ app_init ] --START--
INFO: Run Behavior\BuildLiteBehavior [ RunTime:0.000014s ]
INFO: [ app_init ] --END-- [ RunTime:0.000512s ]
ERR: 无法加载模块:Index.phpUserV0_1

[ 2017-11-06T13:55:51+08:00 ] 192.168.1.169 /index.phpUserV0_1/User/getInfo
INFO: [ app_init ] --START--
INFO: Run Behavior\BuildLiteBehavior [ RunTime:0.000016s ]
INFO: [ app_init ] --END-- [ RunTime:0.000464s ]
ERR: 无法加载模块:Index.phpUserV0_1

[ 2017-11-06T13:55:51+08:00 ] 192.168.1.169 /index.phpUserV0_1/Nav/get
INFO: [ app_init ] --START--
INFO: Run Behavior\BuildLiteBehavior [ RunTime:0.000011s ]
INFO: [ app_init ] --END-- [ RunTime:0.000342s ]
ERR: 无法加载模块:Index.phpUserV0_1

[ 2017-11-06T13:55:51+08:00 ] 192.168.1.169 /index.phpUserV0_1/Carousel/get
INFO: [ app_init ] --START--
INFO: Run Behavior\BuildLiteBehavior [ RunTime:0.000016s ]
INFO: [ app_init ] --END-- [ RunTime:0.000462s ]
ERR: 无法加载模块:Index.phpUserV0_1

[ 2017-11-06T13:55:58+08:00 ] 192.168.1.169 /index.phpUserV0_1/Recommend/get
INFO: [ app_init ] --START--
INFO: Run Behavior\BuildLiteBehavior [ RunTime:0.000015s ]
INFO: [ app_init ] --END-- [ RunTime:0.000446s ]
ERR: 无法加载模块:Index.phpUserV0_1

[ 2017-11-06T13:55:58+08:00 ] 192.168.1.169 /index.phpUserV0_1/User/getInfo
INFO: [ app_init ] --START--
INFO: Run Behavior\BuildLiteBehavior [ RunTime:0.000017s ]
INFO: [ app_init ] --END-- [ RunTime:0.000495s ]
ERR: 无法加载模块:Index.phpUserV0_1

[ 2017-11-06T13:55:58+08:00 ] 192.168.1.169 /index.phpUserV0_1/Carousel/get
INFO: [ app_init ] --START--
INFO: Run Behavior\BuildLiteBehavior [ RunTime:0.000010s ]
INFO: [ app_init ] --END-- [ RunTime:0.000345s ]
ERR: 无法加载模块:Index.phpUserV0_1

[ 2017-11-06T13:55:58+08:00 ] 192.168.1.169 /index.phpUserV0_1/Nav/get
INFO: [ app_init ] --START--
INFO: Run Behavior\BuildLiteBehavior [ RunTime:0.000010s ]
INFO: [ app_init ] --END-- [ RunTime:0.000369s ]
ERR: 无法加载模块:Index.phpUserV0_1

[ 2017-11-06T13:57:15+08:00 ] 192.168.1.169 /index.phpUserV0_1/Recommend/get
INFO: [ app_init ] --START--
INFO: Run Behavior\BuildLiteBehavior [ RunTime:0.000016s ]
INFO: [ app_init ] --END-- [ RunTime:0.000526s ]
ERR: 无法加载模块:Index.phpUserV0_1

[ 2017-11-06T13:57:15+08:00 ] 192.168.1.169 /index.phpUserV0_1/User/getInfo
INFO: [ app_init ] --START--
INFO: Run Behavior\BuildLiteBehavior [ RunTime:0.000015s ]
INFO: [ app_init ] --END-- [ RunTime:0.000528s ]
ERR: 无法加载模块:Index.phpUserV0_1

[ 2017-11-06T13:57:15+08:00 ] 192.168.1.169 /index.phpUserV0_1/Nav/get
INFO: [ app_init ] --START--
INFO: Run Behavior\BuildLiteBehavior [ RunTime:0.000015s ]
INFO: [ app_init ] --END-- [ RunTime:0.000562s ]
ERR: 无法加载模块:Index.phpUserV0_1

[ 2017-11-06T13:57:15+08:00 ] 192.168.1.169 /index.phpUserV0_1/Carousel/get
INFO: [ app_init ] --START--
INFO: Run Behavior\BuildLiteBehavior [ RunTime:0.000014s ]
INFO: [ app_init ] --END-- [ RunTime:0.000564s ]
ERR: 无法加载模块:Index.phpUserV0_1

[ 2017-11-06T13:57:32+08:00 ] 192.168.1.169 /index.phpUserV0_1/Recommend/get
INFO: [ app_init ] --START--
INFO: Run Behavior\BuildLiteBehavior [ RunTime:0.000016s ]
INFO: [ app_init ] --END-- [ RunTime:0.000485s ]
ERR: 无法加载模块:Index.phpUserV0_1

[ 2017-11-06T13:57:32+08:00 ] 192.168.1.169 /index.phpUserV0_1/User/getInfo
INFO: [ app_init ] --START--
INFO: Run Behavior\BuildLiteBehavior [ RunTime:0.000014s ]
INFO: [ app_init ] --END-- [ RunTime:0.000437s ]
ERR: 无法加载模块:Index.phpUserV0_1

[ 2017-11-06T13:57:32+08:00 ] 192.168.1.169 /index.phpUserV0_1/Nav/get
INFO: [ app_init ] --START--
INFO: Run Behavior\BuildLiteBehavior [ RunTime:0.000009s ]
INFO: [ app_init ] --END-- [ RunTime:0.000360s ]
ERR: 无法加载模块:Index.phpUserV0_1

1

[ 2017-11-06T13:58:25+08:00 ] 192.168.1.169 /index.phpUserV0_1/Recommend/get
INFO: [ app_init ] --START--
INFO: Run Behavior\BuildLiteBehavior [ RunTime:0.000013s ]
INFO: [ app_init ] --END-- [ RunTime:0.000451s ]
ERR: 无法加载模块:Index.phpUserV0_1

[ 2017-11-06T13:58:25+08:00 ] 192.168.1.169 /index.phpUserV0_1/User/getInfo
INFO: [ app_init ] --START--
INFO: Run Behavior\BuildLiteBehavior [ RunTime:0.000013s ]
INFO: [ app_init ] --END-- [ RunTime:0.000428s ]
ERR: 无法加载模块:Index.phpUserV0_1

[ 2017-11-06T13:58:25+08:00 ] 192.168.1.169 /index.phpUserV0_1/Carousel/get
INFO: [ app_init ] --START--
INFO: Run Behavior\BuildLiteBehavior [ RunTime:0.000011s ]
INFO: [ app_init ] --END-- [ RunTime:0.000326s ]
ERR: 无法加载模块:Index.phpUserV0_1

[ 2017-11-06T13:58:25+08:00 ] 192.168.1.169 /index.phpUserV0_1/Nav/get
INFO: [ app_init ] --START--
INFO: Run Behavior\BuildLiteBehavior [ RunTime:0.000008s ]
INFO: [ app_init ] --END-- [ RunTime:0.000328s ]
ERR: 无法加载模块:Index.phpUserV0_1

[ 2017-11-06T13:59:00+08:00 ] 192.168.1.169 /index.phpUserV0_1/Recommend/get
INFO: [ app_init ] --START--
INFO: Run Behavior\BuildLiteBehavior [ RunTime:0.000015s ]
INFO: [ app_init ] --END-- [ RunTime:0.000477s ]
ERR: 无法加载模块:Index.phpUserV0_1

[ 2017-11-06T13:59:00+08:00 ] 192.168.1.169 /index.phpUserV0_1/User/getInfo
INFO: [ app_init ] --START--
INFO: Run Behavior\BuildLiteBehavior [ RunTime:0.000009s ]
INFO: [ app_init ] --END-- [ RunTime:0.000330s ]
ERR: 无法加载模块:Index.phpUserV0_1

[ 2017-11-06T13:59:00+08:00 ] 192.168.1.169 /index.phpUserV0_1/Nav/get
INFO: [ app_init ] --START--
INFO: Run Behavior\BuildLiteBehavior [ RunTime:0.000009s ]
INFO: [ app_init ] --END-- [ RunTime:0.000324s ]
ERR: 无法加载模块:Index.phpUserV0_1

[ 2017-11-06T13:59:00+08:00 ] 192.168.1.169 /index.phpUserV0_1/Carousel/get
INFO: [ app_init ] --START--
INFO: Run Behavior\BuildLiteBehavior [ RunTime:0.000009s ]
INFO: [ app_init ] --END-- [ RunTime:0.000315s ]
ERR: 无法加载模块:Index.phpUserV0_1

[ 2017-11-06T13:59:17+08:00 ] 192.168.1.169 /index.phpUserV0_1/Recommend/get
INFO: [ app_init ] --START--
INFO: Run Behavior\BuildLiteBehavior [ RunTime:0.000010s ]
INFO: [ app_init ] --END-- [ RunTime:0.000346s ]
ERR: 无法加载模块:Index.phpUserV0_1

[ 2017-11-06T13:59:17+08:00 ] 192.168.1.169 /index.phpUserV0_1/User/getInfo
INFO: [ app_init ] --START--
INFO: Run Behavior\BuildLiteBehavior [ RunTime:0.000015s ]
INFO: [ app_init ] --END-- [ RunTime:0.000466s ]
ERR: 无法加载模块:Index.phpUserV0_1

[ 2017-11-06T13:59:17+08:00 ] 192.168.1.169 /index.phpUserV0_1/Nav/get
INFO: [ app_init ] --START--
INFO: Run Behavior\BuildLiteBehavior [ RunTime:0.000010s ]
INFO: [ app_init ] --END-- [ RunTime:0.000322s ]
ERR: 无法加载模块:Index.phpUserV0_1

[ 2017-11-06T13:59:17+08:00 ] 192.168.1.169 /index.phpUserV0_1/Carousel/get
INFO: [ app_init ] --START--
INFO: Run Behavior\BuildLiteBehavior [ RunTime:0.000009s ]
INFO: [ app_init ] --END-- [ RunTime:0.000328s ]
ERR: 无法加载模块:Index.phpUserV0_1

[ 2017-11-06T13:59:48+08:00 ] 192.168.1.169 /index.phpUserV0_1/Recommend/get
INFO: [ app_init ] --START--
INFO: Run Behavior\BuildLiteBehavior [ RunTime:0.000016s ]
INFO: [ app_init ] --END-- [ RunTime:0.000466s ]
ERR: 无法加载模块:Index.phpUserV0_1

[ 2017-11-06T13:59:49+08:00 ] 192.168.1.169 /index.phpUserV0_1/User/getInfo
INFO: [ app_init ] --START--
INFO: Run Behavior\BuildLiteBehavior [ RunTime:0.000009s ]
INFO: [ app_init ] --END-- [ RunTime:0.000320s ]
ERR: 无法加载模块:Index.phpUserV0_1

[ 2017-11-06T13:59:49+08:00 ] 192.168.1.169 /index.phpUserV0_1/Nav/get
INFO: [ app_init ] --START--
INFO: Run Behavior\BuildLiteBehavior [ RunTime:0.000010s ]
INFO: [ app_init ] --END-- [ RunTime:0.000364s ]
ERR: 无法加载模块:Index.phpUserV0_1

[ 2017-11-06T13:59:49+08:00 ] 192.168.1.169 /index.phpUserV0_1/Carousel/get
INFO: [ app_init ] --START--
INFO: Run Behavior\BuildLiteBehavior [ RunTime:0.000010s ]
INFO: [ app_init ] --END-- [ RunTime:0.000333s ]
ERR: 无法加载模块:Index.phpUserV0_1

[ 2017-11-06T13:59:55+08:00 ] 192.168.1.169 /index.phpUserV0_1/Recommend/get
INFO: [ app_init ] --START--
INFO: Run Behavior\BuildLiteBehavior [ RunTime:0.000010s ]
INFO: [ app_init ] --END-- [ RunTime:0.000356s ]
ERR: 无法加载模块:Index.phpUserV0_1

[ 2017-11-06T13:59:55+08:00 ] 192.168.1.169 /index.phpUserV0_1/User/getInfo
INFO: [ app_init ] --START--
INFO: Run Behavior\BuildLiteBehavior [ RunTime:0.000009s ]
INFO: [ app_init ] --END-- [ RunTime:0.000326s ]
ERR: 无法加载模块:Index.phpUserV0_1

[ 2017-11-06T13:59:55+08:00 ] 192.168.1.169 /index.phpUserV0_1/Carousel/get
INFO: [ app_init ] --START--
INFO: Run Behavior\BuildLiteBehavior [ RunTime:0.000010s ]
INFO: [ app_init ] --END-- [ RunTime:0.000353s ]
ERR: 无法加载模块:Index.phpUserV0_1

[ 2017-11-06T14:00:19+08:00 ] 192.168.1.169 /index.phpUserV0_1/Recommend/get
INFO: [ app_init ] --START--
INFO: Run Behavior\BuildLiteBehavior [ RunTime:0.000017s ]
INFO: [ app_init ] --END-- [ RunTime:0.000382s ]
ERR: 无法加载模块:Index.phpUserV0_1

[ 2017-11-06T14:00:19+08:00 ] 192.168.1.169 /index.phpUserV0_1/User/getInfo
INFO: [ app_init ] --START--
INFO: Run Behavior\BuildLiteBehavior [ RunTime:0.000010s ]
INFO: [ app_init ] --END-- [ RunTime:0.000361s ]
ERR: 无法加载模块:Index.phpUserV0_1

[ 2017-11-06T14:00:19+08:00 ] 192.168.1.169 /index.phpUserV0_1/Carousel/get
INFO: [ app_init ] --START--
INFO: Run Behavior\BuildLiteBehavior [ RunTime:0.000012s ]
INFO: [ app_init ] --END-- [ RunTime:0.000407s ]
ERR: 无法加载模块:Index.phpUserV0_1

[ 2017-11-06T14:00:19+08:00 ] 192.168.1.169 /index.phpUserV0_1/Nav/get
INFO: [ app_init ] --START--
INFO: Run Behavior\BuildLiteBehavior [ RunTime:0.000014s ]
INFO: [ app_init ] --END-- [ RunTime:0.000454s ]
ERR: 无法加载模块:Index.phpUserV0_1

[ 2017-11-06T14:00:45+08:00 ] 192.168.1.169 /index.phpUserV0_1/Recommend/get
INFO: [ app_init ] --START--
INFO: Run Behavior\BuildLiteBehavior [ RunTime:0.000017s ]
INFO: [ app_init ] --END-- [ RunTime:0.000460s ]
ERR: 无法加载模块:Index.phpUserV0_1

[ 2017-11-06T14:00:45+08:00 ] 192.168.1.169 /index.phpUserV0_1/User/getInfo
INFO: [ app_init ] --START--
INFO: Run Behavior\BuildLiteBehavior [ RunTime:0.000010s ]
INFO: [ app_init ] --END-- [ RunTime:0.000432s ]
ERR: 无法加载模块:Index.phpUserV0_1

[ 2017-11-06T14:00:45+08:00 ] 192.168.1.169 /index.phpUserV0_1/Nav/get
INFO: [ app_init ] --START--
INFO: Run Behavior\BuildLiteBehavior [ RunTime:0.000010s ]
INFO: [ app_init ] --END-- [ RunTime:0.000328s ]
ERR: 无法加载模块:Index.phpUserV0_1

[ 2017-11-06T14:00:45+08:00 ] 192.168.1.169 /index.phpUserV0_1/Carousel/get
INFO: [ app_init ] --START--
INFO: Run Behavior\BuildLiteBehavior [ RunTime:0.000015s ]
INFO: [ app_init ] --END-- [ RunTime:0.000441s ]
ERR: 无法加载模块:Index.phpUserV0_1

[ 2017-11-06T14:00:59+08:00 ] 192.168.1.169 /index.phpUserV0_1/User/getInfo
INFO: [ app_init ] --START--
INFO: Run Behavior\BuildLiteBehavior [ RunTime:0.000010s ]
INFO: [ app_init ] --END-- [ RunTime:0.000347s ]
ERR: 无法加载模块:Index.phpUserV0_1

[ 2017-11-06T14:00:59+08:00 ] 192.168.1.169 /index.phpUserV0_1/Recommend/get
INFO: [ app_init ] --START--
INFO: Run Behavior\BuildLiteBehavior [ RunTime:0.000014s ]
INFO: [ app_init ] --END-- [ RunTime:0.000495s ]
ERR: 无法加载模块:Index.phpUserV0_1

[ 2017-11-06T14:00:59+08:00 ] 192.168.1.169 /index.phpUserV0_1/Carousel/get
INFO: [ app_init ] --START--
INFO: Run Behavior\BuildLiteBehavior [ RunTime:0.000009s ]
INFO: [ app_init ] --END-- [ RunTime:0.000341s ]
ERR: 无法加载模块:Index.phpUserV0_1

[ 2017-11-06T14:00:59+08:00 ] 192.168.1.169 /index.phpUserV0_1/Nav/get
INFO: [ app_init ] --START--
INFO: Run Behavior\BuildLiteBehavior [ RunTime:0.000011s ]
INFO: [ app_init ] --END-- [ RunTime:0.000465s ]
ERR: 无法加载模块:Index.phpUserV0_1

[ 2017-11-06T14:01:30+08:00 ] 192.168.1.169 /index.phpUserV0_1/Recommend/get
INFO: [ app_init ] --START--
INFO: Run Behavior\BuildLiteBehavior [ RunTime:0.000017s ]
INFO: [ app_init ] --END-- [ RunTime:0.000523s ]
ERR: 无法加载模块:Index.phpUserV0_1

[ 2017-11-06T14:01:30+08:00 ] 192.168.1.169 /index.phpUserV0_1/Nav/get
INFO: [ app_init ] --START--
INFO: Run Behavior\BuildLiteBehavior [ RunTime:0.000016s ]
INFO: [ app_init ] --END-- [ RunTime:0.000805s ]
ERR: 无法加载模块:Index.phpUserV0_1

[ 2017-11-06T14:01:30+08:00 ] 192.168.1.169 /index.phpUserV0_1/Carousel/get
INFO: [ app_init ] --START--
INFO: Run Behavior\BuildLiteBehavior [ RunTime:0.000115s ]
INFO: [ app_init ] --END-- [ RunTime:0.000649s ]
ERR: 无法加载模块:Index.phpUserV0_1

[ 2017-11-06T14:01:30+08:00 ] 192.168.1.169 /index.phpUserV0_1/User/getInfo
INFO: [ app_init ] --START--
INFO: Run Behavior\BuildLiteBehavior [ RunTime:0.000018s ]
INFO: [ app_init ] --END-- [ RunTime:0.000522s ]
ERR: 无法加载模块:Index.phpUserV0_1

[ 2017-11-06T14:02:23+08:00 ] 192.168.1.169 /index.phpUserV0_1/User/getInfo
INFO: [ app_init ] --START--
INFO: Run Behavior\BuildLiteBehavior [ RunTime:0.000013s ]
INFO: [ app_init ] --END-- [ RunTime:0.000446s ]
ERR: 无法加载模块:Index.phpUserV0_1

[ 2017-11-06T14:02:23+08:00 ] 192.168.1.169 /index.phpUserV0_1/Recommend/get
INFO: [ app_init ] --START--
INFO: Run Behavior\BuildLiteBehavior [ RunTime:0.000013s ]
INFO: [ app_init ] --END-- [ RunTime:0.000551s ]
ERR: 无法加载模块:Index.phpUserV0_1

[ 2017-11-06T14:02:23+08:00 ] 192.168.1.169 /index.phpUserV0_1/Nav/get
INFO: [ app_init ] --START--
INFO: Run Behavior\BuildLiteBehavior [ RunTime:0.000010s ]
INFO: [ app_init ] --END-- [ RunTime:0.000330s ]
ERR: 无法加载模块:Index.phpUserV0_1

[ 2017-11-06T14:02:23+08:00 ] 192.168.1.169 /index.phpUserV0_1/Carousel/get
INFO: [ app_init ] --START--
INFO: Run Behavior\BuildLiteBehavior [ RunTime:0.000009s ]
INFO: [ app_init ] --END-- [ RunTime:0.000343s ]
ERR: 无法加载模块:Index.phpUserV0_1

[ 2017-11-06T14:02:47+08:00 ] 192.168.1.169 /index.phpUserV0_1/User/getInfo
INFO: [ app_init ] --START--
INFO: Run Behavior\BuildLiteBehavior [ RunTime:0.000011s ]
INFO: [ app_init ] --END-- [ RunTime:0.000325s ]
ERR: 无法加载模块:Index.phpUserV0_1

[ 2017-11-06T14:02:47+08:00 ] 192.168.1.169 /index.phpUserV0_1/Recommend/get
INFO: [ app_init ] --START--
INFO: Run Behavior\BuildLiteBehavior [ RunTime:0.000014s ]
INFO: [ app_init ] --END-- [ RunTime:0.000495s ]
ERR: 无法加载模块:Index.phpUserV0_1

[ 2017-11-06T14:02:47+08:00 ] 192.168.1.169 /index.phpUserV0_1/Carousel/get
INFO: [ app_init ] --START--
INFO: Run Behavior\BuildLiteBehavior [ RunTime:0.000010s ]
INFO: [ app_init ] --END-- [ RunTime:0.000344s ]
ERR: 无法加载模块:Index.phpUserV0_1

[ 2017-11-06T14:02:47+08:00 ] 192.168.1.169 /index.phpUserV0_1/Nav/get
INFO: [ app_init ] --START--
INFO: Run Behavior\BuildLiteBehavior [ RunTime:0.000010s ]
INFO: [ app_init ] --END-- [ RunTime:0.000357s ]
ERR: 无法加载模块:Index.phpUserV0_1

[ 2017-11-06T14:03:51+08:00 ] 192.168.1.169 /index.phpUserV0_1/Nav/get
INFO: [ app_init ] --START--
INFO: Run Behavior\BuildLiteBehavior [ RunTime:0.000015s ]
INFO: [ app_init ] --END-- [ RunTime:0.000559s ]
ERR: 无法加载模块:Index.phpUserV0_1

[ 2017-11-06T14:03:51+08:00 ] 192.168.1.169 /index.phpUserV0_1/User/getInfo
INFO: [ app_init ] --START--
INFO: Run Behavior\BuildLiteBehavior [ RunTime:0.000015s ]
INFO: [ app_init ] --END-- [ RunTime:0.000528s ]
ERR: 无法加载模块:Index.phpUserV0_1

[ 2017-11-06T14:03:51+08:00 ] 192.168.1.169 /index.phpUserV0_1/Recommend/get
INFO: [ app_init ] --START--
INFO: Run Behavior\BuildLiteBehavior [ RunTime:0.000030s ]
INFO: [ app_init ] --END-- [ RunTime:0.000586s ]
ERR: 无法加载模块:Index.phpUserV0_1

[ 2017-11-06T14:05:12+08:00 ] 192.168.1.169 /index.phpUserV0_1/Recommend/get
INFO: [ app_init ] --START--
INFO: Run Behavior\BuildLiteBehavior [ RunTime:0.000017s ]
INFO: [ app_init ] --END-- [ RunTime:0.000491s ]
ERR: 无法加载模块:Index.phpUserV0_1

[ 2017-11-06T14:05:12+08:00 ] 192.168.1.169 /index.phpUserV0_1/User/getInfo
INFO: [ app_init ] --START--
INFO: Run Behavior\BuildLiteBehavior [ RunTime:0.000010s ]
INFO: [ app_init ] --END-- [ RunTime:0.000333s ]
ERR: 无法加载模块:Index.phpUserV0_1

[ 2017-11-06T14:05:12+08:00 ] 192.168.1.169 /index.phpUserV0_1/Nav/get
INFO: [ app_init ] --START--
INFO: Run Behavior\BuildLiteBehavior [ RunTime:0.000010s ]
INFO: [ app_init ] --END-- [ RunTime:0.000356s ]
ERR: 无法加载模块:Index.phpUserV0_1

[ 2017-11-06T14:05:12+08:00 ] 192.168.1.169 /index.phpUserV0_1/Carousel/get
INFO: [ app_init ] --START--
INFO: Run Behavior\BuildLiteBehavior [ RunTime:0.000010s ]
INFO: [ app_init ] --END-- [ RunTime:0.000322s ]
ERR: 无法加载模块:Index.phpUserV0_1

[ 2017-11-06T14:07:00+08:00 ] 192.168.1.169 /index.phpUserV0_1/Recommend/get
INFO: [ app_init ] --START--
INFO: Run Behavior\BuildLiteBehavior [ RunTime:0.000017s ]
INFO: [ app_init ] --END-- [ RunTime:0.000534s ]
ERR: 无法加载模块:Index.phpUserV0_1

[ 2017-11-06T14:07:00+08:00 ] 192.168.1.169 /index.phpUserV0_1/Carousel/get
INFO: [ app_init ] --START--
INFO: Run Behavior\BuildLiteBehavior [ RunTime:0.000016s ]
INFO: [ app_init ] --END-- [ RunTime:0.000506s ]
ERR: 无法加载模块:Index.phpUserV0_1

[ 2017-11-06T14:07:00+08:00 ] 192.168.1.169 /index.phpUserV0_1/Nav/get
INFO: [ app_init ] --START--
INFO: Run Behavior\BuildLiteBehavior [ RunTime:0.000015s ]
INFO: [ app_init ] --END-- [ RunTime:0.000506s ]
ERR: 无法加载模块:Index.phpUserV0_1

[ 2017-11-06T14:07:00+08:00 ] 192.168.1.169 /index.phpUserV0_1/User/getInfo
INFO: [ app_init ] --START--
INFO: Run Behavior\BuildLiteBehavior [ RunTime:0.000018s ]
INFO: [ app_init ] --END-- [ RunTime:0.000534s ]
ERR: 无法加载模块:Index.phpUserV0_1

[ 2017-11-06T14:07:36+08:00 ] 192.168.1.169 /index.phpUserV0_1/Recommend/get
INFO: [ app_init ] --START--
INFO: Run Behavior\BuildLiteBehavior [ RunTime:0.000017s ]
INFO: [ app_init ] --END-- [ RunTime:0.000551s ]
ERR: 无法加载模块:Index.phpUserV0_1

[ 2017-11-06T14:07:36+08:00 ] 192.168.1.169 /index.phpUserV0_1/User/getInfo
INFO: [ app_init ] --START--
INFO: Run Behavior\BuildLiteBehavior [ RunTime:0.000013s ]
INFO: [ app_init ] --END-- [ RunTime:0.000609s ]
ERR: 无法加载模块:Index.phpUserV0_1

[ 2017-11-06T14:07:36+08:00 ] 192.168.1.169 /index.phpUserV0_1/Nav/get
INFO: [ app_init ] --START--
INFO: Run Behavior\BuildLiteBehavior [ RunTime:0.000010s ]
INFO: [ app_init ] --END-- [ RunTime:0.000322s ]
ERR: 无法加载模块:Index.phpUserV0_1

1

[ 2017-11-06T14:08:03+08:00 ] 192.168.1.169 /index.phpUserV0_1/Recommend/get
INFO: [ app_init ] --START--
INFO: Run Behavior\BuildLiteBehavior [ RunTime:0.000016s ]
INFO: [ app_init ] --END-- [ RunTime:0.000488s ]
ERR: 无法加载模块:Index.phpUserV0_1

[ 2017-11-06T14:08:03+08:00 ] 192.168.1.169 /index.phpUserV0_1/Nav/get
INFO: [ app_init ] --START--
INFO: Run Behavior\BuildLiteBehavior [ RunTime:0.000015s ]
INFO: [ app_init ] --END-- [ RunTime:0.000503s ]
ERR: 无法加载模块:Index.phpUserV0_1

1

[ 2017-11-06T14:08:03+08:00 ] 192.168.1.169 /index.phpUserV0_1/User/getInfo
INFO: [ app_init ] --START--
INFO: Run Behavior\BuildLiteBehavior [ RunTime:0.000018s ]
INFO: [ app_init ] --END-- [ RunTime:0.000490s ]
ERR: 无法加载模块:Index.phpUserV0_1

[ 2017-11-06T14:15:45+08:00 ] 192.168.1.104 /index.phpUserV0_1/Nav/get
INFO: [ app_init ] --START--
INFO: Run Behavior\BuildLiteBehavior [ RunTime:0.000010s ]
INFO: [ app_init ] --END-- [ RunTime:0.000440s ]
ERR: 无法加载模块:Index.phpUserV0_1

[ 2017-11-06T14:15:45+08:00 ] 192.168.1.104 /index.phpUserV0_1/Carousel/get
INFO: [ app_init ] --START--
INFO: Run Behavior\BuildLiteBehavior [ RunTime:0.000015s ]
INFO: [ app_init ] --END-- [ RunTime:0.000514s ]
ERR: 无法加载模块:Index.phpUserV0_1

[ 2017-11-06T14:15:45+08:00 ] 192.168.1.104 /index.phpUserV0_1/Recommend/get
INFO: [ app_init ] --START--
INFO: Run Behavior\BuildLiteBehavior [ RunTime:0.000015s ]
INFO: [ app_init ] --END-- [ RunTime:0.000567s ]
ERR: 无法加载模块:Index.phpUserV0_1

[ 2017-11-06T14:15:45+08:00 ] 192.168.1.104 /index.phpUserV0_1/User/getInfo
INFO: [ app_init ] --START--
INFO: Run Behavior\BuildLiteBehavior [ RunTime:0.000015s ]
INFO: [ app_init ] --END-- [ RunTime:0.000611s ]
ERR: 无法加载模块:Index.phpUserV0_1

[ 2017-11-06T14:19:41+08:00 ] 192.168.1.104 /index.phpUserV0_1/Nav/get
INFO: [ app_init ] --START--
INFO: Run Behavior\BuildLiteBehavior [ RunTime:0.000009s ]
INFO: [ app_init ] --END-- [ RunTime:0.000463s ]
ERR: 无法加载模块:Index.phpUserV0_1

[ 2017-11-06T14:19:41+08:00 ] 192.168.1.104 /index.phpUserV0_1/Carousel/get
INFO: [ app_init ] --START--
INFO: Run Behavior\BuildLiteBehavior [ RunTime:0.000019s ]
INFO: [ app_init ] --END-- [ RunTime:0.000590s ]
ERR: 无法加载模块:Index.phpUserV0_1

[ 2017-11-06T14:19:41+08:00 ] 192.168.1.104 /index.phpUserV0_1/User/getInfo
INFO: [ app_init ] --START--
INFO: Run Behavior\BuildLiteBehavior [ RunTime:0.000017s ]
INFO: [ app_init ] --END-- [ RunTime:0.000509s ]
ERR: 无法加载模块:Index.phpUserV0_1

[ 2017-11-06T14:19:41+08:00 ] 192.168.1.104 /index.phpUserV0_1/Recommend/get
INFO: [ app_init ] --START--
INFO: Run Behavior\BuildLiteBehavior [ RunTime:0.000015s ]
INFO: [ app_init ] --END-- [ RunTime:0.000561s ]
ERR: 无法加载模块:Index.phpUserV0_1

[ 2017-11-06T14:19:55+08:00 ] 192.168.1.104 /index.phpUserV0_1/Nav/get
INFO: [ app_init ] --START--
INFO: Run Behavior\BuildLiteBehavior [ RunTime:0.000010s ]
INFO: [ app_init ] --END-- [ RunTime:0.000431s ]
ERR: 无法加载模块:Index.phpUserV0_1

[ 2017-11-06T14:19:55+08:00 ] 192.168.1.104 /index.phpUserV0_1/Carousel/get
INFO: [ app_init ] --START--
INFO: Run Behavior\BuildLiteBehavior [ RunTime:0.000016s ]
INFO: [ app_init ] --END-- [ RunTime:0.000527s ]
ERR: 无法加载模块:Index.phpUserV0_1

[ 2017-11-06T14:19:55+08:00 ] 192.168.1.104 /index.phpUserV0_1/Recommend/get
INFO: [ app_init ] --START--
INFO: Run Behavior\BuildLiteBehavior [ RunTime:0.000015s ]
INFO: [ app_init ] --END-- [ RunTime:0.000485s ]
ERR: 无法加载模块:Index.phpUserV0_1

[ 2017-11-06T14:19:55+08:00 ] 192.168.1.104 /index.phpUserV0_1/User/getInfo
INFO: [ app_init ] --START--
INFO: Run Behavior\BuildLiteBehavior [ RunTime:0.000012s ]
INFO: [ app_init ] --END-- [ RunTime:0.000419s ]
ERR: 无法加载模块:Index.phpUserV0_1

[ 2017-11-06T14:20:16+08:00 ] 192.168.1.104 /index.phpUserV0_1/Nav/get
INFO: [ app_init ] --START--
INFO: Run Behavior\BuildLiteBehavior [ RunTime:0.000013s ]
INFO: [ app_init ] --END-- [ RunTime:0.000484s ]
ERR: 无法加载模块:Index.phpUserV0_1

[ 2017-11-06T14:20:16+08:00 ] 192.168.1.104 /index.phpUserV0_1/Carousel/get
INFO: [ app_init ] --START--
INFO: Run Behavior\BuildLiteBehavior [ RunTime:0.000014s ]
INFO: [ app_init ] --END-- [ RunTime:0.000453s ]
ERR: 无法加载模块:Index.phpUserV0_1

[ 2017-11-06T14:20:16+08:00 ] 192.168.1.104 /index.phpUserV0_1/User/getInfo
INFO: [ app_init ] --START--
INFO: Run Behavior\BuildLiteBehavior [ RunTime:0.000014s ]
INFO: [ app_init ] --END-- [ RunTime:0.000465s ]
ERR: 无法加载模块:Index.phpUserV0_1

[ 2017-11-06T14:20:16+08:00 ] 192.168.1.104 /index.phpUserV0_1/Recommend/get
INFO: [ app_init ] --START--
INFO: Run Behavior\BuildLiteBehavior [ RunTime:0.000015s ]
INFO: [ app_init ] --END-- [ RunTime:0.000512s ]
ERR: 无法加载模块:Index.phpUserV0_1

[ 2017-11-06T14:20:29+08:00 ] 192.168.1.104 /index.phpUserV0_1/Nav/get
INFO: [ app_init ] --START--
INFO: Run Behavior\BuildLiteBehavior [ RunTime:0.000011s ]
INFO: [ app_init ] --END-- [ RunTime:0.000443s ]
ERR: 无法加载模块:Index.phpUserV0_1

[ 2017-11-06T14:20:29+08:00 ] 192.168.1.104 /index.phpUserV0_1/Carousel/get
INFO: [ app_init ] --START--
INFO: Run Behavior\BuildLiteBehavior [ RunTime:0.000011s ]
INFO: [ app_init ] --END-- [ RunTime:0.000355s ]
ERR: 无法加载模块:Index.phpUserV0_1

[ 2017-11-06T14:20:29+08:00 ] 192.168.1.104 /index.phpUserV0_1/Recommend/get
INFO: [ app_init ] --START--
INFO: Run Behavior\BuildLiteBehavior [ RunTime:0.000014s ]
INFO: [ app_init ] --END-- [ RunTime:0.000474s ]
ERR: 无法加载模块:Index.phpUserV0_1

[ 2017-11-06T14:20:29+08:00 ] 192.168.1.104 /index.phpUserV0_1/User/getInfo
INFO: [ app_init ] --START--
INFO: Run Behavior\BuildLiteBehavior [ RunTime:0.000010s ]
INFO: [ app_init ] --END-- [ RunTime:0.000389s ]
ERR: 无法加载模块:Index.phpUserV0_1

[ 2017-11-06T14:20:40+08:00 ] 192.168.1.104 /index.phpUserV0_1/Nav/get
INFO: [ app_init ] --START--
INFO: Run Behavior\BuildLiteBehavior [ RunTime:0.000015s ]
INFO: [ app_init ] --END-- [ RunTime:0.000511s ]
ERR: 无法加载模块:Index.phpUserV0_1

[ 2017-11-06T14:20:40+08:00 ] 192.168.1.104 /index.phpUserV0_1/Recommend/get
INFO: [ app_init ] --START--
INFO: Run Behavior\BuildLiteBehavior [ RunTime:0.000014s ]
INFO: [ app_init ] --END-- [ RunTime:0.000496s ]
ERR: 无法加载模块:Index.phpUserV0_1

[ 2017-11-06T14:20:40+08:00 ] 192.168.1.104 /index.phpUserV0_1/Carousel/get
INFO: [ app_init ] --START--
INFO: Run Behavior\BuildLiteBehavior [ RunTime:0.000014s ]
INFO: [ app_init ] --END-- [ RunTime:0.000550s ]
ERR: 无法加载模块:Index.phpUserV0_1

[ 2017-11-06T14:20:40+08:00 ] 192.168.1.104 /index.phpUserV0_1/User/getInfo
INFO: [ app_init ] --START--
INFO: Run Behavior\BuildLiteBehavior [ RunTime:0.000015s ]
INFO: [ app_init ] --END-- [ RunTime:0.000465s ]
ERR: 无法加载模块:Index.phpUserV0_1

[ 2017-11-06T14:20:46+08:00 ] 192.168.1.169 /index.phpUserV0_1/Recommend/get
INFO: [ app_init ] --START--
INFO: Run Behavior\BuildLiteBehavior [ RunTime:0.000011s ]
INFO: [ app_init ] --END-- [ RunTime:0.000462s ]
ERR: 无法加载模块:Index.phpUserV0_1

[ 2017-11-06T14:20:46+08:00 ] 192.168.1.169 /index.phpUserV0_1/User/getInfo
INFO: [ app_init ] --START--
INFO: Run Behavior\BuildLiteBehavior [ RunTime:0.000010s ]
INFO: [ app_init ] --END-- [ RunTime:0.000360s ]
ERR: 无法加载模块:Index.phpUserV0_1

[ 2017-11-06T14:20:46+08:00 ] 192.168.1.169 /index.phpUserV0_1/Nav/get
INFO: [ app_init ] --START--
INFO: Run Behavior\BuildLiteBehavior [ RunTime:0.000009s ]
INFO: [ app_init ] --END-- [ RunTime:0.000410s ]
ERR: 无法加载模块:Index.phpUserV0_1

[ 2017-11-06T14:20:46+08:00 ] 192.168.1.169 /index.phpUserV0_1/Carousel/get
INFO: [ app_init ] --START--
INFO: Run Behavior\BuildLiteBehavior [ RunTime:0.000009s ]
INFO: [ app_init ] --END-- [ RunTime:0.000458s ]
ERR: 无法加载模块:Index.phpUserV0_1

[ 2017-11-06T14:20:53+08:00 ] 192.168.1.104 /index.phpUserV0_1/Nav/get
INFO: [ app_init ] --START--
INFO: Run Behavior\BuildLiteBehavior [ RunTime:0.000011s ]
INFO: [ app_init ] --END-- [ RunTime:0.000406s ]
ERR: 无法加载模块:Index.phpUserV0_1

[ 2017-11-06T14:20:53+08:00 ] 192.168.1.104 /index.phpUserV0_1/Carousel/get
INFO: [ app_init ] --START--
INFO: Run Behavior\BuildLiteBehavior [ RunTime:0.000020s ]
INFO: [ app_init ] --END-- [ RunTime:0.000430s ]
ERR: 无法加载模块:Index.phpUserV0_1

[ 2017-11-06T14:20:53+08:00 ] 192.168.1.104 /index.phpUserV0_1/Recommend/get
INFO: [ app_init ] --START--
INFO: Run Behavior\BuildLiteBehavior [ RunTime:0.000017s ]
INFO: [ app_init ] --END-- [ RunTime:0.000483s ]
ERR: 无法加载模块:Index.phpUserV0_1

[ 2017-11-06T14:20:53+08:00 ] 192.168.1.104 /index.phpUserV0_1/User/getInfo
INFO: [ app_init ] --START--
INFO: Run Behavior\BuildLiteBehavior [ RunTime:0.000010s ]
INFO: [ app_init ] --END-- [ RunTime:0.000400s ]
ERR: 无法加载模块:Index.phpUserV0_1

[ 2017-11-06T14:21:04+08:00 ] 192.168.1.104 /index.phpUserV0_1/Nav/get
INFO: [ app_init ] --START--
INFO: Run Behavior\BuildLiteBehavior [ RunTime:0.000010s ]
INFO: [ app_init ] --END-- [ RunTime:0.000331s ]
ERR: 无法加载模块:Index.phpUserV0_1

[ 2017-11-06T14:21:04+08:00 ] 192.168.1.104 /index.phpUserV0_1/Carousel/get
INFO: [ app_init ] --START--
INFO: Run Behavior\BuildLiteBehavior [ RunTime:0.000015s ]
INFO: [ app_init ] --END-- [ RunTime:0.000462s ]
ERR: 无法加载模块:Index.phpUserV0_1

[ 2017-11-06T14:21:04+08:00 ] 192.168.1.104 /index.phpUserV0_1/Recommend/get
INFO: [ app_init ] --START--
INFO: Run Behavior\BuildLiteBehavior [ RunTime:0.000009s ]
INFO: [ app_init ] --END-- [ RunTime:0.000410s ]
ERR: 无法加载模块:Index.phpUserV0_1

[ 2017-11-06T14:21:05+08:00 ] 192.168.1.104 /index.phpUserV0_1/User/getInfo
INFO: [ app_init ] --START--
INFO: Run Behavior\BuildLiteBehavior [ RunTime:0.000010s ]
INFO: [ app_init ] --END-- [ RunTime:0.000319s ]
ERR: 无法加载模块:Index.phpUserV0_1

[ 2017-11-06T14:21:06+08:00 ] 192.168.1.169 /index.phpUserV0_1/User/getInfo
INFO: [ app_init ] --START--
INFO: Run Behavior\BuildLiteBehavior [ RunTime:0.000011s ]
INFO: [ app_init ] --END-- [ RunTime:0.000343s ]
ERR: 无法加载模块:Index.phpUserV0_1

[ 2017-11-06T14:21:06+08:00 ] 192.168.1.169 /index.phpUserV0_1/Recommend/get
INFO: [ app_init ] --START--
INFO: Run Behavior\BuildLiteBehavior [ RunTime:0.000014s ]
INFO: [ app_init ] --END-- [ RunTime:0.000487s ]
ERR: 无法加载模块:Index.phpUserV0_1

[ 2017-11-06T14:21:06+08:00 ] 192.168.1.169 /index.phpUserV0_1/Nav/get
INFO: [ app_init ] --START--
INFO: Run Behavior\BuildLiteBehavior [ RunTime:0.000010s ]
INFO: [ app_init ] --END-- [ RunTime:0.000410s ]
ERR: 无法加载模块:Index.phpUserV0_1

[ 2017-11-06T14:21:06+08:00 ] 192.168.1.169 /index.phpUserV0_1/Carousel/get
INFO: [ app_init ] --START--
INFO: Run Behavior\BuildLiteBehavior [ RunTime:0.000011s ]
INFO: [ app_init ] --END-- [ RunTime:0.000425s ]
ERR: 无法加载模块:Index.phpUserV0_1

[ 2017-11-06T14:21:29+08:00 ] 192.168.1.104 /index.phpUserV0_1/User/getInfo
INFO: [ app_init ] --START--
INFO: Run Behavior\BuildLiteBehavior [ RunTime:0.000015s ]
INFO: [ app_init ] --END-- [ RunTime:0.000537s ]
ERR: 无法加载模块:Index.phpUserV0_1

[ 2017-11-06T14:21:29+08:00 ] 192.168.1.104 /index.phpUserV0_1/Nav/get
INFO: [ app_init ] --START--
INFO: Run Behavior\BuildLiteBehavior [ RunTime:0.000014s ]
INFO: [ app_init ] --END-- [ RunTime:0.000699s ]
ERR: 无法加载模块:Index.phpUserV0_1

_1

[ 2017-11-06T14:21:29+08:00 ] 192.168.1.104 /index.phpUserV0_1/Carousel/get
INFO: [ app_init ] --START--
INFO: Run Behavior\BuildLiteBehavior [ RunTime:0.000017s ]
INFO: [ app_init ] --END-- [ RunTime:0.000557s ]
ERR: 无法加载模块:Index.phpUserV0_1

[ 2017-11-06T14:22:09+08:00 ] 192.168.1.169 /index.phpUserV0_1/Recommend/get
INFO: [ app_init ] --START--
INFO: Run Behavior\BuildLiteBehavior [ RunTime:0.000009s ]
INFO: [ app_init ] --END-- [ RunTime:0.000401s ]
ERR: 无法加载模块:Index.phpUserV0_1

[ 2017-11-06T14:22:09+08:00 ] 192.168.1.169 /index.phpUserV0_1/Nav/get
INFO: [ app_init ] --START--
INFO: Run Behavior\BuildLiteBehavior [ RunTime:0.000009s ]
INFO: [ app_init ] --END-- [ RunTime:0.000316s ]
ERR: 无法加载模块:Index.phpUserV0_1

[ 2017-11-06T14:22:09+08:00 ] 192.168.1.169 /index.phpUserV0_1/Carousel/get
INFO: [ app_init ] --START--
INFO: Run Behavior\BuildLiteBehavior [ RunTime:0.000012s ]
INFO: [ app_init ] --END-- [ RunTime:0.000439s ]
ERR: 无法加载模块:Index.phpUserV0_1

[ 2017-11-06T14:22:09+08:00 ] 192.168.1.169 /index.phpUserV0_1/User/getInfo
INFO: [ app_init ] --START--
INFO: Run Behavior\BuildLiteBehavior [ RunTime:0.000010s ]
INFO: [ app_init ] --END-- [ RunTime:0.000455s ]
ERR: 无法加载模块:Index.phpUserV0_1

[ 2017-11-06T14:22:10+08:00 ] 192.168.1.104 /index.phpUserV0_1/Nav/get
INFO: [ app_init ] --START--
INFO: Run Behavior\BuildLiteBehavior [ RunTime:0.000010s ]
INFO: [ app_init ] --END-- [ RunTime:0.000380s ]
ERR: 无法加载模块:Index.phpUserV0_1

[ 2017-11-06T14:22:10+08:00 ] 192.168.1.104 /index.phpUserV0_1/Carousel/get
INFO: [ app_init ] --START--
INFO: Run Behavior\BuildLiteBehavior [ RunTime:0.000010s ]
INFO: [ app_init ] --END-- [ RunTime:0.000361s ]
ERR: 无法加载模块:Index.phpUserV0_1

[ 2017-11-06T14:22:10+08:00 ] 192.168.1.104 /index.phpUserV0_1/Recommend/get
INFO: [ app_init ] --START--
INFO: Run Behavior\BuildLiteBehavior [ RunTime:0.000015s ]
INFO: [ app_init ] --END-- [ RunTime:0.000453s ]
ERR: 无法加载模块:Index.phpUserV0_1

[ 2017-11-06T14:22:10+08:00 ] 192.168.1.104 /index.phpUserV0_1/User/getInfo
INFO: [ app_init ] --START--
INFO: Run Behavior\BuildLiteBehavior [ RunTime:0.000010s ]
INFO: [ app_init ] --END-- [ RunTime:0.000333s ]
ERR: 无法加载模块:Index.phpUserV0_1

[ 2017-11-06T14:22:24+08:00 ] 192.168.1.169 /index.phpUserV0_1/Recommend/get
INFO: [ app_init ] --START--
INFO: Run Behavior\BuildLiteBehavior [ RunTime:0.000010s ]
INFO: [ app_init ] --END-- [ RunTime:0.000420s ]
ERR: 无法加载模块:Index.phpUserV0_1

[ 2017-11-06T14:22:24+08:00 ] 192.168.1.169 /index.phpUserV0_1/Nav/get
INFO: [ app_init ] --START--
INFO: Run Behavior\BuildLiteBehavior [ RunTime:0.000013s ]
INFO: [ app_init ] --END-- [ RunTime:0.000482s ]
ERR: 无法加载模块:Index.phpUserV0_1

[ 2017-11-06T14:22:24+08:00 ] 192.168.1.169 /index.phpUserV0_1/User/getInfo
INFO: [ app_init ] --START--
INFO: Run Behavior\BuildLiteBehavior [ RunTime:0.000009s ]
INFO: [ app_init ] --END-- [ RunTime:0.000428s ]
ERR: 无法加载模块:Index.phpUserV0_1

[ 2017-11-06T14:22:24+08:00 ] 192.168.1.169 /index.phpUserV0_1/Carousel/get
INFO: [ app_init ] --START--
INFO: Run Behavior\BuildLiteBehavior [ RunTime:0.000013s ]
INFO: [ app_init ] --END-- [ RunTime:0.000446s ]
ERR: 无法加载模块:Index.phpUserV0_1

[ 2017-11-06T14:22:48+08:00 ] 192.168.1.169 /index.phpUserV0_1/Recommend/get
INFO: [ app_init ] --START--
INFO: Run Behavior\BuildLiteBehavior [ RunTime:0.000014s ]
INFO: [ app_init ] --END-- [ RunTime:0.000439s ]
ERR: 无法加载模块:Index.phpUserV0_1

[ 2017-11-06T14:22:48+08:00 ] 192.168.1.169 /index.phpUserV0_1/User/getInfo
INFO: [ app_init ] --START--
INFO: Run Behavior\BuildLiteBehavior [ RunTime:0.000010s ]
INFO: [ app_init ] --END-- [ RunTime:0.000329s ]
ERR: 无法加载模块:Index.phpUserV0_1

[ 2017-11-06T14:22:48+08:00 ] 192.168.1.169 /index.phpUserV0_1/Carousel/get
INFO: [ app_init ] --START--
INFO: Run Behavior\BuildLiteBehavior [ RunTime:0.000010s ]
INFO: [ app_init ] --END-- [ RunTime:0.000331s ]
ERR: 无法加载模块:Index.phpUserV0_1

[ 2017-11-06T14:31:24+08:00 ] 192.168.1.177 /favicon.ico
INFO: [ app_init ] --START--
INFO: Run Behavior\BuildLiteBehavior [ RunTime:0.000011s ]
INFO: [ app_init ] --END-- [ RunTime:0.000368s ]
ERR: 无法加载模块:Favicon

[ 2017-11-06T14:31:24+08:00 ] 192.168.1.177 /favicon.ico
INFO: [ app_init ] --START--
INFO: Run Behavior\BuildLiteBehavior [ RunTime:0.000011s ]
INFO: [ app_init ] --END-- [ RunTime:0.000400s ]
ERR: 无法加载模块:Favicon

