[ 2017-11-12T00:20:50+08:00 ] 192.168.1.102 /index.php/UserV0_1/Recommend/get
INFO: [ app_init ] --START--
INFO: Run Behavior\BuildLiteBehavior [ RunTime:0.000018s ]
INFO: [ app_init ] --END-- [ RunTime:0.000441s ]
INFO: [ app_begin ] --START--
INFO: Run Behavior\ReadHtmlCacheBehavior [ RunTime:0.000625s ]
INFO: [ app_begin ] --END-- [ RunTime:0.000695s ]
NOTIC: [2048] Declaration of UserV0_1\Controller\RecommendController::get() should be compatible with Think\Controller::get($name = '') D:\database\Project\working\formal\MIAOBELER\App\UserV0_1\Controller\RecommendController.class.php 第 18 行.
SQL: SHOW COLUMNS FROM `mia_user` [ RunTime:0.0009s ]
SQL: SELECT * FROM `mia_user` WHERE `token` = '' LIMIT 1   [ RunTime:0.0004s ]
SQL: SHOW COLUMNS FROM `mia_recommend` [ RunTime:0.0007s ]
SQL: SELECT t1.*,t2.goods_id,t2.title,t2.price,t2.str_price,t2.head_img FROM mia_recommend as t1,mia_goods as t2 WHERE ( t1.goods_id = t2.goods_id ) ORDER BY t1.sort asc  [ RunTime:0.0007s ]
INFO: [ app_end ] --START--
INFO: Run Behavior\ShowPageTraceBehavior [ RunTime:0.000657s ]
INFO: [ app_end ] --END-- [ RunTime:0.000746s ]

[ 2017-11-12T00:20:50+08:00 ] 192.168.1.102 /index.php/UserV0_1/User/getInfo
INFO: [ app_init ] --START--
INFO: Run Behavior\BuildLiteBehavior [ RunTime:0.000015s ]
INFO: [ app_init ] --END-- [ RunTime:0.000388s ]
INFO: [ app_begin ] --START--
INFO: Run Behavior\ReadHtmlCacheBehavior [ RunTime:0.000557s ]
INFO: [ app_begin ] --END-- [ RunTime:0.000622s ]
SQL: SHOW COLUMNS FROM `mia_user` [ RunTime:0.0008s ]
SQL: SELECT * FROM `mia_user` WHERE `token` = '' LIMIT 1   [ RunTime:0.0004s ]
SQL: SHOW COLUMNS FROM `mia_user` [ RunTime:0.0007s ]
SQL: SELECT * FROM `mia_user` WHERE `user_id` = '150' LIMIT 1   [ RunTime:0.0004s ]
INFO: [ app_end ] --START--
INFO: Run Behavior\ShowPageTraceBehavior [ RunTime:0.000654s ]
INFO: [ app_end ] --END-- [ RunTime:0.000789s ]

[ 2017-11-12T00:20:50+08:00 ] 192.168.1.102 /index.php/UserV0_1/Dynamic/getList
INFO: [ app_init ] --START--
INFO: Run Behavior\BuildLiteBehavior [ RunTime:0.000017s ]
INFO: [ app_init ] --END-- [ RunTime:0.000434s ]
INFO: [ app_begin ] --START--
INFO: Run Behavior\ReadHtmlCacheBehavior [ RunTime:0.000578s ]
INFO: [ app_begin ] --END-- [ RunTime:0.000648s ]
SQL: SHOW COLUMNS FROM `mia_user` [ RunTime:0.0007s ]
SQL: SELECT * FROM `mia_user` WHERE `token` = '' LIMIT 1   [ RunTime:0.0004s ]
SQL: SHOW COLUMNS FROM `mia_dynamic` [ RunTime:0.0015s ]
SQL: SELECT t1.*,t2.* FROM mia_dynamic as t1,mia_user as t2 WHERE ( t1.user_id = t2.user_id )  [ RunTime:0.0005s ]
INFO: [ app_end ] --START--
INFO: Run Behavior\ShowPageTraceBehavior [ RunTime:0.000769s ]
INFO: [ app_end ] --END-- [ RunTime:0.000839s ]

[ 2017-11-12T00:20:50+08:00 ] 192.168.1.102 /index.php/UserV0_1/IndexNav/getList
INFO: [ app_init ] --START--
INFO: Run Behavior\BuildLiteBehavior [ RunTime:0.000016s ]
INFO: [ app_init ] --END-- [ RunTime:0.000375s ]
INFO: [ app_begin ] --START--
INFO: Run Behavior\ReadHtmlCacheBehavior [ RunTime:0.000485s ]
INFO: [ app_begin ] --END-- [ RunTime:0.000551s ]
SQL: SHOW COLUMNS FROM `mia_user` [ RunTime:0.0014s ]
SQL: SELECT * FROM `mia_user` WHERE `token` = '' LIMIT 1   [ RunTime:0.0004s ]
SQL: SHOW COLUMNS FROM `mia_goods` [ RunTime:0.0008s ]
SQL: SELECT t1.*,t2.*,t3.*,t1.title AS `t1_title`,t2.title AS `t2_title`,t3.title AS `t3_title`,t2.class_id AS `t2_id`,t3.class_id AS `t3_id`,t1.head_img AS `t1_head_img` FROM mia_goods AS t1,mia_class AS t2,mia_class as t3 WHERE ( t1.class_id = t2.class_id AND t2.super_id = t3.class_id )  [ RunTime:0.0009s ]
INFO: [ app_end ] --START--
INFO: Run Behavior\ShowPageTraceBehavior [ RunTime:0.000533s ]
INFO: [ app_end ] --END-- [ RunTime:0.000606s ]

[ 2017-11-12T00:20:50+08:00 ] 192.168.1.102 /index.php/UserV0_1/Brand/getList
INFO: [ app_init ] --START--
INFO: Run Behavior\BuildLiteBehavior [ RunTime:0.000069s ]
INFO: [ app_init ] --END-- [ RunTime:0.002197s ]
INFO: [ app_begin ] --START--
INFO: Run Behavior\ReadHtmlCacheBehavior [ RunTime:0.000653s ]
INFO: [ app_begin ] --END-- [ RunTime:0.000732s ]
SQL: SHOW COLUMNS FROM `mia_user` [ RunTime:0.0008s ]
SQL: SELECT * FROM `mia_user` WHERE `token` = '' LIMIT 1   [ RunTime:0.0004s ]
SQL: SHOW COLUMNS FROM `mia_brand` [ RunTime:0.0007s ]
SQL: SELECT * FROM `mia_brand`  [ RunTime:0.0066s ]
INFO: [ app_end ] --START--
INFO: Run Behavior\ShowPageTraceBehavior [ RunTime:0.001889s ]
INFO: [ app_end ] --END-- [ RunTime:0.001974s ]

[ 2017-11-12T00:20:50+08:00 ] 192.168.1.102 /index.php/UserV0_1/Class/getClassList1
INFO: [ app_init ] --START--
INFO: Run Behavior\BuildLiteBehavior [ RunTime:0.000015s ]
INFO: [ app_init ] --END-- [ RunTime:0.000480s ]
INFO: [ app_begin ] --START--
INFO: Run Behavior\ReadHtmlCacheBehavior [ RunTime:0.000625s ]
INFO: [ app_begin ] --END-- [ RunTime:0.000706s ]
SQL: SHOW COLUMNS FROM `mia_user` [ RunTime:0.0008s ]
SQL: SELECT * FROM `mia_user` WHERE `token` = '' LIMIT 1   [ RunTime:0.0004s ]
SQL: SHOW COLUMNS FROM `mia_class` [ RunTime:0.0007s ]
SQL: SELECT * FROM `mia_class` WHERE ( level = 1 ) ORDER BY sort asc  [ RunTime:0.0005s ]
INFO: [ app_end ] --START--
INFO: Run Behavior\ShowPageTraceBehavior [ RunTime:0.000595s ]
INFO: [ app_end ] --END-- [ RunTime:0.000660s ]

[ 2017-11-12T00:20:50+08:00 ] 192.168.1.102 /index.php/UserV0_1/ShoppingBag/showList
INFO: [ app_init ] --START--
INFO: Run Behavior\BuildLiteBehavior [ RunTime:0.000017s ]
INFO: [ app_init ] --END-- [ RunTime:0.000362s ]
INFO: [ app_begin ] --START--
INFO: Run Behavior\ReadHtmlCacheBehavior [ RunTime:0.000478s ]
INFO: [ app_begin ] --END-- [ RunTime:0.000548s ]
SQL: SHOW COLUMNS FROM `mia_user` [ RunTime:0.0010s ]
SQL: SELECT * FROM `mia_user` WHERE `token` = 'e4ced168b91e22f30f0cd4874f59cf63' LIMIT 1   [ RunTime:0.0005s ]
SQL: SHOW COLUMNS FROM `mia_shopping_bag` [ RunTime:0.0008s ]
SQL: SHOW COLUMNS FROM `mia_shopping_bag` [ RunTime:0.0006s ]
SQL: SELECT t1.*,t2.* FROM mia_shopping_bag AS t1,mia_goods AS t2 WHERE ( t1.goods_id = t2.goods_id AND user_id="150" )  [ RunTime:0.0006s ]
NOTIC: [8] Undefined variable: result D:\database\Project\working\formal\MIAOBELER\App\UserV0_1\Model\ShoppingBagModel.class.php 第 127 行.
INFO: [ app_end ] --START--
INFO: Run Behavior\ShowPageTraceBehavior [ RunTime:0.000540s ]
INFO: [ app_end ] --END-- [ RunTime:0.000609s ]

[ 2017-11-12T00:20:50+08:00 ] 192.168.1.102 /index.php/UserV0_1/Login/isLogin
INFO: [ app_init ] --START--
INFO: Run Behavior\BuildLiteBehavior [ RunTime:0.000021s ]
INFO: [ app_init ] --END-- [ RunTime:0.000698s ]
INFO: [ app_begin ] --START--
INFO: Run Behavior\ReadHtmlCacheBehavior [ RunTime:0.000832s ]
INFO: [ app_begin ] --END-- [ RunTime:0.000925s ]
SQL: SHOW COLUMNS FROM `mia_user` [ RunTime:0.0009s ]
SQL: SELECT * FROM `mia_user` WHERE `token` = 'e4ced168b91e22f30f0cd4874f59cf63' LIMIT 1   [ RunTime:0.0005s ]
INFO: [ app_end ] --START--
INFO: Run Behavior\ShowPageTraceBehavior [ RunTime:0.000823s ]
INFO: [ app_end ] --END-- [ RunTime:0.000928s ]

[ 2017-11-12T00:20:50+08:00 ] 192.168.1.102 /index.php/UserV0_1/Class/getClassList2?super_id=huchairqo25125
INFO: [ app_init ] --START--
INFO: Run Behavior\BuildLiteBehavior [ RunTime:0.000026s ]
INFO: [ app_init ] --END-- [ RunTime:0.000552s ]
INFO: [ app_begin ] --START--
INFO: Run Behavior\ReadHtmlCacheBehavior [ RunTime:0.000695s ]
INFO: [ app_begin ] --END-- [ RunTime:0.000802s ]
SQL: SHOW COLUMNS FROM `mia_user` [ RunTime:0.0008s ]
SQL: SELECT * FROM `mia_user` WHERE `token` = '' LIMIT 1   [ RunTime:0.0005s ]
SQL: SHOW COLUMNS FROM `mia_class` [ RunTime:0.0008s ]
SQL: SELECT * FROM `mia_class` WHERE `super_id` = 'huchairqo25125' AND `level` = 2 ORDER BY sort asc  [ RunTime:0.0005s ]
INFO: [ app_end ] --START--
INFO: Run Behavior\ShowPageTraceBehavior [ RunTime:0.000709s ]
INFO: [ app_end ] --END-- [ RunTime:0.000794s ]

[ 2017-11-12T00:58:30+08:00 ] 192.168.1.102 /index.php/UserV0_1/Recommend/get
INFO: [ app_init ] --START--
INFO: Run Behavior\BuildLiteBehavior [ RunTime:0.000016s ]
INFO: [ app_init ] --END-- [ RunTime:0.000398s ]
INFO: [ app_begin ] --START--
INFO: Run Behavior\ReadHtmlCacheBehavior [ RunTime:0.000591s ]
INFO: [ app_begin ] --END-- [ RunTime:0.000673s ]
NOTIC: [2048] Declaration of UserV0_1\Controller\RecommendController::get() should be compatible with Think\Controller::get($name = '') D:\database\Project\working\formal\MIAOBELER\App\UserV0_1\Controller\RecommendController.class.php 第 18 行.
SQL: SHOW COLUMNS FROM `mia_user` [ RunTime:0.0012s ]
SQL: SELECT * FROM `mia_user` WHERE `token` = '' LIMIT 1   [ RunTime:0.0004s ]
SQL: SHOW COLUMNS FROM `mia_recommend` [ RunTime:0.0007s ]
SQL: SELECT t1.*,t2.goods_id,t2.title,t2.price,t2.str_price,t2.head_img FROM mia_recommend as t1,mia_goods as t2 WHERE ( t1.goods_id = t2.goods_id ) ORDER BY t1.sort asc  [ RunTime:0.0006s ]
INFO: [ app_end ] --START--
INFO: Run Behavior\ShowPageTraceBehavior [ RunTime:0.000711s ]
INFO: [ app_end ] --END-- [ RunTime:0.000781s ]

[ 2017-11-12T00:58:30+08:00 ] 192.168.1.102 /index.php/UserV0_1/User/getInfo
INFO: [ app_init ] --START--
INFO: Run Behavior\BuildLiteBehavior [ RunTime:0.000016s ]
INFO: [ app_init ] --END-- [ RunTime:0.000404s ]
INFO: [ app_begin ] --START--
INFO: Run Behavior\ReadHtmlCacheBehavior [ RunTime:0.000667s ]
INFO: [ app_begin ] --END-- [ RunTime:0.000739s ]
SQL: SHOW COLUMNS FROM `mia_user` [ RunTime:0.0009s ]
SQL: SELECT * FROM `mia_user` WHERE `token` = '' LIMIT 1   [ RunTime:0.0004s ]
SQL: SHOW COLUMNS FROM `mia_user` [ RunTime:0.0013s ]
SQL: SELECT * FROM `mia_user` WHERE `user_id` = '150' LIMIT 1   [ RunTime:0.0004s ]
INFO: [ app_end ] --START--
INFO: Run Behavior\ShowPageTraceBehavior [ RunTime:0.000695s ]
INFO: [ app_end ] --END-- [ RunTime:0.000761s ]

[ 2017-11-12T00:58:30+08:00 ] 192.168.1.102 /index.php/UserV0_1/Class/getClassList1
INFO: [ app_init ] --START--
INFO: Run Behavior\BuildLiteBehavior [ RunTime:0.000132s ]
INFO: [ app_init ] --END-- [ RunTime:0.001299s ]
INFO: [ app_begin ] --START--
INFO: Run Behavior\ReadHtmlCacheBehavior [ RunTime:0.000587s ]
INFO: [ app_begin ] --END-- [ RunTime:0.000656s ]
SQL: SHOW COLUMNS FROM `mia_user` [ RunTime:0.0014s ]
SQL: SELECT * FROM `mia_user` WHERE `token` = '' LIMIT 1   [ RunTime:0.0003s ]
SQL: SHOW COLUMNS FROM `mia_class` [ RunTime:0.0010s ]
SQL: SELECT * FROM `mia_class` WHERE ( level = 1 ) ORDER BY sort asc  [ RunTime:0.0004s ]
INFO: [ app_end ] --START--
INFO: Run Behavior\ShowPageTraceBehavior [ RunTime:0.000558s ]
INFO: [ app_end ] --END-- [ RunTime:0.000615s ]

[ 2017-11-12T00:58:30+08:00 ] 192.168.1.102 /index.php/UserV0_1/Dynamic/getList
INFO: [ app_init ] --START--
INFO: Run Behavior\BuildLiteBehavior [ RunTime:0.000016s ]
INFO: [ app_init ] --END-- [ RunTime:0.000361s ]
INFO: [ app_begin ] --START--
INFO: Run Behavior\ReadHtmlCacheBehavior [ RunTime:0.000466s ]
INFO: [ app_begin ] --END-- [ RunTime:0.000531s ]
SQL: SHOW COLUMNS FROM `mia_user` [ RunTime:0.0008s ]
SQL: SELECT * FROM `mia_user` WHERE `token` = '' LIMIT 1   [ RunTime:0.0004s ]
SQL: SHOW COLUMNS FROM `mia_dynamic` [ RunTime:0.0008s ]
SQL: SELECT t1.*,t2.* FROM mia_dynamic as t1,mia_user as t2 WHERE ( t1.user_id = t2.user_id )  [ RunTime:0.0006s ]
INFO: [ app_end ] --START--
INFO: Run Behavior\ShowPageTraceBehavior [ RunTime:0.000730s ]
INFO: [ app_end ] --END-- [ RunTime:0.000793s ]

[ 2017-11-12T00:58:30+08:00 ] 192.168.1.102 /index.php/UserV0_1/Brand/getList
INFO: [ app_init ] --START--
INFO: Run Behavior\BuildLiteBehavior [ RunTime:0.000018s ]
INFO: [ app_init ] --END-- [ RunTime:0.000459s ]
INFO: [ app_begin ] --START--
INFO: Run Behavior\ReadHtmlCacheBehavior [ RunTime:0.001243s ]
INFO: [ app_begin ] --END-- [ RunTime:0.001357s ]
SQL: SHOW COLUMNS FROM `mia_user` [ RunTime:0.0008s ]
SQL: SELECT * FROM `mia_user` WHERE `token` = '' LIMIT 1   [ RunTime:0.0004s ]
SQL: SHOW COLUMNS FROM `mia_brand` [ RunTime:0.0007s ]
SQL: SELECT * FROM `mia_brand`  [ RunTime:0.0004s ]
INFO: [ app_end ] --START--
INFO: Run Behavior\ShowPageTraceBehavior [ RunTime:0.000824s ]
INFO: [ app_end ] --END-- [ RunTime:0.000881s ]

[ 2017-11-12T00:58:31+08:00 ] 192.168.1.102 /index.php/UserV0_1/ShoppingBag/showList
INFO: [ app_init ] --START--
INFO: Run Behavior\BuildLiteBehavior [ RunTime:0.000020s ]
INFO: [ app_init ] --END-- [ RunTime:0.000420s ]
INFO: [ app_begin ] --START--
INFO: Run Behavior\ReadHtmlCacheBehavior [ RunTime:0.000652s ]
INFO: [ app_begin ] --END-- [ RunTime:0.000735s ]
SQL: SHOW COLUMNS FROM `mia_user` [ RunTime:0.0009s ]
SQL: SELECT * FROM `mia_user` WHERE `token` = 'e4ced168b91e22f30f0cd4874f59cf63' LIMIT 1   [ RunTime:0.0004s ]
SQL: SHOW COLUMNS FROM `mia_shopping_bag` [ RunTime:0.0012s ]
SQL: SHOW COLUMNS FROM `mia_shopping_bag` [ RunTime:0.0008s ]
SQL: SELECT t1.*,t2.* FROM mia_shopping_bag AS t1,mia_goods AS t2 WHERE ( t1.goods_id = t2.goods_id AND user_id="150" )  [ RunTime:0.0007s ]
NOTIC: [8] Undefined variable: result D:\database\Project\working\formal\MIAOBELER\App\UserV0_1\Model\ShoppingBagModel.class.php 第 127 行.
INFO: [ app_end ] --START--
INFO: Run Behavior\ShowPageTraceBehavior [ RunTime:0.000496s ]
INFO: [ app_end ] --END-- [ RunTime:0.000555s ]

[ 2017-11-12T00:58:31+08:00 ] 192.168.1.102 /index.php/UserV0_1/IndexNav/getList
INFO: [ app_init ] --START--
INFO: Run Behavior\BuildLiteBehavior [ RunTime:0.000018s ]
INFO: [ app_init ] --END-- [ RunTime:0.000402s ]
INFO: [ app_begin ] --START--
INFO: Run Behavior\ReadHtmlCacheBehavior [ RunTime:0.000507s ]
INFO: [ app_begin ] --END-- [ RunTime:0.000579s ]
SQL: SHOW COLUMNS FROM `mia_user` [ RunTime:0.0008s ]
SQL: SELECT * FROM `mia_user` WHERE `token` = '' LIMIT 1   [ RunTime:0.0004s ]
SQL: SHOW COLUMNS FROM `mia_goods` [ RunTime:0.0009s ]
SQL: SELECT t1.*,t2.*,t3.*,t1.title AS `t1_title`,t2.title AS `t2_title`,t3.title AS `t3_title`,t2.class_id AS `t2_id`,t3.class_id AS `t3_id`,t1.head_img AS `t1_head_img` FROM mia_goods AS t1,mia_class AS t2,mia_class as t3 WHERE ( t1.class_id = t2.class_id AND t2.super_id = t3.class_id )  [ RunTime:0.0008s ]
INFO: [ app_end ] --START--
INFO: Run Behavior\ShowPageTraceBehavior [ RunTime:0.000520s ]
INFO: [ app_end ] --END-- [ RunTime:0.000591s ]

[ 2017-11-12T00:58:31+08:00 ] 192.168.1.102 /index.php/UserV0_1/Login/isLogin
INFO: [ app_init ] --START--
INFO: Run Behavior\BuildLiteBehavior [ RunTime:0.000017s ]
INFO: [ app_init ] --END-- [ RunTime:0.000377s ]
INFO: [ app_begin ] --START--
INFO: Run Behavior\ReadHtmlCacheBehavior [ RunTime:0.000587s ]
INFO: [ app_begin ] --END-- [ RunTime:0.000656s ]
SQL: SHOW COLUMNS FROM `mia_user` [ RunTime:0.0009s ]
SQL: SELECT * FROM `mia_user` WHERE `token` = 'e4ced168b91e22f30f0cd4874f59cf63' LIMIT 1   [ RunTime:0.0005s ]
INFO: [ app_end ] --START--
INFO: Run Behavior\ShowPageTraceBehavior [ RunTime:0.000676s ]
INFO: [ app_end ] --END-- [ RunTime:0.000874s ]

[ 2017-11-12T00:58:31+08:00 ] 192.168.1.102 /index.php/UserV0_1/Class/getClassList2?super_id=huchairqo25125
INFO: [ app_init ] --START--
INFO: Run Behavior\BuildLiteBehavior [ RunTime:0.000015s ]
INFO: [ app_init ] --END-- [ RunTime:0.000373s ]
INFO: [ app_begin ] --START--
INFO: Run Behavior\ReadHtmlCacheBehavior [ RunTime:0.000533s ]
INFO: [ app_begin ] --END-- [ RunTime:0.000605s ]
SQL: SHOW COLUMNS FROM `mia_user` [ RunTime:0.0008s ]
SQL: SELECT * FROM `mia_user` WHERE `token` = '' LIMIT 1   [ RunTime:0.0004s ]
SQL: SHOW COLUMNS FROM `mia_class` [ RunTime:0.0008s ]
SQL: SELECT * FROM `mia_class` WHERE `super_id` = 'huchairqo25125' AND `level` = 2 ORDER BY sort asc  [ RunTime:0.0006s ]
INFO: [ app_end ] --START--
INFO: Run Behavior\ShowPageTraceBehavior [ RunTime:0.000643s ]
INFO: [ app_end ] --END-- [ RunTime:0.000706s ]

[ 2017-11-12T01:06:15+08:00 ] 192.168.1.102 /index.php/UserV0_1/Recommend/get
INFO: [ app_init ] --START--
INFO: Run Behavior\BuildLiteBehavior [ RunTime:0.000018s ]
INFO: [ app_init ] --END-- [ RunTime:0.000431s ]
INFO: [ app_begin ] --START--
INFO: Run Behavior\ReadHtmlCacheBehavior [ RunTime:0.000719s ]
INFO: [ app_begin ] --END-- [ RunTime:0.000808s ]
NOTIC: [2048] Declaration of UserV0_1\Controller\RecommendController::get() should be compatible with Think\Controller::get($name = '') D:\database\Project\working\formal\MIAOBELER\App\UserV0_1\Controller\RecommendController.class.php 第 18 行.
SQL: SHOW COLUMNS FROM `mia_user` [ RunTime:0.0010s ]
SQL: SELECT * FROM `mia_user` WHERE `token` = '' LIMIT 1   [ RunTime:0.0005s ]
SQL: SHOW COLUMNS FROM `mia_recommend` [ RunTime:0.0008s ]
SQL: SELECT t1.*,t2.goods_id,t2.title,t2.price,t2.str_price,t2.head_img FROM mia_recommend as t1,mia_goods as t2 WHERE ( t1.goods_id = t2.goods_id ) ORDER BY t1.sort asc  [ RunTime:0.0008s ]
INFO: [ app_end ] --START--
INFO: Run Behavior\ShowPageTraceBehavior [ RunTime:0.000704s ]
INFO: [ app_end ] --END-- [ RunTime:0.000773s ]

[ 2017-11-12T01:06:15+08:00 ] 192.168.1.102 /index.php/UserV0_1/User/getInfo
INFO: [ app_init ] --START--
INFO: Run Behavior\BuildLiteBehavior [ RunTime:0.000016s ]
INFO: [ app_init ] --END-- [ RunTime:0.000390s ]
INFO: [ app_begin ] --START--
INFO: Run Behavior\ReadHtmlCacheBehavior [ RunTime:0.000636s ]
INFO: [ app_begin ] --END-- [ RunTime:0.000710s ]
SQL: SHOW COLUMNS FROM `mia_user` [ RunTime:0.0008s ]
SQL: SELECT * FROM `mia_user` WHERE `token` = '' LIMIT 1   [ RunTime:0.0004s ]
SQL: SHOW COLUMNS FROM `mia_user` [ RunTime:0.0007s ]
SQL: SELECT * FROM `mia_user` WHERE `user_id` = '150' LIMIT 1   [ RunTime:0.0004s ]
INFO: [ app_end ] --START--
INFO: Run Behavior\ShowPageTraceBehavior [ RunTime:0.000694s ]
INFO: [ app_end ] --END-- [ RunTime:0.000748s ]

[ 2017-11-12T01:06:15+08:00 ] 192.168.1.102 /index.php/UserV0_1/Class/getClassList1
INFO: [ app_init ] --START--
INFO: Run Behavior\BuildLiteBehavior [ RunTime:0.000021s ]
INFO: [ app_init ] --END-- [ RunTime:0.001633s ]
INFO: [ app_begin ] --START--
INFO: Run Behavior\ReadHtmlCacheBehavior [ RunTime:0.000659s ]
INFO: [ app_begin ] --END-- [ RunTime:0.000749s ]
SQL: SHOW COLUMNS FROM `mia_user` [ RunTime:0.0008s ]
SQL: SELECT * FROM `mia_user` WHERE `token` = '' LIMIT 1   [ RunTime:0.0005s ]
SQL: SHOW COLUMNS FROM `mia_class` [ RunTime:0.0007s ]
SQL: SELECT * FROM `mia_class` WHERE ( level = 1 ) ORDER BY sort asc  [ RunTime:0.0005s ]
INFO: [ app_end ] --START--
INFO: Run Behavior\ShowPageTraceBehavior [ RunTime:0.000625s ]
INFO: [ app_end ] --END-- [ RunTime:0.000695s ]

[ 2017-11-12T01:06:15+08:00 ] 192.168.1.102 /index.php/UserV0_1/Brand/getList
INFO: [ app_init ] --START--
INFO: Run Behavior\BuildLiteBehavior [ RunTime:0.000020s ]
INFO: [ app_init ] --END-- [ RunTime:0.000441s ]
INFO: [ app_begin ] --START--
INFO: Run Behavior\ReadHtmlCacheBehavior [ RunTime:0.000572s ]
INFO: [ app_begin ] --END-- [ RunTime:0.000647s ]
SQL: SHOW COLUMNS FROM `mia_user` [ RunTime:0.0007s ]
SQL: SELECT * FROM `mia_user` WHERE `token` = '' LIMIT 1   [ RunTime:0.0004s ]
SQL: SHOW COLUMNS FROM `mia_brand` [ RunTime:0.0008s ]
SQL: SELECT * FROM `mia_brand`  [ RunTime:0.0004s ]
INFO: [ app_end ] --START--
INFO: Run Behavior\ShowPageTraceBehavior [ RunTime:0.000568s ]
INFO: [ app_end ] --END-- [ RunTime:0.000647s ]

[ 2017-11-12T01:06:15+08:00 ] 192.168.1.102 /index.php/UserV0_1/Dynamic/getList
INFO: [ app_init ] --START--
INFO: Run Behavior\BuildLiteBehavior [ RunTime:0.000017s ]
INFO: [ app_init ] --END-- [ RunTime:0.000682s ]
INFO: [ app_begin ] --START--
INFO: Run Behavior\ReadHtmlCacheBehavior [ RunTime:0.000579s ]
INFO: [ app_begin ] --END-- [ RunTime:0.000648s ]
SQL: SHOW COLUMNS FROM `mia_user` [ RunTime:0.0008s ]
SQL: SELECT * FROM `mia_user` WHERE `token` = '' LIMIT 1   [ RunTime:0.0004s ]
SQL: SHOW COLUMNS FROM `mia_dynamic` [ RunTime:0.0009s ]
SQL: SELECT t1.*,t2.* FROM mia_dynamic as t1,mia_user as t2 WHERE ( t1.user_id = t2.user_id )  [ RunTime:0.0006s ]
INFO: [ app_end ] --START--
INFO: Run Behavior\ShowPageTraceBehavior [ RunTime:0.000641s ]
INFO: [ app_end ] --END-- [ RunTime:0.000702s ]

[ 2017-11-12T01:06:15+08:00 ] 192.168.1.102 /index.php/UserV0_1/ShoppingBag/showList
INFO: [ app_init ] --START--
INFO: Run Behavior\BuildLiteBehavior [ RunTime:0.000017s ]
INFO: [ app_init ] --END-- [ RunTime:0.000428s ]
INFO: [ app_begin ] --START--
INFO: Run Behavior\ReadHtmlCacheBehavior [ RunTime:0.000561s ]
INFO: [ app_begin ] --END-- [ RunTime:0.000641s ]
SQL: SHOW COLUMNS FROM `mia_user` [ RunTime:0.0007s ]
SQL: SELECT * FROM `mia_user` WHERE `token` = 'e4ced168b91e22f30f0cd4874f59cf63' LIMIT 1   [ RunTime:0.0005s ]
SQL: SHOW COLUMNS FROM `mia_shopping_bag` [ RunTime:0.0009s ]
SQL: SHOW COLUMNS FROM `mia_shopping_bag` [ RunTime:0.0007s ]
SQL: SELECT t1.*,t2.* FROM mia_shopping_bag AS t1,mia_goods AS t2 WHERE ( t1.goods_id = t2.goods_id AND user_id="150" )  [ RunTime:0.0007s ]
NOTIC: [8] Undefined variable: result D:\database\Project\working\formal\MIAOBELER\App\UserV0_1\Model\ShoppingBagModel.class.php 第 127 行.
INFO: [ app_end ] --START--
INFO: Run Behavior\ShowPageTraceBehavior [ RunTime:0.000518s ]
INFO: [ app_end ] --END-- [ RunTime:0.000577s ]

[ 2017-11-12T01:06:15+08:00 ] 192.168.1.102 /index.php/UserV0_1/IndexNav/getList
INFO: [ app_init ] --START--
INFO: Run Behavior\BuildLiteBehavior [ RunTime:0.000014s ]
INFO: [ app_init ] --END-- [ RunTime:0.000328s ]
INFO: [ app_begin ] --START--
INFO: Run Behavior\ReadHtmlCacheBehavior [ RunTime:0.001026s ]
INFO: [ app_begin ] --END-- [ RunTime:0.001149s ]
SQL: SHOW COLUMNS FROM `mia_user` [ RunTime:0.0008s ]
SQL: SELECT * FROM `mia_user` WHERE `token` = '' LIMIT 1   [ RunTime:0.0004s ]
SQL: SHOW COLUMNS FROM `mia_goods` [ RunTime:0.0008s ]
SQL: SELECT t1.*,t2.*,t3.*,t1.title AS `t1_title`,t2.title AS `t2_title`,t3.title AS `t3_title`,t2.class_id AS `t2_id`,t3.class_id AS `t3_id`,t1.head_img AS `t1_head_img` FROM mia_goods AS t1,mia_class AS t2,mia_class as t3 WHERE ( t1.class_id = t2.class_id AND t2.super_id = t3.class_id )  [ RunTime:0.0008s ]
INFO: [ app_end ] --START--
INFO: Run Behavior\ShowPageTraceBehavior [ RunTime:0.000659s ]
INFO: [ app_end ] --END-- [ RunTime:0.000742s ]

[ 2017-11-12T01:06:15+08:00 ] 192.168.1.102 /index.php/UserV0_1/Login/isLogin
INFO: [ app_init ] --START--
INFO: Run Behavior\BuildLiteBehavior [ RunTime:0.000022s ]
INFO: [ app_init ] --END-- [ RunTime:0.000445s ]
INFO: [ app_begin ] --START--
INFO: Run Behavior\ReadHtmlCacheBehavior [ RunTime:0.000515s ]
INFO: [ app_begin ] --END-- [ RunTime:0.000587s ]
SQL: SHOW COLUMNS FROM `mia_user` [ RunTime:0.0008s ]
SQL: SELECT * FROM `mia_user` WHERE `token` = 'e4ced168b91e22f30f0cd4874f59cf63' LIMIT 1   [ RunTime:0.0004s ]
INFO: [ app_end ] --START--
INFO: Run Behavior\ShowPageTraceBehavior [ RunTime:0.000876s ]
INFO: [ app_end ] --END-- [ RunTime:0.001008s ]

[ 2017-11-12T01:06:15+08:00 ] 192.168.1.102 /index.php/UserV0_1/Class/getClassList2?super_id=huchairqo25125
INFO: [ app_init ] --START--
INFO: Run Behavior\BuildLiteBehavior [ RunTime:0.000024s ]
INFO: [ app_init ] --END-- [ RunTime:0.000435s ]
INFO: [ app_begin ] --START--
INFO: Run Behavior\ReadHtmlCacheBehavior [ RunTime:0.000551s ]
INFO: [ app_begin ] --END-- [ RunTime:0.000632s ]
SQL: SHOW COLUMNS FROM `mia_user` [ RunTime:0.0008s ]
SQL: SELECT * FROM `mia_user` WHERE `token` = '' LIMIT 1   [ RunTime:0.0004s ]
SQL: SHOW COLUMNS FROM `mia_class` [ RunTime:0.0006s ]
SQL: SELECT * FROM `mia_class` WHERE `super_id` = 'huchairqo25125' AND `level` = 2 ORDER BY sort asc  [ RunTime:0.0004s ]
INFO: [ app_end ] --START--
INFO: Run Behavior\ShowPageTraceBehavior [ RunTime:0.000627s ]
INFO: [ app_end ] --END-- [ RunTime:0.000695s ]

[ 2017-11-12T01:07:20+08:00 ] 192.168.1.102 /index.php/UserV0_1/Recommend/get
INFO: [ app_init ] --START--
INFO: Run Behavior\BuildLiteBehavior [ RunTime:0.000018s ]
INFO: [ app_init ] --END-- [ RunTime:0.000355s ]
INFO: [ app_begin ] --START--
INFO: Run Behavior\ReadHtmlCacheBehavior [ RunTime:0.000452s ]
INFO: [ app_begin ] --END-- [ RunTime:0.000518s ]
NOTIC: [2048] Declaration of UserV0_1\Controller\RecommendController::get() should be compatible with Think\Controller::get($name = '') D:\database\Project\working\formal\MIAOBELER\App\UserV0_1\Controller\RecommendController.class.php 第 18 行.
SQL: SHOW COLUMNS FROM `mia_user` [ RunTime:0.0008s ]
SQL: SELECT * FROM `mia_user` WHERE `token` = '' LIMIT 1   [ RunTime:0.0004s ]
SQL: SHOW COLUMNS FROM `mia_recommend` [ RunTime:0.0007s ]
SQL: SELECT t1.*,t2.goods_id,t2.title,t2.price,t2.str_price,t2.head_img FROM mia_recommend as t1,mia_goods as t2 WHERE ( t1.goods_id = t2.goods_id ) ORDER BY t1.sort asc  [ RunTime:0.0007s ]
INFO: [ app_end ] --START--
INFO: Run Behavior\ShowPageTraceBehavior [ RunTime:0.000485s ]
INFO: [ app_end ] --END-- [ RunTime:0.000547s ]

[ 2017-11-12T01:07:20+08:00 ] 192.168.1.102 /index.php/UserV0_1/User/getInfo
INFO: [ app_init ] --START--
INFO: Run Behavior\BuildLiteBehavior [ RunTime:0.000021s ]
INFO: [ app_init ] --END-- [ RunTime:0.000524s ]
INFO: [ app_begin ] --START--
INFO: Run Behavior\ReadHtmlCacheBehavior [ RunTime:0.000622s ]
INFO: [ app_begin ] --END-- [ RunTime:0.000706s ]
SQL: SHOW COLUMNS FROM `mia_user` [ RunTime:0.0008s ]
SQL: SELECT * FROM `mia_user` WHERE `token` = '' LIMIT 1   [ RunTime:0.0004s ]
SQL: SHOW COLUMNS FROM `mia_user` [ RunTime:0.0007s ]
SQL: SELECT * FROM `mia_user` WHERE `user_id` = '150' LIMIT 1   [ RunTime:0.0004s ]
INFO: [ app_end ] --START--
INFO: Run Behavior\ShowPageTraceBehavior [ RunTime:0.000615s ]
INFO: [ app_end ] --END-- [ RunTime:0.000682s ]

[ 2017-11-12T01:07:20+08:00 ] 192.168.1.102 /index.php/UserV0_1/Class/getClassList1
INFO: [ app_init ] --START--
INFO: Run Behavior\BuildLiteBehavior [ RunTime:0.000016s ]
INFO: [ app_init ] --END-- [ RunTime:0.000450s ]
INFO: [ app_begin ] --START--
INFO: Run Behavior\ReadHtmlCacheBehavior [ RunTime:0.000882s ]
INFO: [ app_begin ] --END-- [ RunTime:0.000985s ]
SQL: SHOW COLUMNS FROM `mia_user` [ RunTime:0.0008s ]
SQL: SELECT * FROM `mia_user` WHERE `token` = '' LIMIT 1   [ RunTime:0.0005s ]
SQL: SHOW COLUMNS FROM `mia_class` [ RunTime:0.0007s ]
SQL: SELECT * FROM `mia_class` WHERE ( level = 1 ) ORDER BY sort asc  [ RunTime:0.0006s ]
INFO: [ app_end ] --START--
INFO: Run Behavior\ShowPageTraceBehavior [ RunTime:0.000580s ]
INFO: [ app_end ] --END-- [ RunTime:0.000653s ]

[ 2017-11-12T01:07:20+08:00 ] 192.168.1.102 /index.php/UserV0_1/Brand/getList
INFO: [ app_init ] --START--
INFO: Run Behavior\BuildLiteBehavior [ RunTime:0.000017s ]
INFO: [ app_init ] --END-- [ RunTime:0.000398s ]
INFO: [ app_begin ] --START--
INFO: Run Behavior\ReadHtmlCacheBehavior [ RunTime:0.000598s ]
INFO: [ app_begin ] --END-- [ RunTime:0.000698s ]
SQL: SHOW COLUMNS FROM `mia_user` [ RunTime:0.0008s ]
SQL: SELECT * FROM `mia_user` WHERE `token` = '' LIMIT 1   [ RunTime:0.0003s ]
SQL: SHOW COLUMNS FROM `mia_brand` [ RunTime:0.0006s ]
SQL: SELECT * FROM `mia_brand`  [ RunTime:0.0002s ]
INFO: [ app_end ] --START--
INFO: Run Behavior\ShowPageTraceBehavior [ RunTime:0.000613s ]
INFO: [ app_end ] --END-- [ RunTime:0.000665s ]

[ 2017-11-12T01:07:20+08:00 ] 192.168.1.102 /index.php/UserV0_1/ShoppingBag/showList
INFO: [ app_init ] --START--
INFO: Run Behavior\BuildLiteBehavior [ RunTime:0.000013s ]
INFO: [ app_init ] --END-- [ RunTime:0.000336s ]
INFO: [ app_begin ] --START--
INFO: Run Behavior\ReadHtmlCacheBehavior [ RunTime:0.000453s ]
INFO: [ app_begin ] --END-- [ RunTime:0.000531s ]
SQL: SHOW COLUMNS FROM `mia_user` [ RunTime:0.0008s ]
SQL: SELECT * FROM `mia_user` WHERE `token` = 'e4ced168b91e22f30f0cd4874f59cf63' LIMIT 1   [ RunTime:0.0003s ]
SQL: SHOW COLUMNS FROM `mia_shopping_bag` [ RunTime:0.0007s ]
SQL: SHOW COLUMNS FROM `mia_shopping_bag` [ RunTime:0.0006s ]
SQL: SELECT t1.*,t2.* FROM mia_shopping_bag AS t1,mia_goods AS t2 WHERE ( t1.goods_id = t2.goods_id AND user_id="150" )  [ RunTime:0.0005s ]
NOTIC: [8] Undefined variable: result D:\database\Project\working\formal\MIAOBELER\App\UserV0_1\Model\ShoppingBagModel.class.php 第 127 行.
INFO: [ app_end ] --START--
INFO: Run Behavior\ShowPageTraceBehavior [ RunTime:0.000577s ]
INFO: [ app_end ] --END-- [ RunTime:0.000649s ]

[ 2017-11-12T01:07:20+08:00 ] 192.168.1.102 /index.php/UserV0_1/Dynamic/getList
INFO: [ app_init ] --START--
INFO: Run Behavior\BuildLiteBehavior [ RunTime:0.000117s ]
INFO: [ app_init ] --END-- [ RunTime:0.001029s ]
INFO: [ app_begin ] --START--
INFO: Run Behavior\ReadHtmlCacheBehavior [ RunTime:0.000889s ]
INFO: [ app_begin ] --END-- [ RunTime:0.001040s ]
SQL: SHOW COLUMNS FROM `mia_user` [ RunTime:0.0008s ]
SQL: SELECT * FROM `mia_user` WHERE `token` = '' LIMIT 1   [ RunTime:0.0004s ]
SQL: SHOW COLUMNS FROM `mia_dynamic` [ RunTime:0.0009s ]
SQL: SELECT t1.*,t2.* FROM mia_dynamic as t1,mia_user as t2 WHERE ( t1.user_id = t2.user_id )  [ RunTime:0.0006s ]
INFO: [ app_end ] --START--
INFO: Run Behavior\ShowPageTraceBehavior [ RunTime:0.000653s ]
INFO: [ app_end ] --END-- [ RunTime:0.000716s ]

[ 2017-11-12T01:07:20+08:00 ] 192.168.1.102 /index.php/UserV0_1/IndexNav/getList
INFO: [ app_init ] --START--
INFO: Run Behavior\BuildLiteBehavior [ RunTime:0.000016s ]
INFO: [ app_init ] --END-- [ RunTime:0.000532s ]
INFO: [ app_begin ] --START--
INFO: Run Behavior\ReadHtmlCacheBehavior [ RunTime:0.000560s ]
INFO: [ app_begin ] --END-- [ RunTime:0.000641s ]
SQL: SHOW COLUMNS FROM `mia_user` [ RunTime:0.0008s ]
SQL: SELECT * FROM `mia_user` WHERE `token` = '' LIMIT 1   [ RunTime:0.0004s ]
SQL: SHOW COLUMNS FROM `mia_goods` [ RunTime:0.0010s ]
SQL: SELECT t1.*,t2.*,t3.*,t1.title AS `t1_title`,t2.title AS `t2_title`,t3.title AS `t3_title`,t2.class_id AS `t2_id`,t3.class_id AS `t3_id`,t1.head_img AS `t1_head_img` FROM mia_goods AS t1,mia_class AS t2,mia_class as t3 WHERE ( t1.class_id = t2.class_id AND t2.super_id = t3.class_id )  [ RunTime:0.0009s ]
INFO: [ app_end ] --START--
INFO: Run Behavior\ShowPageTraceBehavior [ RunTime:0.000566s ]
INFO: [ app_end ] --END-- [ RunTime:0.000646s ]

[ 2017-11-12T01:07:20+08:00 ] 192.168.1.102 /index.php/UserV0_1/Login/isLogin
INFO: [ app_init ] --START--
INFO: Run Behavior\BuildLiteBehavior [ RunTime:0.000018s ]
INFO: [ app_init ] --END-- [ RunTime:0.000409s ]
INFO: [ app_begin ] --START--
INFO: Run Behavior\ReadHtmlCacheBehavior [ RunTime:0.000648s ]
INFO: [ app_begin ] --END-- [ RunTime:0.000742s ]
SQL: SHOW COLUMNS FROM `mia_user` [ RunTime:0.0009s ]
SQL: SELECT * FROM `mia_user` WHERE `token` = 'e4ced168b91e22f30f0cd4874f59cf63' LIMIT 1   [ RunTime:0.0005s ]
INFO: [ app_end ] --START--
INFO: Run Behavior\ShowPageTraceBehavior [ RunTime:0.000563s ]
INFO: [ app_end ] --END-- [ RunTime:0.000623s ]

[ 2017-11-12T01:07:20+08:00 ] 192.168.1.102 /index.php/UserV0_1/Class/getClassList2?super_id=huchairqo25125
INFO: [ app_init ] --START--
INFO: Run Behavior\BuildLiteBehavior [ RunTime:0.000017s ]
INFO: [ app_init ] --END-- [ RunTime:0.000378s ]
INFO: [ app_begin ] --START--
INFO: Run Behavior\ReadHtmlCacheBehavior [ RunTime:0.000491s ]
INFO: [ app_begin ] --END-- [ RunTime:0.000559s ]
SQL: SHOW COLUMNS FROM `mia_user` [ RunTime:0.0009s ]
SQL: SELECT * FROM `mia_user` WHERE `token` = '' LIMIT 1   [ RunTime:0.0004s ]
SQL: SHOW COLUMNS FROM `mia_class` [ RunTime:0.0008s ]
SQL: SELECT * FROM `mia_class` WHERE `super_id` = 'huchairqo25125' AND `level` = 2 ORDER BY sort asc  [ RunTime:0.0004s ]
INFO: [ app_end ] --START--
INFO: Run Behavior\ShowPageTraceBehavior [ RunTime:0.000453s ]
INFO: [ app_end ] --END-- [ RunTime:0.000497s ]

[ 2017-11-12T01:07:21+08:00 ] 192.168.1.102 /index.php/UserV0_1/Recommend/get
INFO: [ app_init ] --START--
INFO: Run Behavior\BuildLiteBehavior [ RunTime:0.000016s ]
INFO: [ app_init ] --END-- [ RunTime:0.000350s ]
INFO: [ app_begin ] --START--
INFO: Run Behavior\ReadHtmlCacheBehavior [ RunTime:0.000452s ]
INFO: [ app_begin ] --END-- [ RunTime:0.000521s ]
NOTIC: [2048] Declaration of UserV0_1\Controller\RecommendController::get() should be compatible with Think\Controller::get($name = '') D:\database\Project\working\formal\MIAOBELER\App\UserV0_1\Controller\RecommendController.class.php 第 18 行.
SQL: SHOW COLUMNS FROM `mia_user` [ RunTime:0.0008s ]
SQL: SELECT * FROM `mia_user` WHERE `token` = '' LIMIT 1   [ RunTime:0.0004s ]
SQL: SHOW COLUMNS FROM `mia_recommend` [ RunTime:0.0006s ]
SQL: SELECT t1.*,t2.goods_id,t2.title,t2.price,t2.str_price,t2.head_img FROM mia_recommend as t1,mia_goods as t2 WHERE ( t1.goods_id = t2.goods_id ) ORDER BY t1.sort asc  [ RunTime:0.0007s ]
INFO: [ app_end ] --START--
INFO: Run Behavior\ShowPageTraceBehavior [ RunTime:0.000529s ]
INFO: [ app_end ] --END-- [ RunTime:0.000595s ]

[ 2017-11-12T01:07:21+08:00 ] 192.168.1.102 /index.php/UserV0_1/User/getInfo
INFO: [ app_init ] --START--
INFO: Run Behavior\BuildLiteBehavior [ RunTime:0.000017s ]
INFO: [ app_init ] --END-- [ RunTime:0.000338s ]
INFO: [ app_begin ] --START--
INFO: Run Behavior\ReadHtmlCacheBehavior [ RunTime:0.000441s ]
INFO: [ app_begin ] --END-- [ RunTime:0.000508s ]
SQL: SHOW COLUMNS FROM `mia_user` [ RunTime:0.0024s ]
SQL: SELECT * FROM `mia_user` WHERE `token` = '' LIMIT 1   [ RunTime:0.0007s ]
SQL: SHOW COLUMNS FROM `mia_user` [ RunTime:0.0010s ]
SQL: SELECT * FROM `mia_user` WHERE `user_id` = '150' LIMIT 1   [ RunTime:0.0004s ]
INFO: [ app_end ] --START--
INFO: Run Behavior\ShowPageTraceBehavior [ RunTime:0.000633s ]
INFO: [ app_end ] --END-- [ RunTime:0.000761s ]

[ 2017-11-12T01:07:21+08:00 ] 192.168.1.102 /index.php/UserV0_1/Class/getClassList1
INFO: [ app_init ] --START--
INFO: Run Behavior\BuildLiteBehavior [ RunTime:0.000014s ]
INFO: [ app_init ] --END-- [ RunTime:0.000346s ]
INFO: [ app_begin ] --START--
INFO: Run Behavior\ReadHtmlCacheBehavior [ RunTime:0.000685s ]
INFO: [ app_begin ] --END-- [ RunTime:0.000763s ]
SQL: SHOW COLUMNS FROM `mia_user` [ RunTime:0.0008s ]
SQL: SELECT * FROM `mia_user` WHERE `token` = '' LIMIT 1   [ RunTime:0.0004s ]
SQL: SHOW COLUMNS FROM `mia_class` [ RunTime:0.0007s ]
SQL: SELECT * FROM `mia_class` WHERE ( level = 1 ) ORDER BY sort asc  [ RunTime:0.0005s ]
INFO: [ app_end ] --START--
INFO: Run Behavior\ShowPageTraceBehavior [ RunTime:0.000465s ]
INFO: [ app_end ] --END-- [ RunTime:0.000524s ]

[ 2017-11-12T01:07:21+08:00 ] 192.168.1.102 /index.php/UserV0_1/Brand/getList
INFO: [ app_init ] --START--
INFO: Run Behavior\BuildLiteBehavior [ RunTime:0.000019s ]
INFO: [ app_init ] --END-- [ RunTime:0.000455s ]
INFO: [ app_begin ] --START--
INFO: Run Behavior\ReadHtmlCacheBehavior [ RunTime:0.000583s ]
INFO: [ app_begin ] --END-- [ RunTime:0.000659s ]
SQL: SHOW COLUMNS FROM `mia_user` [ RunTime:0.0007s ]
SQL: SELECT * FROM `mia_user` WHERE `token` = '' LIMIT 1   [ RunTime:0.0004s ]
SQL: SHOW COLUMNS FROM `mia_brand` [ RunTime:0.0008s ]
SQL: SELECT * FROM `mia_brand`  [ RunTime:0.0004s ]
INFO: [ app_end ] --START--
INFO: Run Behavior\ShowPageTraceBehavior [ RunTime:0.000534s ]
INFO: [ app_end ] --END-- [ RunTime:0.000600s ]

[ 2017-11-12T01:07:21+08:00 ] 192.168.1.102 /index.php/UserV0_1/Dynamic/getList
INFO: [ app_init ] --START--
INFO: Run Behavior\BuildLiteBehavior [ RunTime:0.000013s ]
INFO: [ app_init ] --END-- [ RunTime:0.000276s ]
INFO: [ app_begin ] --START--
INFO: Run Behavior\ReadHtmlCacheBehavior [ RunTime:0.000310s ]
INFO: [ app_begin ] --END-- [ RunTime:0.000358s ]
SQL: SHOW COLUMNS FROM `mia_user` [ RunTime:0.0008s ]
SQL: SELECT * FROM `mia_user` WHERE `token` = '' LIMIT 1   [ RunTime:0.0004s ]
SQL: SHOW COLUMNS FROM `mia_dynamic` [ RunTime:0.0008s ]
SQL: SELECT t1.*,t2.* FROM mia_dynamic as t1,mia_user as t2 WHERE ( t1.user_id = t2.user_id )  [ RunTime:0.0005s ]
INFO: [ app_end ] --START--
INFO: Run Behavior\ShowPageTraceBehavior [ RunTime:0.000548s ]
INFO: [ app_end ] --END-- [ RunTime:0.000614s ]

[ 2017-11-12T01:07:21+08:00 ] 192.168.1.102 /index.php/UserV0_1/ShoppingBag/showList
INFO: [ app_init ] --START--
INFO: Run Behavior\BuildLiteBehavior [ RunTime:0.000018s ]
INFO: [ app_init ] --END-- [ RunTime:0.000360s ]
INFO: [ app_begin ] --START--
INFO: Run Behavior\ReadHtmlCacheBehavior [ RunTime:0.000911s ]
INFO: [ app_begin ] --END-- [ RunTime:0.000997s ]
SQL: SHOW COLUMNS FROM `mia_user` [ RunTime:0.0008s ]
SQL: SELECT * FROM `mia_user` WHERE `token` = 'e4ced168b91e22f30f0cd4874f59cf63' LIMIT 1   [ RunTime:0.0004s ]
SQL: SHOW COLUMNS FROM `mia_shopping_bag` [ RunTime:0.0009s ]
SQL: SHOW COLUMNS FROM `mia_shopping_bag` [ RunTime:0.0006s ]
SQL: SELECT t1.*,t2.* FROM mia_shopping_bag AS t1,mia_goods AS t2 WHERE ( t1.goods_id = t2.goods_id AND user_id="150" )  [ RunTime:0.0006s ]
NOTIC: [8] Undefined variable: result D:\database\Project\working\formal\MIAOBELER\App\UserV0_1\Model\ShoppingBagModel.class.php 第 127 行.
INFO: [ app_end ] --START--
INFO: Run Behavior\ShowPageTraceBehavior [ RunTime:0.000556s ]
INFO: [ app_end ] --END-- [ RunTime:0.000619s ]

[ 2017-11-12T01:07:21+08:00 ] 192.168.1.102 /index.php/UserV0_1/IndexNav/getList
INFO: [ app_init ] --START--
INFO: Run Behavior\BuildLiteBehavior [ RunTime:0.000016s ]
INFO: [ app_init ] --END-- [ RunTime:0.000397s ]
INFO: [ app_begin ] --START--
INFO: Run Behavior\ReadHtmlCacheBehavior [ RunTime:0.000515s ]
INFO: [ app_begin ] --END-- [ RunTime:0.000591s ]
SQL: SHOW COLUMNS FROM `mia_user` [ RunTime:0.0007s ]
SQL: SELECT * FROM `mia_user` WHERE `token` = '' LIMIT 1   [ RunTime:0.0004s ]
SQL: SHOW COLUMNS FROM `mia_goods` [ RunTime:0.0009s ]
SQL: SELECT t1.*,t2.*,t3.*,t1.title AS `t1_title`,t2.title AS `t2_title`,t3.title AS `t3_title`,t2.class_id AS `t2_id`,t3.class_id AS `t3_id`,t1.head_img AS `t1_head_img` FROM mia_goods AS t1,mia_class AS t2,mia_class as t3 WHERE ( t1.class_id = t2.class_id AND t2.super_id = t3.class_id )  [ RunTime:0.0011s ]
INFO: [ app_end ] --START--
INFO: Run Behavior\ShowPageTraceBehavior [ RunTime:0.000547s ]
INFO: [ app_end ] --END-- [ RunTime:0.000613s ]

[ 2017-11-12T01:07:21+08:00 ] 192.168.1.102 /index.php/UserV0_1/Login/isLogin
INFO: [ app_init ] --START--
INFO: Run Behavior\BuildLiteBehavior [ RunTime:0.000014s ]
INFO: [ app_init ] --END-- [ RunTime:0.000377s ]
INFO: [ app_begin ] --START--
INFO: Run Behavior\ReadHtmlCacheBehavior [ RunTime:0.000674s ]
INFO: [ app_begin ] --END-- [ RunTime:0.000746s ]
SQL: SHOW COLUMNS FROM `mia_user` [ RunTime:0.0009s ]
SQL: SELECT * FROM `mia_user` WHERE `token` = 'e4ced168b91e22f30f0cd4874f59cf63' LIMIT 1   [ RunTime:0.0004s ]
INFO: [ app_end ] --START--
INFO: Run Behavior\ShowPageTraceBehavior [ RunTime:0.000645s ]
INFO: [ app_end ] --END-- [ RunTime:0.000720s ]

[ 2017-11-12T01:07:21+08:00 ] 192.168.1.102 /index.php/UserV0_1/Class/getClassList2?super_id=huchairqo25125
INFO: [ app_init ] --START--
INFO: Run Behavior\BuildLiteBehavior [ RunTime:0.000017s ]
INFO: [ app_init ] --END-- [ RunTime:0.000380s ]
INFO: [ app_begin ] --START--
INFO: Run Behavior\ReadHtmlCacheBehavior [ RunTime:0.000476s ]
INFO: [ app_begin ] --END-- [ RunTime:0.000541s ]
SQL: SHOW COLUMNS FROM `mia_user` [ RunTime:0.0009s ]
SQL: SELECT * FROM `mia_user` WHERE `token` = '' LIMIT 1   [ RunTime:0.0003s ]
SQL: SHOW COLUMNS FROM `mia_class` [ RunTime:0.0005s ]
SQL: SELECT * FROM `mia_class` WHERE `super_id` = 'huchairqo25125' AND `level` = 2 ORDER BY sort asc  [ RunTime:0.0004s ]
INFO: [ app_end ] --START--
INFO: Run Behavior\ShowPageTraceBehavior [ RunTime:0.000543s ]
INFO: [ app_end ] --END-- [ RunTime:0.000606s ]

[ 2017-11-12T01:08:35+08:00 ] 192.168.1.102 /index.php/UserV0_1/Recommend/get
INFO: [ app_init ] --START--
INFO: Run Behavior\BuildLiteBehavior [ RunTime:0.000017s ]
INFO: [ app_init ] --END-- [ RunTime:0.000388s ]
INFO: [ app_begin ] --START--
INFO: Run Behavior\ReadHtmlCacheBehavior [ RunTime:0.000571s ]
INFO: [ app_begin ] --END-- [ RunTime:0.000644s ]
NOTIC: [2048] Declaration of UserV0_1\Controller\RecommendController::get() should be compatible with Think\Controller::get($name = '') D:\database\Project\working\formal\MIAOBELER\App\UserV0_1\Controller\RecommendController.class.php 第 18 行.
SQL: SHOW COLUMNS FROM `mia_user` [ RunTime:0.0009s ]
SQL: SELECT * FROM `mia_user` WHERE `token` = '' LIMIT 1   [ RunTime:0.0004s ]
SQL: SHOW COLUMNS FROM `mia_recommend` [ RunTime:0.0007s ]
SQL: SELECT t1.*,t2.goods_id,t2.title,t2.price,t2.str_price,t2.head_img FROM mia_recommend as t1,mia_goods as t2 WHERE ( t1.goods_id = t2.goods_id ) ORDER BY t1.sort asc  [ RunTime:0.0006s ]
INFO: [ app_end ] --START--
INFO: Run Behavior\ShowPageTraceBehavior [ RunTime:0.000565s ]
INFO: [ app_end ] --END-- [ RunTime:0.000622s ]

[ 2017-11-12T01:08:35+08:00 ] 192.168.1.102 /index.php/UserV0_1/User/getInfo
INFO: [ app_init ] --START--
INFO: Run Behavior\BuildLiteBehavior [ RunTime:0.000018s ]
INFO: [ app_init ] --END-- [ RunTime:0.000421s ]
INFO: [ app_begin ] --START--
INFO: Run Behavior\ReadHtmlCacheBehavior [ RunTime:0.000695s ]
INFO: [ app_begin ] --END-- [ RunTime:0.000771s ]
SQL: SHOW COLUMNS FROM `mia_user` [ RunTime:0.0008s ]
SQL: SELECT * FROM `mia_user` WHERE `token` = '' LIMIT 1   [ RunTime:0.0004s ]
SQL: SHOW COLUMNS FROM `mia_user` [ RunTime:0.0008s ]
SQL: SELECT * FROM `mia_user` WHERE `user_id` = '150' LIMIT 1   [ RunTime:0.0004s ]
INFO: [ app_end ] --START--
INFO: Run Behavior\ShowPageTraceBehavior [ RunTime:0.000596s ]
INFO: [ app_end ] --END-- [ RunTime:0.000665s ]

[ 2017-11-12T01:08:35+08:00 ] 192.168.1.102 /index.php/UserV0_1/Class/getClassList1
INFO: [ app_init ] --START--
INFO: Run Behavior\BuildLiteBehavior [ RunTime:0.000018s ]
INFO: [ app_init ] --END-- [ RunTime:0.000409s ]
INFO: [ app_begin ] --START--
INFO: Run Behavior\ReadHtmlCacheBehavior [ RunTime:0.000549s ]
INFO: [ app_begin ] --END-- [ RunTime:0.000609s ]
SQL: SHOW COLUMNS FROM `mia_user` [ RunTime:0.0008s ]
SQL: SELECT * FROM `mia_user` WHERE `token` = '' LIMIT 1   [ RunTime:0.0005s ]
SQL: SHOW COLUMNS FROM `mia_class` [ RunTime:0.0006s ]
SQL: SELECT * FROM `mia_class` WHERE ( level = 1 ) ORDER BY sort asc  [ RunTime:0.0005s ]
INFO: [ app_end ] --START--
INFO: Run Behavior\ShowPageTraceBehavior [ RunTime:0.000640s ]
INFO: [ app_end ] --END-- [ RunTime:0.000705s ]

[ 2017-11-12T01:08:35+08:00 ] 192.168.1.102 /index.php/UserV0_1/Brand/getList
INFO: [ app_init ] --START--
INFO: Run Behavior\BuildLiteBehavior [ RunTime:0.000018s ]
INFO: [ app_init ] --END-- [ RunTime:0.000540s ]
INFO: [ app_begin ] --START--
INFO: Run Behavior\ReadHtmlCacheBehavior [ RunTime:0.000789s ]
INFO: [ app_begin ] --END-- [ RunTime:0.000882s ]
SQL: SHOW COLUMNS FROM `mia_user` [ RunTime:0.0009s ]
SQL: SELECT * FROM `mia_user` WHERE `token` = '' LIMIT 1   [ RunTime:0.0005s ]
SQL: SHOW COLUMNS FROM `mia_brand` [ RunTime:0.0010s ]
SQL: SELECT * FROM `mia_brand`  [ RunTime:0.0003s ]
INFO: [ app_end ] --START--
INFO: Run Behavior\ShowPageTraceBehavior [ RunTime:0.000731s ]
INFO: [ app_end ] --END-- [ RunTime:0.000798s ]

[ 2017-11-12T01:08:35+08:00 ] 192.168.1.102 /index.php/UserV0_1/Dynamic/getList
INFO: [ app_init ] --START--
INFO: Run Behavior\BuildLiteBehavior [ RunTime:0.000019s ]
INFO: [ app_init ] --END-- [ RunTime:0.000488s ]
INFO: [ app_begin ] --START--
INFO: Run Behavior\ReadHtmlCacheBehavior [ RunTime:0.000541s ]
INFO: [ app_begin ] --END-- [ RunTime:0.000626s ]
SQL: SHOW COLUMNS FROM `mia_user` [ RunTime:0.0008s ]
SQL: SELECT * FROM `mia_user` WHERE `token` = '' LIMIT 1   [ RunTime:0.0004s ]
SQL: SHOW COLUMNS FROM `mia_dynamic` [ RunTime:0.0009s ]
SQL: SELECT t1.*,t2.* FROM mia_dynamic as t1,mia_user as t2 WHERE ( t1.user_id = t2.user_id )  [ RunTime:0.0006s ]
INFO: [ app_end ] --START--
INFO: Run Behavior\ShowPageTraceBehavior [ RunTime:0.000537s ]
INFO: [ app_end ] --END-- [ RunTime:0.000612s ]

[ 2017-11-12T01:08:35+08:00 ] 192.168.1.102 /index.php/UserV0_1/ShoppingBag/showList
INFO: [ app_init ] --START--
INFO: Run Behavior\BuildLiteBehavior [ RunTime:0.000020s ]
INFO: [ app_init ] --END-- [ RunTime:0.000444s ]
INFO: [ app_begin ] --START--
INFO: Run Behavior\ReadHtmlCacheBehavior [ RunTime:0.000986s ]
INFO: [ app_begin ] --END-- [ RunTime:0.001091s ]
SQL: SHOW COLUMNS FROM `mia_user` [ RunTime:0.0008s ]
SQL: SELECT * FROM `mia_user` WHERE `token` = 'e4ced168b91e22f30f0cd4874f59cf63' LIMIT 1   [ RunTime:0.0005s ]
SQL: SHOW COLUMNS FROM `mia_shopping_bag` [ RunTime:0.0008s ]
SQL: SHOW COLUMNS FROM `mia_shopping_bag` [ RunTime:0.0008s ]
SQL: SELECT t1.*,t2.* FROM mia_shopping_bag AS t1,mia_goods AS t2 WHERE ( t1.goods_id = t2.goods_id AND user_id="150" )  [ RunTime:0.0006s ]
NOTIC: [8] Undefined variable: result D:\database\Project\working\formal\MIAOBELER\App\UserV0_1\Model\ShoppingBagModel.class.php 第 127 行.
INFO: [ app_end ] --START--
INFO: Run Behavior\ShowPageTraceBehavior [ RunTime:0.000790s ]
INFO: [ app_end ] --END-- [ RunTime:0.000875s ]

[ 2017-11-12T01:08:35+08:00 ] 192.168.1.102 /index.php/UserV0_1/IndexNav/getList
INFO: [ app_init ] --START--
INFO: Run Behavior\BuildLiteBehavior [ RunTime:0.000019s ]
INFO: [ app_init ] --END-- [ RunTime:0.000481s ]
INFO: [ app_begin ] --START--
INFO: Run Behavior\ReadHtmlCacheBehavior [ RunTime:0.000507s ]
INFO: [ app_begin ] --END-- [ RunTime:0.000584s ]
SQL: SHOW COLUMNS FROM `mia_user` [ RunTime:0.0008s ]
SQL: SELECT * FROM `mia_user` WHERE `token` = '' LIMIT 1   [ RunTime:0.0004s ]
SQL: SHOW COLUMNS FROM `mia_goods` [ RunTime:0.0009s ]
SQL: SELECT t1.*,t2.*,t3.*,t1.title AS `t1_title`,t2.title AS `t2_title`,t3.title AS `t3_title`,t2.class_id AS `t2_id`,t3.class_id AS `t3_id`,t1.head_img AS `t1_head_img` FROM mia_goods AS t1,mia_class AS t2,mia_class as t3 WHERE ( t1.class_id = t2.class_id AND t2.super_id = t3.class_id )  [ RunTime:0.0008s ]
INFO: [ app_end ] --START--
INFO: Run Behavior\ShowPageTraceBehavior [ RunTime:0.000768s ]
INFO: [ app_end ] --END-- [ RunTime:0.000862s ]

[ 2017-11-12T01:08:35+08:00 ] 192.168.1.102 /index.php/UserV0_1/Login/isLogin
INFO: [ app_init ] --START--
INFO: Run Behavior\BuildLiteBehavior [ RunTime:0.000019s ]
INFO: [ app_init ] --END-- [ RunTime:0.000421s ]
INFO: [ app_begin ] --START--
INFO: Run Behavior\ReadHtmlCacheBehavior [ RunTime:0.000749s ]
INFO: [ app_begin ] --END-- [ RunTime:0.000834s ]
SQL: SHOW COLUMNS FROM `mia_user` [ RunTime:0.0017s ]
SQL: SELECT * FROM `mia_user` WHERE `token` = 'e4ced168b91e22f30f0cd4874f59cf63' LIMIT 1   [ RunTime:0.0005s ]
INFO: [ app_end ] --START--
INFO: Run Behavior\ShowPageTraceBehavior [ RunTime:0.000952s ]
INFO: [ app_end ] --END-- [ RunTime:0.001039s ]

[ 2017-11-12T01:08:35+08:00 ] 192.168.1.102 /index.php/UserV0_1/Class/getClassList2?super_id=huchairqo25125
INFO: [ app_init ] --START--
INFO: Run Behavior\BuildLiteBehavior [ RunTime:0.000016s ]
INFO: [ app_init ] --END-- [ RunTime:0.000370s ]
INFO: [ app_begin ] --START--
INFO: Run Behavior\ReadHtmlCacheBehavior [ RunTime:0.000475s ]
INFO: [ app_begin ] --END-- [ RunTime:0.000540s ]
SQL: SHOW COLUMNS FROM `mia_user` [ RunTime:0.0009s ]
SQL: SELECT * FROM `mia_user` WHERE `token` = '' LIMIT 1   [ RunTime:0.0004s ]
SQL: SHOW COLUMNS FROM `mia_class` [ RunTime:0.0010s ]
SQL: SELECT * FROM `mia_class` WHERE `super_id` = 'huchairqo25125' AND `level` = 2 ORDER BY sort asc  [ RunTime:0.0006s ]
INFO: [ app_end ] --START--
INFO: Run Behavior\ShowPageTraceBehavior [ RunTime:0.000656s ]
INFO: [ app_end ] --END-- [ RunTime:0.000721s ]

[ 2017-11-12T10:04:05+08:00 ] 192.168.1.102 /index.php/UserV0_1/User/getInfo
INFO: [ app_init ] --START--
INFO: Run Behavior\BuildLiteBehavior [ RunTime:0.000016s ]
INFO: [ app_init ] --END-- [ RunTime:0.000409s ]
INFO: [ app_begin ] --START--
INFO: Run Behavior\ReadHtmlCacheBehavior [ RunTime:0.000617s ]
INFO: [ app_begin ] --END-- [ RunTime:0.000690s ]
SQL: SHOW COLUMNS FROM `mia_user` [ RunTime:0.0034s ]
SQL: SELECT * FROM `mia_user` WHERE `token` = '' LIMIT 1   [ RunTime:0.0006s ]
SQL: SHOW COLUMNS FROM `mia_user` [ RunTime:0.0008s ]
SQL: SELECT * FROM `mia_user` WHERE `user_id` = '150' LIMIT 1   [ RunTime:0.0004s ]
INFO: [ app_end ] --START--
INFO: Run Behavior\ShowPageTraceBehavior [ RunTime:0.000614s ]
INFO: [ app_end ] --END-- [ RunTime:0.000683s ]

[ 2017-11-12T10:04:05+08:00 ] 192.168.1.102 /index.php/UserV0_1/Recommend/get
INFO: [ app_init ] --START--
INFO: Run Behavior\BuildLiteBehavior [ RunTime:0.000022s ]
INFO: [ app_init ] --END-- [ RunTime:0.000563s ]
INFO: [ app_begin ] --START--
INFO: Run Behavior\ReadHtmlCacheBehavior [ RunTime:0.000617s ]
INFO: [ app_begin ] --END-- [ RunTime:0.000698s ]
NOTIC: [2048] Declaration of UserV0_1\Controller\RecommendController::get() should be compatible with Think\Controller::get($name = '') D:\database\Project\working\formal\MIAOBELER\App\UserV0_1\Controller\RecommendController.class.php 第 18 行.
SQL: SHOW COLUMNS FROM `mia_user` [ RunTime:0.0016s ]
SQL: SELECT * FROM `mia_user` WHERE `token` = '' LIMIT 1   [ RunTime:0.0006s ]
SQL: SHOW COLUMNS FROM `mia_recommend` [ RunTime:0.0011s ]
SQL: SELECT t1.*,t2.goods_id,t2.title,t2.price,t2.str_price,t2.head_img FROM mia_recommend as t1,mia_goods as t2 WHERE ( t1.goods_id = t2.goods_id ) ORDER BY t1.sort asc  [ RunTime:0.0009s ]
INFO: [ app_end ] --START--
INFO: Run Behavior\ShowPageTraceBehavior [ RunTime:0.000572s ]
INFO: [ app_end ] --END-- [ RunTime:0.000647s ]

[ 2017-11-12T10:04:05+08:00 ] 192.168.1.102 /index.php/UserV0_1/Class/getClassList1
INFO: [ app_init ] --START--
INFO: Run Behavior\BuildLiteBehavior [ RunTime:0.000058s ]
INFO: [ app_init ] --END-- [ RunTime:0.000594s ]
INFO: [ app_begin ] --START--
INFO: Run Behavior\ReadHtmlCacheBehavior [ RunTime:0.000675s ]
INFO: [ app_begin ] --END-- [ RunTime:0.000746s ]
SQL: SHOW COLUMNS FROM `mia_user` [ RunTime:0.0009s ]
SQL: SELECT * FROM `mia_user` WHERE `token` = '' LIMIT 1   [ RunTime:0.0004s ]
SQL: SHOW COLUMNS FROM `mia_class` [ RunTime:0.0010s ]
SQL: SELECT * FROM `mia_class` WHERE ( level = 1 ) ORDER BY sort asc  [ RunTime:0.0006s ]
INFO: [ app_end ] --START--
INFO: Run Behavior\ShowPageTraceBehavior [ RunTime:0.000645s ]
INFO: [ app_end ] --END-- [ RunTime:0.000717s ]

[ 2017-11-12T10:04:05+08:00 ] 192.168.1.102 /index.php/UserV0_1/Brand/getList
INFO: [ app_init ] --START--
INFO: Run Behavior\BuildLiteBehavior [ RunTime:0.000017s ]
INFO: [ app_init ] --END-- [ RunTime:0.000558s ]
INFO: [ app_begin ] --START--
INFO: Run Behavior\ReadHtmlCacheBehavior [ RunTime:0.001117s ]
INFO: [ app_begin ] --END-- [ RunTime:0.001196s ]
SQL: SHOW COLUMNS FROM `mia_user` [ RunTime:0.0009s ]
SQL: SELECT * FROM `mia_user` WHERE `token` = '' LIMIT 1   [ RunTime:0.0003s ]
SQL: SHOW COLUMNS FROM `mia_brand` [ RunTime:0.0009s ]
SQL: SELECT * FROM `mia_brand`  [ RunTime:0.0004s ]
INFO: [ app_end ] --START--
INFO: Run Behavior\ShowPageTraceBehavior [ RunTime:0.000627s ]
INFO: [ app_end ] --END-- [ RunTime:0.000839s ]

[ 2017-11-12T10:04:05+08:00 ] 192.168.1.102 /index.php/UserV0_1/Login/isLogin
INFO: [ app_init ] --START--
INFO: Run Behavior\BuildLiteBehavior [ RunTime:0.000015s ]
INFO: [ app_init ] --END-- [ RunTime:0.000380s ]
INFO: [ app_begin ] --START--
INFO: Run Behavior\ReadHtmlCacheBehavior [ RunTime:0.000512s ]
INFO: [ app_begin ] --END-- [ RunTime:0.000587s ]
SQL: SHOW COLUMNS FROM `mia_user` [ RunTime:0.0011s ]
SQL: SELECT * FROM `mia_user` WHERE `token` = 'e4ced168b91e22f30f0cd4874f59cf63' LIMIT 1   [ RunTime:0.0004s ]
INFO: [ app_end ] --START--
INFO: Run Behavior\ShowPageTraceBehavior [ RunTime:0.000487s ]
INFO: [ app_end ] --END-- [ RunTime:0.000567s ]

[ 2017-11-12T10:04:05+08:00 ] 192.168.1.102 /index.php/UserV0_1/Dynamic/getList
INFO: [ app_init ] --START--
INFO: Run Behavior\BuildLiteBehavior [ RunTime:0.000016s ]
INFO: [ app_init ] --END-- [ RunTime:0.000439s ]
INFO: [ app_begin ] --START--
INFO: Run Behavior\ReadHtmlCacheBehavior [ RunTime:0.000563s ]
INFO: [ app_begin ] --END-- [ RunTime:0.000631s ]
SQL: SHOW COLUMNS FROM `mia_user` [ RunTime:0.0012s ]
SQL: SELECT * FROM `mia_user` WHERE `token` = '' LIMIT 1   [ RunTime:0.0005s ]
SQL: SHOW COLUMNS FROM `mia_dynamic` [ RunTime:0.0011s ]
SQL: SELECT t1.*,t2.* FROM mia_dynamic as t1,mia_user as t2 WHERE ( t1.user_id = t2.user_id )  [ RunTime:0.0006s ]
INFO: [ app_end ] --START--
INFO: Run Behavior\ShowPageTraceBehavior [ RunTime:0.000593s ]
INFO: [ app_end ] --END-- [ RunTime:0.000657s ]

[ 2017-11-12T10:04:05+08:00 ] 192.168.1.102 /index.php/UserV0_1/IndexNav/getList
INFO: [ app_init ] --START--
INFO: Run Behavior\BuildLiteBehavior [ RunTime:0.000017s ]
INFO: [ app_init ] --END-- [ RunTime:0.000375s ]
INFO: [ app_begin ] --START--
INFO: Run Behavior\ReadHtmlCacheBehavior [ RunTime:0.000454s ]
INFO: [ app_begin ] --END-- [ RunTime:0.000518s ]
SQL: SHOW COLUMNS FROM `mia_user` [ RunTime:0.0009s ]
SQL: SELECT * FROM `mia_user` WHERE `token` = '' LIMIT 1   [ RunTime:0.0004s ]
SQL: SHOW COLUMNS FROM `mia_goods` [ RunTime:0.0010s ]
SQL: SELECT t1.*,t2.*,t3.*,t1.title AS `t1_title`,t2.title AS `t2_title`,t3.title AS `t3_title`,t2.class_id AS `t2_id`,t3.class_id AS `t3_id`,t1.head_img AS `t1_head_img` FROM mia_goods AS t1,mia_class AS t2,mia_class as t3 WHERE ( t1.class_id = t2.class_id AND t2.super_id = t3.class_id )  [ RunTime:0.0011s ]
INFO: [ app_end ] --START--
INFO: Run Behavior\ShowPageTraceBehavior [ RunTime:0.000595s ]
INFO: [ app_end ] --END-- [ RunTime:0.000671s ]

[ 2017-11-12T10:04:05+08:00 ] 192.168.1.102 /index.php/UserV0_1/ShoppingBag/showList
INFO: [ app_init ] --START--
INFO: Run Behavior\BuildLiteBehavior [ RunTime:0.000018s ]
INFO: [ app_init ] --END-- [ RunTime:0.000630s ]
INFO: [ app_begin ] --START--
INFO: Run Behavior\ReadHtmlCacheBehavior [ RunTime:0.000638s ]
INFO: [ app_begin ] --END-- [ RunTime:0.000715s ]
SQL: SHOW COLUMNS FROM `mia_user` [ RunTime:0.0009s ]
SQL: SELECT * FROM `mia_user` WHERE `token` = 'e4ced168b91e22f30f0cd4874f59cf63' LIMIT 1   [ RunTime:0.0005s ]
SQL: SHOW COLUMNS FROM `mia_shopping_bag` [ RunTime:0.0010s ]
SQL: SHOW COLUMNS FROM `mia_shopping_bag` [ RunTime:0.0009s ]
SQL: SELECT t1.*,t2.* FROM mia_shopping_bag AS t1,mia_goods AS t2 WHERE ( t1.goods_id = t2.goods_id AND user_id="150" )  [ RunTime:0.0008s ]
NOTIC: [8] Undefined variable: result D:\database\Project\working\formal\MIAOBELER\App\UserV0_1\Model\ShoppingBagModel.class.php 第 127 行.
INFO: [ app_end ] --START--
INFO: Run Behavior\ShowPageTraceBehavior [ RunTime:0.000740s ]
INFO: [ app_end ] --END-- [ RunTime:0.000809s ]

[ 2017-11-12T10:04:05+08:00 ] 192.168.1.102 /index.php/UserV0_1/Class/getClassList2?super_id=huchairqo25125
INFO: [ app_init ] --START--
INFO: Run Behavior\BuildLiteBehavior [ RunTime:0.000019s ]
INFO: [ app_init ] --END-- [ RunTime:0.000415s ]
INFO: [ app_begin ] --START--
INFO: Run Behavior\ReadHtmlCacheBehavior [ RunTime:0.000521s ]
INFO: [ app_begin ] --END-- [ RunTime:0.000592s ]
SQL: SHOW COLUMNS FROM `mia_user` [ RunTime:0.0008s ]
SQL: SELECT * FROM `mia_user` WHERE `token` = '' LIMIT 1   [ RunTime:0.0004s ]
SQL: SHOW COLUMNS FROM `mia_class` [ RunTime:0.0006s ]
SQL: SELECT * FROM `mia_class` WHERE `super_id` = 'huchairqo25125' AND `level` = 2 ORDER BY sort asc  [ RunTime:0.0004s ]
INFO: [ app_end ] --START--
INFO: Run Behavior\ShowPageTraceBehavior [ RunTime:0.000702s ]
INFO: [ app_end ] --END-- [ RunTime:0.000771s ]

[ 2017-11-12T10:04:05+08:00 ] 192.168.1.102 /index.php/UserV0_1/Recommend/get
INFO: [ app_init ] --START--
INFO: Run Behavior\BuildLiteBehavior [ RunTime:0.000017s ]
INFO: [ app_init ] --END-- [ RunTime:0.000359s ]
INFO: [ app_begin ] --START--
INFO: Run Behavior\ReadHtmlCacheBehavior [ RunTime:0.000438s ]
INFO: [ app_begin ] --END-- [ RunTime:0.000503s ]
NOTIC: [2048] Declaration of UserV0_1\Controller\RecommendController::get() should be compatible with Think\Controller::get($name = '') D:\database\Project\working\formal\MIAOBELER\App\UserV0_1\Controller\RecommendController.class.php 第 18 行.
SQL: SHOW COLUMNS FROM `mia_user` [ RunTime:0.0010s ]
SQL: SELECT * FROM `mia_user` WHERE `token` = '' LIMIT 1   [ RunTime:0.0007s ]
SQL: SHOW COLUMNS FROM `mia_recommend` [ RunTime:0.0011s ]
SQL: SELECT t1.*,t2.goods_id,t2.title,t2.price,t2.str_price,t2.head_img FROM mia_recommend as t1,mia_goods as t2 WHERE ( t1.goods_id = t2.goods_id ) ORDER BY t1.sort asc  [ RunTime:0.0007s ]
INFO: [ app_end ] --START--
INFO: Run Behavior\ShowPageTraceBehavior [ RunTime:0.000618s ]
INFO: [ app_end ] --END-- [ RunTime:0.000684s ]

[ 2017-11-12T10:04:05+08:00 ] 192.168.1.102 /index.php/UserV0_1/User/getInfo
INFO: [ app_init ] --START--
INFO: Run Behavior\BuildLiteBehavior [ RunTime:0.000017s ]
INFO: [ app_init ] --END-- [ RunTime:0.000352s ]
INFO: [ app_begin ] --START--
INFO: Run Behavior\ReadHtmlCacheBehavior [ RunTime:0.000451s ]
INFO: [ app_begin ] --END-- [ RunTime:0.000513s ]
SQL: SHOW COLUMNS FROM `mia_user` [ RunTime:0.0013s ]
SQL: SELECT * FROM `mia_user` WHERE `token` = '' LIMIT 1   [ RunTime:0.0007s ]
SQL: SHOW COLUMNS FROM `mia_user` [ RunTime:0.0008s ]
SQL: SELECT * FROM `mia_user` WHERE `user_id` = '150' LIMIT 1   [ RunTime:0.0004s ]
INFO: [ app_end ] --START--
INFO: Run Behavior\ShowPageTraceBehavior [ RunTime:0.000608s ]
INFO: [ app_end ] --END-- [ RunTime:0.000685s ]

[ 2017-11-12T10:04:05+08:00 ] 192.168.1.102 /index.php/UserV0_1/Brand/getList
INFO: [ app_init ] --START--
INFO: Run Behavior\BuildLiteBehavior [ RunTime:0.000015s ]
INFO: [ app_init ] --END-- [ RunTime:0.000350s ]
INFO: [ app_begin ] --START--
INFO: Run Behavior\ReadHtmlCacheBehavior [ RunTime:0.000473s ]
INFO: [ app_begin ] --END-- [ RunTime:0.000540s ]
SQL: SHOW COLUMNS FROM `mia_user` [ RunTime:0.0010s ]
SQL: SELECT * FROM `mia_user` WHERE `token` = '' LIMIT 1   [ RunTime:0.0005s ]
SQL: SHOW COLUMNS FROM `mia_brand` [ RunTime:0.0009s ]
SQL: SELECT * FROM `mia_brand`  [ RunTime:0.0004s ]
INFO: [ app_end ] --START--
INFO: Run Behavior\ShowPageTraceBehavior [ RunTime:0.000528s ]
INFO: [ app_end ] --END-- [ RunTime:0.000586s ]

[ 2017-11-12T10:04:05+08:00 ] 192.168.1.102 /index.php/UserV0_1/Class/getClassList1
INFO: [ app_init ] --START--
INFO: Run Behavior\BuildLiteBehavior [ RunTime:0.000016s ]
INFO: [ app_init ] --END-- [ RunTime:0.000386s ]
INFO: [ app_begin ] --START--
INFO: Run Behavior\ReadHtmlCacheBehavior [ RunTime:0.000471s ]
INFO: [ app_begin ] --END-- [ RunTime:0.000537s ]
SQL: SHOW COLUMNS FROM `mia_user` [ RunTime:0.0008s ]
SQL: SELECT * FROM `mia_user` WHERE `token` = '' LIMIT 1   [ RunTime:0.0006s ]
SQL: SHOW COLUMNS FROM `mia_class` [ RunTime:0.0008s ]
SQL: SELECT * FROM `mia_class` WHERE ( level = 1 ) ORDER BY sort asc  [ RunTime:0.0005s ]
INFO: [ app_end ] --START--
INFO: Run Behavior\ShowPageTraceBehavior [ RunTime:0.000490s ]
INFO: [ app_end ] --END-- [ RunTime:0.000555s ]

[ 2017-11-12T10:04:06+08:00 ] 192.168.1.102 /index.php/UserV0_1/Dynamic/getList
INFO: [ app_init ] --START--
INFO: Run Behavior\BuildLiteBehavior [ RunTime:0.000010s ]
INFO: [ app_init ] --END-- [ RunTime:0.000257s ]
INFO: [ app_begin ] --START--
INFO: Run Behavior\ReadHtmlCacheBehavior [ RunTime:0.000329s ]
INFO: [ app_begin ] --END-- [ RunTime:0.000371s ]
SQL: SHOW COLUMNS FROM `mia_user` [ RunTime:0.0007s ]
SQL: SELECT * FROM `mia_user` WHERE `token` = '' LIMIT 1   [ RunTime:0.0003s ]
SQL: SHOW COLUMNS FROM `mia_dynamic` [ RunTime:0.0008s ]
SQL: SELECT t1.*,t2.* FROM mia_dynamic as t1,mia_user as t2 WHERE ( t1.user_id = t2.user_id )  [ RunTime:0.0006s ]
INFO: [ app_end ] --START--
INFO: Run Behavior\ShowPageTraceBehavior [ RunTime:0.000529s ]
INFO: [ app_end ] --END-- [ RunTime:0.000619s ]

[ 2017-11-12T10:04:06+08:00 ] 192.168.1.102 /index.php/UserV0_1/IndexNav/getList
INFO: [ app_init ] --START--
INFO: Run Behavior\BuildLiteBehavior [ RunTime:0.000029s ]
INFO: [ app_init ] --END-- [ RunTime:0.000406s ]
INFO: [ app_begin ] --START--
INFO: Run Behavior\ReadHtmlCacheBehavior [ RunTime:0.000500s ]
INFO: [ app_begin ] --END-- [ RunTime:0.000580s ]
SQL: SHOW COLUMNS FROM `mia_user` [ RunTime:0.0009s ]
SQL: SELECT * FROM `mia_user` WHERE `token` = '' LIMIT 1   [ RunTime:0.0004s ]
SQL: SHOW COLUMNS FROM `mia_goods` [ RunTime:0.0010s ]
SQL: SELECT t1.*,t2.*,t3.*,t1.title AS `t1_title`,t2.title AS `t2_title`,t3.title AS `t3_title`,t2.class_id AS `t2_id`,t3.class_id AS `t3_id`,t1.head_img AS `t1_head_img` FROM mia_goods AS t1,mia_class AS t2,mia_class as t3 WHERE ( t1.class_id = t2.class_id AND t2.super_id = t3.class_id )  [ RunTime:0.0010s ]
INFO: [ app_end ] --START--
INFO: Run Behavior\ShowPageTraceBehavior [ RunTime:0.000609s ]
INFO: [ app_end ] --END-- [ RunTime:0.000680s ]

[ 2017-11-12T10:04:06+08:00 ] 192.168.1.102 /index.php/UserV0_1/Login/isLogin
INFO: [ app_init ] --START--
INFO: Run Behavior\BuildLiteBehavior [ RunTime:0.000017s ]
INFO: [ app_init ] --END-- [ RunTime:0.000424s ]
INFO: [ app_begin ] --START--
INFO: Run Behavior\ReadHtmlCacheBehavior [ RunTime:0.000561s ]
INFO: [ app_begin ] --END-- [ RunTime:0.000634s ]
SQL: SHOW COLUMNS FROM `mia_user` [ RunTime:0.0009s ]
SQL: SELECT * FROM `mia_user` WHERE `token` = 'e4ced168b91e22f30f0cd4874f59cf63' LIMIT 1   [ RunTime:0.0005s ]
INFO: [ app_end ] --START--
INFO: Run Behavior\ShowPageTraceBehavior [ RunTime:0.000608s ]
INFO: [ app_end ] --END-- [ RunTime:0.000671s ]

[ 2017-11-12T10:04:06+08:00 ] 192.168.1.102 /index.php/UserV0_1/ShoppingBag/showList
INFO: [ app_init ] --START--
INFO: Run Behavior\BuildLiteBehavior [ RunTime:0.000018s ]
INFO: [ app_init ] --END-- [ RunTime:0.000379s ]
INFO: [ app_begin ] --START--
INFO: Run Behavior\ReadHtmlCacheBehavior [ RunTime:0.000579s ]
INFO: [ app_begin ] --END-- [ RunTime:0.000656s ]
SQL: SHOW COLUMNS FROM `mia_user` [ RunTime:0.0009s ]
SQL: SELECT * FROM `mia_user` WHERE `token` = 'e4ced168b91e22f30f0cd4874f59cf63' LIMIT 1   [ RunTime:0.0004s ]
SQL: SHOW COLUMNS FROM `mia_shopping_bag` [ RunTime:0.0009s ]
SQL: SHOW COLUMNS FROM `mia_shopping_bag` [ RunTime:0.0008s ]
SQL: SELECT t1.*,t2.* FROM mia_shopping_bag AS t1,mia_goods AS t2 WHERE ( t1.goods_id = t2.goods_id AND user_id="150" )  [ RunTime:0.0007s ]
NOTIC: [8] Undefined variable: result D:\database\Project\working\formal\MIAOBELER\App\UserV0_1\Model\ShoppingBagModel.class.php 第 127 行.
INFO: [ app_end ] --START--
INFO: Run Behavior\ShowPageTraceBehavior [ RunTime:0.000596s ]
INFO: [ app_end ] --END-- [ RunTime:0.000660s ]

[ 2017-11-12T10:04:06+08:00 ] 192.168.1.102 /index.php/UserV0_1/Class/getClassList2?super_id=huchairqo25125
INFO: [ app_init ] --START--
INFO: Run Behavior\BuildLiteBehavior [ RunTime:0.000013s ]
INFO: [ app_init ] --END-- [ RunTime:0.000311s ]
INFO: [ app_begin ] --START--
INFO: Run Behavior\ReadHtmlCacheBehavior [ RunTime:0.000615s ]
INFO: [ app_begin ] --END-- [ RunTime:0.000713s ]
SQL: SHOW COLUMNS FROM `mia_user` [ RunTime:0.0006s ]
SQL: SELECT * FROM `mia_user` WHERE `token` = '' LIMIT 1   [ RunTime:0.0003s ]
SQL: SHOW COLUMNS FROM `mia_class` [ RunTime:0.0006s ]
SQL: SELECT * FROM `mia_class` WHERE `super_id` = 'huchairqo25125' AND `level` = 2 ORDER BY sort asc  [ RunTime:0.0004s ]
INFO: [ app_end ] --START--
INFO: Run Behavior\ShowPageTraceBehavior [ RunTime:0.000572s ]
INFO: [ app_end ] --END-- [ RunTime:0.000664s ]

[ 2017-11-12T10:04:07+08:00 ] 192.168.1.102 /index.php/UserV0_1/User/getInfo
INFO: [ app_init ] --START--
INFO: Run Behavior\BuildLiteBehavior [ RunTime:0.000015s ]
INFO: [ app_init ] --END-- [ RunTime:0.000373s ]
INFO: [ app_begin ] --START--
INFO: Run Behavior\ReadHtmlCacheBehavior [ RunTime:0.000429s ]
INFO: [ app_begin ] --END-- [ RunTime:0.000479s ]
SQL: SHOW COLUMNS FROM `mia_user` [ RunTime:0.0006s ]
SQL: SELECT * FROM `mia_user` WHERE `token` = 'e4ced168b91e22f30f0cd4874f59cf63' LIMIT 1   [ RunTime:0.0003s ]
SQL: SHOW COLUMNS FROM `mia_user` [ RunTime:0.0005s ]
SQL: SELECT * FROM `mia_user` WHERE `user_id` = '150' LIMIT 1   [ RunTime:0.0003s ]
INFO: [ app_end ] --START--
INFO: Run Behavior\ShowPageTraceBehavior [ RunTime:0.000596s ]
INFO: [ app_end ] --END-- [ RunTime:0.000661s ]

[ 2017-11-12T10:04:09+08:00 ] 192.168.1.102 /index.php/UserV0_1/Recommend/get
INFO: [ app_init ] --START--
INFO: Run Behavior\BuildLiteBehavior [ RunTime:0.000016s ]
INFO: [ app_init ] --END-- [ RunTime:0.000336s ]
INFO: [ app_begin ] --START--
INFO: Run Behavior\ReadHtmlCacheBehavior [ RunTime:0.000459s ]
INFO: [ app_begin ] --END-- [ RunTime:0.000525s ]
NOTIC: [2048] Declaration of UserV0_1\Controller\RecommendController::get() should be compatible with Think\Controller::get($name = '') D:\database\Project\working\formal\MIAOBELER\App\UserV0_1\Controller\RecommendController.class.php 第 18 行.
SQL: SHOW COLUMNS FROM `mia_user` [ RunTime:0.0009s ]
SQL: SELECT * FROM `mia_user` WHERE `token` = '' LIMIT 1   [ RunTime:0.0004s ]
SQL: SHOW COLUMNS FROM `mia_recommend` [ RunTime:0.0007s ]
SQL: SELECT t1.*,t2.goods_id,t2.title,t2.price,t2.str_price,t2.head_img FROM mia_recommend as t1,mia_goods as t2 WHERE ( t1.goods_id = t2.goods_id ) ORDER BY t1.sort asc  [ RunTime:0.0007s ]
INFO: [ app_end ] --START--
INFO: Run Behavior\ShowPageTraceBehavior [ RunTime:0.000479s ]
INFO: [ app_end ] --END-- [ RunTime:0.000532s ]

[ 2017-11-12T10:04:09+08:00 ] 192.168.1.102 /index.php/UserV0_1/Class/getClassList1
INFO: [ app_init ] --START--
INFO: Run Behavior\BuildLiteBehavior [ RunTime:0.000020s ]
INFO: [ app_init ] --END-- [ RunTime:0.000424s ]
INFO: [ app_begin ] --START--
INFO: Run Behavior\ReadHtmlCacheBehavior [ RunTime:0.000518s ]
INFO: [ app_begin ] --END-- [ RunTime:0.000633s ]
SQL: SHOW COLUMNS FROM `mia_user` [ RunTime:0.0008s ]
SQL: SELECT * FROM `mia_user` WHERE `token` = '' LIMIT 1   [ RunTime:0.0004s ]
SQL: SHOW COLUMNS FROM `mia_class` [ RunTime:0.0007s ]
SQL: SELECT * FROM `mia_class` WHERE ( level = 1 ) ORDER BY sort asc  [ RunTime:0.0005s ]
INFO: [ app_end ] --START--
INFO: Run Behavior\ShowPageTraceBehavior [ RunTime:0.000487s ]
INFO: [ app_end ] --END-- [ RunTime:0.000546s ]

[ 2017-11-12T10:04:09+08:00 ] 192.168.1.102 /index.php/UserV0_1/Brand/getList
INFO: [ app_init ] --START--
INFO: Run Behavior\BuildLiteBehavior [ RunTime:0.000015s ]
INFO: [ app_init ] --END-- [ RunTime:0.000351s ]
INFO: [ app_begin ] --START--
INFO: Run Behavior\ReadHtmlCacheBehavior [ RunTime:0.000451s ]
INFO: [ app_begin ] --END-- [ RunTime:0.000510s ]
SQL: SHOW COLUMNS FROM `mia_user` [ RunTime:0.0009s ]
SQL: SELECT * FROM `mia_user` WHERE `token` = '' LIMIT 1   [ RunTime:0.0005s ]
SQL: SHOW COLUMNS FROM `mia_brand` [ RunTime:0.0009s ]
SQL: SELECT * FROM `mia_brand`  [ RunTime:0.0004s ]
INFO: [ app_end ] --START--
INFO: Run Behavior\ShowPageTraceBehavior [ RunTime:0.000577s ]
INFO: [ app_end ] --END-- [ RunTime:0.000637s ]

[ 2017-11-12T10:04:09+08:00 ] 192.168.1.102 /index.php/UserV0_1/Dynamic/getList
INFO: [ app_init ] --START--
INFO: Run Behavior\BuildLiteBehavior [ RunTime:0.000016s ]
INFO: [ app_init ] --END-- [ RunTime:0.000390s ]
INFO: [ app_begin ] --START--
INFO: Run Behavior\ReadHtmlCacheBehavior [ RunTime:0.000507s ]
INFO: [ app_begin ] --END-- [ RunTime:0.000586s ]
SQL: SHOW COLUMNS FROM `mia_user` [ RunTime:0.0009s ]
SQL: SELECT * FROM `mia_user` WHERE `token` = '' LIMIT 1   [ RunTime:0.0004s ]
SQL: SHOW COLUMNS FROM `mia_dynamic` [ RunTime:0.0009s ]
SQL: SELECT t1.*,t2.* FROM mia_dynamic as t1,mia_user as t2 WHERE ( t1.user_id = t2.user_id )  [ RunTime:0.0006s ]
INFO: [ app_end ] --START--
INFO: Run Behavior\ShowPageTraceBehavior [ RunTime:0.000484s ]
INFO: [ app_end ] --END-- [ RunTime:0.000545s ]

[ 2017-11-12T10:04:09+08:00 ] 192.168.1.102 /index.php/UserV0_1/User/getInfo
INFO: [ app_init ] --START--
INFO: Run Behavior\BuildLiteBehavior [ RunTime:0.000050s ]
INFO: [ app_init ] --END-- [ RunTime:0.000678s ]
INFO: [ app_begin ] --START--
INFO: Run Behavior\ReadHtmlCacheBehavior [ RunTime:0.000624s ]
INFO: [ app_begin ] --END-- [ RunTime:0.000706s ]
SQL: SHOW COLUMNS FROM `mia_user` [ RunTime:0.0008s ]
SQL: SELECT * FROM `mia_user` WHERE `token` = '' LIMIT 1   [ RunTime:0.0004s ]
SQL: SHOW COLUMNS FROM `mia_user` [ RunTime:0.0008s ]
SQL: SELECT * FROM `mia_user` WHERE `user_id` = '150' LIMIT 1   [ RunTime:0.0004s ]
INFO: [ app_end ] --START--
INFO: Run Behavior\ShowPageTraceBehavior [ RunTime:0.000454s ]
INFO: [ app_end ] --END-- [ RunTime:0.000496s ]

[ 2017-11-12T10:04:09+08:00 ] 192.168.1.102 /index.php/UserV0_1/ShoppingBag/showList
INFO: [ app_init ] --START--
INFO: Run Behavior\BuildLiteBehavior [ RunTime:0.000018s ]
INFO: [ app_init ] --END-- [ RunTime:0.000419s ]
INFO: [ app_begin ] --START--
INFO: Run Behavior\ReadHtmlCacheBehavior [ RunTime:0.000529s ]
INFO: [ app_begin ] --END-- [ RunTime:0.000609s ]
SQL: SHOW COLUMNS FROM `mia_user` [ RunTime:0.0009s ]
SQL: SELECT * FROM `mia_user` WHERE `token` = 'e4ced168b91e22f30f0cd4874f59cf63' LIMIT 1   [ RunTime:0.0004s ]
SQL: SHOW COLUMNS FROM `mia_shopping_bag` [ RunTime:0.0008s ]
SQL: SHOW COLUMNS FROM `mia_shopping_bag` [ RunTime:0.0006s ]
SQL: SELECT t1.*,t2.* FROM mia_shopping_bag AS t1,mia_goods AS t2 WHERE ( t1.goods_id = t2.goods_id AND user_id="150" )  [ RunTime:0.0006s ]
NOTIC: [8] Undefined variable: result D:\database\Project\working\formal\MIAOBELER\App\UserV0_1\Model\ShoppingBagModel.class.php 第 127 行.
INFO: [ app_end ] --START--
INFO: Run Behavior\ShowPageTraceBehavior [ RunTime:0.000532s ]
INFO: [ app_end ] --END-- [ RunTime:0.000587s ]

[ 2017-11-12T10:04:09+08:00 ] 192.168.1.102 /index.php/UserV0_1/Login/isLogin
INFO: [ app_init ] --START--
INFO: Run Behavior\BuildLiteBehavior [ RunTime:0.000017s ]
INFO: [ app_init ] --END-- [ RunTime:0.000380s ]
INFO: [ app_begin ] --START--
INFO: Run Behavior\ReadHtmlCacheBehavior [ RunTime:0.000493s ]
INFO: [ app_begin ] --END-- [ RunTime:0.000565s ]
SQL: SHOW COLUMNS FROM `mia_user` [ RunTime:0.0008s ]
SQL: SELECT * FROM `mia_user` WHERE `token` = 'e4ced168b91e22f30f0cd4874f59cf63' LIMIT 1   [ RunTime:0.0004s ]
INFO: [ app_end ] --START--
INFO: Run Behavior\ShowPageTraceBehavior [ RunTime:0.000653s ]
INFO: [ app_end ] --END-- [ RunTime:0.000736s ]

[ 2017-11-12T10:04:09+08:00 ] 192.168.1.102 /index.php/UserV0_1/IndexNav/getList
INFO: [ app_init ] --START--
INFO: Run Behavior\BuildLiteBehavior [ RunTime:0.000013s ]
INFO: [ app_init ] --END-- [ RunTime:0.000394s ]
INFO: [ app_begin ] --START--
INFO: Run Behavior\ReadHtmlCacheBehavior [ RunTime:0.000547s ]
INFO: [ app_begin ] --END-- [ RunTime:0.000615s ]
SQL: SHOW COLUMNS FROM `mia_user` [ RunTime:0.0008s ]
SQL: SELECT * FROM `mia_user` WHERE `token` = '' LIMIT 1   [ RunTime:0.0004s ]
SQL: SHOW COLUMNS FROM `mia_goods` [ RunTime:0.0009s ]
SQL: SELECT t1.*,t2.*,t3.*,t1.title AS `t1_title`,t2.title AS `t2_title`,t3.title AS `t3_title`,t2.class_id AS `t2_id`,t3.class_id AS `t3_id`,t1.head_img AS `t1_head_img` FROM mia_goods AS t1,mia_class AS t2,mia_class as t3 WHERE ( t1.class_id = t2.class_id AND t2.super_id = t3.class_id )  [ RunTime:0.0010s ]
INFO: [ app_end ] --START--
INFO: Run Behavior\ShowPageTraceBehavior [ RunTime:0.000679s ]
INFO: [ app_end ] --END-- [ RunTime:0.000767s ]

[ 2017-11-12T10:04:09+08:00 ] 192.168.1.102 /index.php/UserV0_1/Class/getClassList2?super_id=huchairqo25125
INFO: [ app_init ] --START--
INFO: Run Behavior\BuildLiteBehavior [ RunTime:0.000017s ]
INFO: [ app_init ] --END-- [ RunTime:0.000381s ]
INFO: [ app_begin ] --START--
INFO: Run Behavior\ReadHtmlCacheBehavior [ RunTime:0.000473s ]
INFO: [ app_begin ] --END-- [ RunTime:0.000537s ]
SQL: SHOW COLUMNS FROM `mia_user` [ RunTime:0.0007s ]
SQL: SELECT * FROM `mia_user` WHERE `token` = '' LIMIT 1   [ RunTime:0.0003s ]
SQL: SHOW COLUMNS FROM `mia_class` [ RunTime:0.0005s ]
SQL: SELECT * FROM `mia_class` WHERE `super_id` = 'huchairqo25125' AND `level` = 2 ORDER BY sort asc  [ RunTime:0.0003s ]
INFO: [ app_end ] --START--
INFO: Run Behavior\ShowPageTraceBehavior [ RunTime:0.000433s ]
INFO: [ app_end ] --END-- [ RunTime:0.000472s ]

[ 2017-11-12T10:04:30+08:00 ] 192.168.1.102 /index.php/UserV0_1/Recommend/get
INFO: [ app_init ] --START--
INFO: Run Behavior\BuildLiteBehavior [ RunTime:0.000016s ]
INFO: [ app_init ] --END-- [ RunTime:0.000355s ]
INFO: [ app_begin ] --START--
INFO: Run Behavior\ReadHtmlCacheBehavior [ RunTime:0.000463s ]
INFO: [ app_begin ] --END-- [ RunTime:0.000532s ]
NOTIC: [2048] Declaration of UserV0_1\Controller\RecommendController::get() should be compatible with Think\Controller::get($name = '') D:\database\Project\working\formal\MIAOBELER\App\UserV0_1\Controller\RecommendController.class.php 第 18 行.
SQL: SHOW COLUMNS FROM `mia_user` [ RunTime:0.0008s ]
SQL: SELECT * FROM `mia_user` WHERE `token` = '' LIMIT 1   [ RunTime:0.0003s ]
SQL: SHOW COLUMNS FROM `mia_recommend` [ RunTime:0.0007s ]
SQL: SELECT t1.*,t2.goods_id,t2.title,t2.price,t2.str_price,t2.head_img FROM mia_recommend as t1,mia_goods as t2 WHERE ( t1.goods_id = t2.goods_id ) ORDER BY t1.sort asc  [ RunTime:0.0005s ]
INFO: [ app_end ] --START--
INFO: Run Behavior\ShowPageTraceBehavior [ RunTime:0.000587s ]
INFO: [ app_end ] --END-- [ RunTime:0.000646s ]

[ 2017-11-12T10:04:30+08:00 ] 192.168.1.102 /index.php/UserV0_1/Class/getClassList1
INFO: [ app_init ] --START--
INFO: Run Behavior\BuildLiteBehavior [ RunTime:0.000020s ]
INFO: [ app_init ] --END-- [ RunTime:0.000421s ]
INFO: [ app_begin ] --START--
INFO: Run Behavior\ReadHtmlCacheBehavior [ RunTime:0.000435s ]
INFO: [ app_begin ] --END-- [ RunTime:0.000486s ]
SQL: SHOW COLUMNS FROM `mia_user` [ RunTime:0.0007s ]
SQL: SELECT * FROM `mia_user` WHERE `token` = '' LIMIT 1   [ RunTime:0.0004s ]
SQL: SHOW COLUMNS FROM `mia_class` [ RunTime:0.0006s ]
SQL: SELECT * FROM `mia_class` WHERE ( level = 1 ) ORDER BY sort asc  [ RunTime:0.0004s ]
INFO: [ app_end ] --START--
INFO: Run Behavior\ShowPageTraceBehavior [ RunTime:0.000510s ]
INFO: [ app_end ] --END-- [ RunTime:0.000583s ]

[ 2017-11-12T10:04:30+08:00 ] 192.168.1.102 /index.php/UserV0_1/User/getInfo
INFO: [ app_init ] --START--
INFO: Run Behavior\BuildLiteBehavior [ RunTime:0.000016s ]
INFO: [ app_init ] --END-- [ RunTime:0.000393s ]
INFO: [ app_begin ] --START--
INFO: Run Behavior\ReadHtmlCacheBehavior [ RunTime:0.000591s ]
INFO: [ app_begin ] --END-- [ RunTime:0.000665s ]
SQL: SHOW COLUMNS FROM `mia_user` [ RunTime:0.0007s ]
SQL: SELECT * FROM `mia_user` WHERE `token` = '' LIMIT 1   [ RunTime:0.0004s ]
SQL: SHOW COLUMNS FROM `mia_user` [ RunTime:0.0007s ]
SQL: SELECT * FROM `mia_user` WHERE `user_id` = '150' LIMIT 1   [ RunTime:0.0004s ]
INFO: [ app_end ] --START--
INFO: Run Behavior\ShowPageTraceBehavior [ RunTime:0.000652s ]
INFO: [ app_end ] --END-- [ RunTime:0.000711s ]

[ 2017-11-12T10:04:30+08:00 ] 192.168.1.102 /index.php/UserV0_1/Brand/getList
INFO: [ app_init ] --START--
INFO: Run Behavior\BuildLiteBehavior [ RunTime:0.000017s ]
INFO: [ app_init ] --END-- [ RunTime:0.000619s ]
INFO: [ app_begin ] --START--
INFO: Run Behavior\ReadHtmlCacheBehavior [ RunTime:0.000694s ]
INFO: [ app_begin ] --END-- [ RunTime:0.000778s ]
SQL: SHOW COLUMNS FROM `mia_user` [ RunTime:0.0008s ]
SQL: SELECT * FROM `mia_user` WHERE `token` = '' LIMIT 1   [ RunTime:0.0004s ]
SQL: SHOW COLUMNS FROM `mia_brand` [ RunTime:0.0008s ]
SQL: SELECT * FROM `mia_brand`  [ RunTime:0.0003s ]
INFO: [ app_end ] --START--
INFO: Run Behavior\ShowPageTraceBehavior [ RunTime:0.000627s ]
INFO: [ app_end ] --END-- [ RunTime:0.000695s ]

[ 2017-11-12T10:04:30+08:00 ] 192.168.1.102 /index.php/UserV0_1/Dynamic/getList
INFO: [ app_init ] --START--
INFO: Run Behavior\BuildLiteBehavior [ RunTime:0.000057s ]
INFO: [ app_init ] --END-- [ RunTime:0.000445s ]
INFO: [ app_begin ] --START--
INFO: Run Behavior\ReadHtmlCacheBehavior [ RunTime:0.000713s ]
INFO: [ app_begin ] --END-- [ RunTime:0.000796s ]
SQL: SHOW COLUMNS FROM `mia_user` [ RunTime:0.0008s ]
SQL: SELECT * FROM `mia_user` WHERE `token` = '' LIMIT 1   [ RunTime:0.0004s ]
SQL: SHOW COLUMNS FROM `mia_dynamic` [ RunTime:0.0009s ]
SQL: SELECT t1.*,t2.* FROM mia_dynamic as t1,mia_user as t2 WHERE ( t1.user_id = t2.user_id )  [ RunTime:0.0007s ]
INFO: [ app_end ] --START--
INFO: Run Behavior\ShowPageTraceBehavior [ RunTime:0.000602s ]
INFO: [ app_end ] --END-- [ RunTime:0.000665s ]

[ 2017-11-12T10:04:30+08:00 ] 192.168.1.102 /index.php/UserV0_1/ShoppingBag/showList
INFO: [ app_init ] --START--
INFO: Run Behavior\BuildLiteBehavior [ RunTime:0.000017s ]
INFO: [ app_init ] --END-- [ RunTime:0.000448s ]
INFO: [ app_begin ] --START--
INFO: Run Behavior\ReadHtmlCacheBehavior [ RunTime:0.000516s ]
INFO: [ app_begin ] --END-- [ RunTime:0.000580s ]
SQL: SHOW COLUMNS FROM `mia_user` [ RunTime:0.0009s ]
SQL: SELECT * FROM `mia_user` WHERE `token` = 'e4ced168b91e22f30f0cd4874f59cf63' LIMIT 1   [ RunTime:0.0004s ]
SQL: SHOW COLUMNS FROM `mia_shopping_bag` [ RunTime:0.0009s ]
SQL: SHOW COLUMNS FROM `mia_shopping_bag` [ RunTime:0.0006s ]
SQL: SELECT t1.*,t2.* FROM mia_shopping_bag AS t1,mia_goods AS t2 WHERE ( t1.goods_id = t2.goods_id AND user_id="150" )  [ RunTime:0.0005s ]
NOTIC: [8] Undefined variable: result D:\database\Project\working\formal\MIAOBELER\App\UserV0_1\Model\ShoppingBagModel.class.php 第 127 行.
INFO: [ app_end ] --START--
INFO: Run Behavior\ShowPageTraceBehavior [ RunTime:0.000543s ]
INFO: [ app_end ] --END-- [ RunTime:0.000605s ]

[ 2017-11-12T10:04:30+08:00 ] 192.168.1.102 /index.php/UserV0_1/IndexNav/getList
INFO: [ app_init ] --START--
INFO: Run Behavior\BuildLiteBehavior [ RunTime:0.000019s ]
INFO: [ app_init ] --END-- [ RunTime:0.000400s ]
INFO: [ app_begin ] --START--
INFO: Run Behavior\ReadHtmlCacheBehavior [ RunTime:0.000477s ]
INFO: [ app_begin ] --END-- [ RunTime:0.000552s ]
SQL: SHOW COLUMNS FROM `mia_user` [ RunTime:0.0009s ]
SQL: SELECT * FROM `mia_user` WHERE `token` = '' LIMIT 1   [ RunTime:0.0004s ]
SQL: SHOW COLUMNS FROM `mia_goods` [ RunTime:0.0008s ]
SQL: SELECT t1.*,t2.*,t3.*,t1.title AS `t1_title`,t2.title AS `t2_title`,t3.title AS `t3_title`,t2.class_id AS `t2_id`,t3.class_id AS `t3_id`,t1.head_img AS `t1_head_img` FROM mia_goods AS t1,mia_class AS t2,mia_class as t3 WHERE ( t1.class_id = t2.class_id AND t2.super_id = t3.class_id )  [ RunTime:0.0009s ]
INFO: [ app_end ] --START--
INFO: Run Behavior\ShowPageTraceBehavior [ RunTime:0.000620s ]
INFO: [ app_end ] --END-- [ RunTime:0.000698s ]

[ 2017-11-12T10:04:30+08:00 ] 192.168.1.102 /index.php/UserV0_1/Login/isLogin
INFO: [ app_init ] --START--
INFO: Run Behavior\BuildLiteBehavior [ RunTime:0.000015s ]
INFO: [ app_init ] --END-- [ RunTime:0.000353s ]
INFO: [ app_begin ] --START--
INFO: Run Behavior\ReadHtmlCacheBehavior [ RunTime:0.000445s ]
INFO: [ app_begin ] --END-- [ RunTime:0.000503s ]
SQL: SHOW COLUMNS FROM `mia_user` [ RunTime:0.0009s ]
SQL: SELECT * FROM `mia_user` WHERE `token` = 'e4ced168b91e22f30f0cd4874f59cf63' LIMIT 1   [ RunTime:0.0004s ]
INFO: [ app_end ] --START--
INFO: Run Behavior\ShowPageTraceBehavior [ RunTime:0.000798s ]
INFO: [ app_end ] --END-- [ RunTime:0.000882s ]

[ 2017-11-12T10:04:30+08:00 ] 192.168.1.102 /index.php/UserV0_1/Class/getClassList2?super_id=huchairqo25125
INFO: [ app_init ] --START--
INFO: Run Behavior\BuildLiteBehavior [ RunTime:0.000018s ]
INFO: [ app_init ] --END-- [ RunTime:0.000480s ]
INFO: [ app_begin ] --START--
INFO: Run Behavior\ReadHtmlCacheBehavior [ RunTime:0.000619s ]
INFO: [ app_begin ] --END-- [ RunTime:0.000705s ]
SQL: SHOW COLUMNS FROM `mia_user` [ RunTime:0.0008s ]
SQL: SELECT * FROM `mia_user` WHERE `token` = '' LIMIT 1   [ RunTime:0.0003s ]
SQL: SHOW COLUMNS FROM `mia_class` [ RunTime:0.0007s ]
SQL: SELECT * FROM `mia_class` WHERE `super_id` = 'huchairqo25125' AND `level` = 2 ORDER BY sort asc  [ RunTime:0.0009s ]
INFO: [ app_end ] --START--
INFO: Run Behavior\ShowPageTraceBehavior [ RunTime:0.000608s ]
INFO: [ app_end ] --END-- [ RunTime:0.000684s ]

[ 2017-11-12T10:04:30+08:00 ] 192.168.1.102 /index.php/UserV0_1/User/getInfo
INFO: [ app_init ] --START--
INFO: Run Behavior\BuildLiteBehavior [ RunTime:0.000017s ]
INFO: [ app_init ] --END-- [ RunTime:0.000386s ]
INFO: [ app_begin ] --START--
INFO: Run Behavior\ReadHtmlCacheBehavior [ RunTime:0.000923s ]
INFO: [ app_begin ] --END-- [ RunTime:0.001031s ]
SQL: SHOW COLUMNS FROM `mia_user` [ RunTime:0.0008s ]
SQL: SELECT * FROM `mia_user` WHERE `token` = 'e4ced168b91e22f30f0cd4874f59cf63' LIMIT 1   [ RunTime:0.0004s ]
SQL: SHOW COLUMNS FROM `mia_user` [ RunTime:0.0008s ]
SQL: SELECT * FROM `mia_user` WHERE `user_id` = '150' LIMIT 1   [ RunTime:0.0005s ]
INFO: [ app_end ] --START--
INFO: Run Behavior\ShowPageTraceBehavior [ RunTime:0.000530s ]
INFO: [ app_end ] --END-- [ RunTime:0.000593s ]

[ 2017-11-12T10:04:35+08:00 ] 192.168.1.102 /index.php/UserV0_1/Recommend/get
INFO: [ app_init ] --START--
INFO: Run Behavior\BuildLiteBehavior [ RunTime:0.000017s ]
INFO: [ app_init ] --END-- [ RunTime:0.000357s ]
INFO: [ app_begin ] --START--
INFO: Run Behavior\ReadHtmlCacheBehavior [ RunTime:0.000489s ]
INFO: [ app_begin ] --END-- [ RunTime:0.000618s ]
NOTIC: [2048] Declaration of UserV0_1\Controller\RecommendController::get() should be compatible with Think\Controller::get($name = '') D:\database\Project\working\formal\MIAOBELER\App\UserV0_1\Controller\RecommendController.class.php 第 18 行.
SQL: SHOW COLUMNS FROM `mia_user` [ RunTime:0.0009s ]
SQL: SELECT * FROM `mia_user` WHERE `token` = '' LIMIT 1   [ RunTime:0.0004s ]
SQL: SHOW COLUMNS FROM `mia_recommend` [ RunTime:0.0007s ]
SQL: SELECT t1.*,t2.goods_id,t2.title,t2.price,t2.str_price,t2.head_img FROM mia_recommend as t1,mia_goods as t2 WHERE ( t1.goods_id = t2.goods_id ) ORDER BY t1.sort asc  [ RunTime:0.0007s ]
INFO: [ app_end ] --START--
INFO: Run Behavior\ShowPageTraceBehavior [ RunTime:0.000485s ]
INFO: [ app_end ] --END-- [ RunTime:0.000543s ]

[ 2017-11-12T10:04:35+08:00 ] 192.168.1.102 /index.php/UserV0_1/Class/getClassList1
INFO: [ app_init ] --START--
INFO: Run Behavior\BuildLiteBehavior [ RunTime:0.000016s ]
INFO: [ app_init ] --END-- [ RunTime:0.000385s ]
INFO: [ app_begin ] --START--
INFO: Run Behavior\ReadHtmlCacheBehavior [ RunTime:0.000458s ]
INFO: [ app_begin ] --END-- [ RunTime:0.000513s ]
SQL: SHOW COLUMNS FROM `mia_user` [ RunTime:0.0008s ]
SQL: SELECT * FROM `mia_user` WHERE `token` = '' LIMIT 1   [ RunTime:0.0004s ]
SQL: SHOW COLUMNS FROM `mia_class` [ RunTime:0.0007s ]
SQL: SELECT * FROM `mia_class` WHERE ( level = 1 ) ORDER BY sort asc  [ RunTime:0.0005s ]
INFO: [ app_end ] --START--
INFO: Run Behavior\ShowPageTraceBehavior [ RunTime:0.000612s ]
INFO: [ app_end ] --END-- [ RunTime:0.000689s ]

[ 2017-11-12T10:04:35+08:00 ] 192.168.1.102 /index.php/UserV0_1/User/getInfo
INFO: [ app_init ] --START--
INFO: Run Behavior\BuildLiteBehavior [ RunTime:0.000018s ]
INFO: [ app_init ] --END-- [ RunTime:0.000349s ]
INFO: [ app_begin ] --START--
INFO: Run Behavior\ReadHtmlCacheBehavior [ RunTime:0.000428s ]
INFO: [ app_begin ] --END-- [ RunTime:0.000485s ]
SQL: SHOW COLUMNS FROM `mia_user` [ RunTime:0.0010s ]
SQL: SELECT * FROM `mia_user` WHERE `token` = '' LIMIT 1   [ RunTime:0.0006s ]
SQL: SHOW COLUMNS FROM `mia_user` [ RunTime:0.0008s ]
SQL: SELECT * FROM `mia_user` WHERE `user_id` = '150' LIMIT 1   [ RunTime:0.0004s ]
INFO: [ app_end ] --START--
INFO: Run Behavior\ShowPageTraceBehavior [ RunTime:0.000479s ]
INFO: [ app_end ] --END-- [ RunTime:0.000545s ]

[ 2017-11-12T10:04:35+08:00 ] 192.168.1.102 /index.php/UserV0_1/Brand/getList
INFO: [ app_init ] --START--
INFO: Run Behavior\BuildLiteBehavior [ RunTime:0.000018s ]
INFO: [ app_init ] --END-- [ RunTime:0.000398s ]
INFO: [ app_begin ] --START--
INFO: Run Behavior\ReadHtmlCacheBehavior [ RunTime:0.000574s ]
INFO: [ app_begin ] --END-- [ RunTime:0.000656s ]
SQL: SHOW COLUMNS FROM `mia_user` [ RunTime:0.0008s ]
SQL: SELECT * FROM `mia_user` WHERE `token` = '' LIMIT 1   [ RunTime:0.0004s ]
SQL: SHOW COLUMNS FROM `mia_brand` [ RunTime:0.0008s ]
SQL: SELECT * FROM `mia_brand`  [ RunTime:0.0004s ]
INFO: [ app_end ] --START--
INFO: Run Behavior\ShowPageTraceBehavior [ RunTime:0.000564s ]
INFO: [ app_end ] --END-- [ RunTime:0.000637s ]

[ 2017-11-12T10:04:35+08:00 ] 192.168.1.102 /index.php/UserV0_1/Dynamic/getList
INFO: [ app_init ] --START--
INFO: Run Behavior\BuildLiteBehavior [ RunTime:0.000024s ]
INFO: [ app_init ] --END-- [ RunTime:0.000454s ]
INFO: [ app_begin ] --START--
INFO: Run Behavior\ReadHtmlCacheBehavior [ RunTime:0.000547s ]
INFO: [ app_begin ] --END-- [ RunTime:0.000628s ]
SQL: SHOW COLUMNS FROM `mia_user` [ RunTime:0.0008s ]
SQL: SELECT * FROM `mia_user` WHERE `token` = '' LIMIT 1   [ RunTime:0.0004s ]
SQL: SHOW COLUMNS FROM `mia_dynamic` [ RunTime:0.0008s ]
SQL: SELECT t1.*,t2.* FROM mia_dynamic as t1,mia_user as t2 WHERE ( t1.user_id = t2.user_id )  [ RunTime:0.0006s ]
INFO: [ app_end ] --START--
INFO: Run Behavior\ShowPageTraceBehavior [ RunTime:0.000493s ]
INFO: [ app_end ] --END-- [ RunTime:0.000567s ]

[ 2017-11-12T10:04:35+08:00 ] 192.168.1.102 /index.php/UserV0_1/ShoppingBag/showList
INFO: [ app_init ] --START--
INFO: Run Behavior\BuildLiteBehavior [ RunTime:0.000020s ]
INFO: [ app_init ] --END-- [ RunTime:0.001628s ]
INFO: [ app_begin ] --START--
INFO: Run Behavior\ReadHtmlCacheBehavior [ RunTime:0.000562s ]
INFO: [ app_begin ] --END-- [ RunTime:0.000768s ]
SQL: SHOW COLUMNS FROM `mia_user` [ RunTime:0.0012s ]
SQL: SELECT * FROM `mia_user` WHERE `token` = 'e4ced168b91e22f30f0cd4874f59cf63' LIMIT 1   [ RunTime:0.0006s ]
SQL: SHOW COLUMNS FROM `mia_shopping_bag` [ RunTime:0.0008s ]
SQL: SHOW COLUMNS FROM `mia_shopping_bag` [ RunTime:0.0006s ]
SQL: SELECT t1.*,t2.* FROM mia_shopping_bag AS t1,mia_goods AS t2 WHERE ( t1.goods_id = t2.goods_id AND user_id="150" )  [ RunTime:0.0005s ]
NOTIC: [8] Undefined variable: result D:\database\Project\working\formal\MIAOBELER\App\UserV0_1\Model\ShoppingBagModel.class.php 第 127 行.
INFO: [ app_end ] --START--
INFO: Run Behavior\ShowPageTraceBehavior [ RunTime:0.000536s ]
INFO: [ app_end ] --END-- [ RunTime:0.000585s ]

[ 2017-11-12T10:04:35+08:00 ] 192.168.1.102 /index.php/UserV0_1/IndexNav/getList
INFO: [ app_init ] --START--
INFO: Run Behavior\BuildLiteBehavior [ RunTime:0.000015s ]
INFO: [ app_init ] --END-- [ RunTime:0.000325s ]
INFO: [ app_begin ] --START--
INFO: Run Behavior\ReadHtmlCacheBehavior [ RunTime:0.000432s ]
INFO: [ app_begin ] --END-- [ RunTime:0.000488s ]
SQL: SHOW COLUMNS FROM `mia_user` [ RunTime:0.0008s ]
SQL: SELECT * FROM `mia_user` WHERE `token` = '' LIMIT 1   [ RunTime:0.0004s ]
SQL: SHOW COLUMNS FROM `mia_goods` [ RunTime:0.0009s ]
SQL: SELECT t1.*,t2.*,t3.*,t1.title AS `t1_title`,t2.title AS `t2_title`,t3.title AS `t3_title`,t2.class_id AS `t2_id`,t3.class_id AS `t3_id`,t1.head_img AS `t1_head_img` FROM mia_goods AS t1,mia_class AS t2,mia_class as t3 WHERE ( t1.class_id = t2.class_id AND t2.super_id = t3.class_id )  [ RunTime:0.0007s ]
INFO: [ app_end ] --START--
INFO: Run Behavior\ShowPageTraceBehavior [ RunTime:0.000658s ]
INFO: [ app_end ] --END-- [ RunTime:0.000734s ]

[ 2017-11-12T10:04:35+08:00 ] 192.168.1.102 /index.php/UserV0_1/Login/isLogin
INFO: [ app_init ] --START--
INFO: Run Behavior\BuildLiteBehavior [ RunTime:0.000015s ]
INFO: [ app_init ] --END-- [ RunTime:0.000351s ]
INFO: [ app_begin ] --START--
INFO: Run Behavior\ReadHtmlCacheBehavior [ RunTime:0.000467s ]
INFO: [ app_begin ] --END-- [ RunTime:0.000541s ]
SQL: SHOW COLUMNS FROM `mia_user` [ RunTime:0.0007s ]
SQL: SELECT * FROM `mia_user` WHERE `token` = 'e4ced168b91e22f30f0cd4874f59cf63' LIMIT 1   [ RunTime:0.0004s ]
INFO: [ app_end ] --START--
INFO: Run Behavior\ShowPageTraceBehavior [ RunTime:0.000545s ]
INFO: [ app_end ] --END-- [ RunTime:0.000603s ]

[ 2017-11-12T10:04:35+08:00 ] 192.168.1.102 /index.php/UserV0_1/Class/getClassList2?super_id=huchairqo25125
INFO: [ app_init ] --START--
INFO: Run Behavior\BuildLiteBehavior [ RunTime:0.000018s ]
INFO: [ app_init ] --END-- [ RunTime:0.000437s ]
INFO: [ app_begin ] --START--
INFO: Run Behavior\ReadHtmlCacheBehavior [ RunTime:0.000491s ]
INFO: [ app_begin ] --END-- [ RunTime:0.000549s ]
SQL: SHOW COLUMNS FROM `mia_user` [ RunTime:0.0010s ]
SQL: SELECT * FROM `mia_user` WHERE `token` = '' LIMIT 1   [ RunTime:0.0007s ]
SQL: SHOW COLUMNS FROM `mia_class` [ RunTime:0.0006s ]
SQL: SELECT * FROM `mia_class` WHERE `super_id` = 'huchairqo25125' AND `level` = 2 ORDER BY sort asc  [ RunTime:0.0004s ]
INFO: [ app_end ] --START--
INFO: Run Behavior\ShowPageTraceBehavior [ RunTime:0.000484s ]
INFO: [ app_end ] --END-- [ RunTime:0.000544s ]

