[ 2017-11-26T12:18:02+08:00 ] 192.168.1.100 /MIAOBELER/index.php/UserV0_1/Login/isLogin
INFO: [ app_init ] --START--
INFO: Run Behavior\BuildLiteBehavior [ RunTime:0.000023s ]
INFO: [ app_init ] --END-- [ RunTime:0.017013s ]
INFO: [ app_begin ] --START--
INFO: Run Behavior\ReadHtmlCacheBehavior [ RunTime:0.001071s ]
INFO: [ app_begin ] --END-- [ RunTime:0.001133s ]
SQL: SHOW COLUMNS FROM `mia_user` [ RunTime:0.0301s ]
SQL: SELECT * FROM `mia_user` WHERE `token` = '' LIMIT 1   [ RunTime:0.0135s ]
INFO: [ app_end ] --START--
INFO: Run Behavior\ShowPageTraceBehavior [ RunTime:0.027746s ]
INFO: [ app_end ] --END-- [ RunTime:0.027791s ]

[ 2017-11-26T12:18:03+08:00 ] 192.168.1.100 /MIAOBELER/index.php/UserV0_1/IndexNav/getList
INFO: [ app_init ] --START--
INFO: Run Behavior\BuildLiteBehavior [ RunTime:0.000010s ]
INFO: [ app_init ] --END-- [ RunTime:0.000409s ]
INFO: [ app_begin ] --START--
INFO: Run Behavior\ReadHtmlCacheBehavior [ RunTime:0.000601s ]
INFO: [ app_begin ] --END-- [ RunTime:0.000636s ]
SQL: SHOW COLUMNS FROM `mia_goods` [ RunTime:0.0011s ]
SQL: SELECT t1.*,t2.*,t3.*,t1.title AS `t1_title`,t2.title AS `t2_title`,t3.title AS `t3_title`,t2.class_id AS `t2_id`,t3.class_id AS `t3_id`,t1.head_img AS `t1_head_img` FROM mia_goods AS t1,mia_class AS t2,mia_class as t3 WHERE ( t1.class_id = t2.class_id AND t2.super_id = t3.class_id )  [ RunTime:0.3247s ]
SQL: SHOW COLUMNS FROM `mia_recommend` [ RunTime:0.0009s ]
SQL: SELECT t1.*,t2.goods_id,t2.title,t2.price,t2.str_price,t2.head_img FROM mia_recommend as t1,mia_goods as t2 WHERE ( t1.goods_id = t2.goods_id ) ORDER BY t1.sort asc  [ RunTime:0.0206s ]
INFO: [ app_end ] --START--
INFO: Run Behavior\ShowPageTraceBehavior [ RunTime:0.000708s ]
INFO: [ app_end ] --END-- [ RunTime:0.000742s ]

[ 2017-11-26T12:18:03+08:00 ] 192.168.1.100 /MIAOBELER/index.php/UserV0_1/Carousel/get
INFO: [ app_init ] --START--
INFO: Run Behavior\BuildLiteBehavior [ RunTime:0.000011s ]
INFO: [ app_init ] --END-- [ RunTime:0.000547s ]
INFO: [ app_begin ] --START--
INFO: Run Behavior\ReadHtmlCacheBehavior [ RunTime:0.000587s ]
INFO: [ app_begin ] --END-- [ RunTime:0.000629s ]
NOTIC: [2048] Declaration of UserV0_1\Controller\CarouselController::get() should be compatible with Think\Controller::get($name = '') D:\database\Project\working\formal\MIAOBELER\App\UserV0_1\Controller\CarouselController.class.php 第 43 行.
SQL: SHOW COLUMNS FROM `mia_carousel` [ RunTime:0.0011s ]
SQL: SELECT * FROM `mia_carousel` ORDER BY sort asc  [ RunTime:0.1462s ]
INFO: [ app_end ] --START--
INFO: Run Behavior\ShowPageTraceBehavior [ RunTime:0.000736s ]
INFO: [ app_end ] --END-- [ RunTime:0.000770s ]

[ 2017-11-26T12:18:03+08:00 ] 192.168.1.100 /MIAOBELER/index.php/UserV0_1/IndexNav/getList
INFO: [ app_init ] --START--
INFO: Run Behavior\BuildLiteBehavior [ RunTime:0.000019s ]
INFO: [ app_init ] --END-- [ RunTime:0.000437s ]
INFO: [ app_begin ] --START--
INFO: Run Behavior\ReadHtmlCacheBehavior [ RunTime:0.000582s ]
INFO: [ app_begin ] --END-- [ RunTime:0.000626s ]
SQL: SHOW COLUMNS FROM `mia_goods` [ RunTime:0.0010s ]
SQL: SELECT t1.*,t2.*,t3.*,t1.title AS `t1_title`,t2.title AS `t2_title`,t3.title AS `t3_title`,t2.class_id AS `t2_id`,t3.class_id AS `t3_id`,t1.head_img AS `t1_head_img` FROM mia_goods AS t1,mia_class AS t2,mia_class as t3 WHERE ( t1.class_id = t2.class_id AND t2.super_id = t3.class_id )  [ RunTime:0.0010s ]
SQL: SHOW COLUMNS FROM `mia_recommend` [ RunTime:0.0007s ]
SQL: SELECT t1.*,t2.goods_id,t2.title,t2.price,t2.str_price,t2.head_img FROM mia_recommend as t1,mia_goods as t2 WHERE ( t1.goods_id = t2.goods_id ) ORDER BY t1.sort asc  [ RunTime:0.0004s ]
INFO: [ app_end ] --START--
INFO: Run Behavior\ShowPageTraceBehavior [ RunTime:0.000969s ]
INFO: [ app_end ] --END-- [ RunTime:0.001023s ]

[ 2017-11-26T12:18:05+08:00 ] 192.168.1.100 /MIAOBELER/index.php/UserV0_1/ShoppingBag/showList
INFO: [ app_init ] --START--
INFO: Run Behavior\BuildLiteBehavior [ RunTime:0.000016s ]
INFO: [ app_init ] --END-- [ RunTime:0.000601s ]
INFO: [ app_begin ] --START--
INFO: Run Behavior\ReadHtmlCacheBehavior [ RunTime:0.000613s ]
INFO: [ app_begin ] --END-- [ RunTime:0.000673s ]
SQL: SHOW COLUMNS FROM `mia_shopping_bag` [ RunTime:0.0008s ]
SQL: SHOW COLUMNS FROM `mia_shopping_bag` [ RunTime:0.0004s ]
SQL: SELECT t1.*,t2.* FROM mia_shopping_bag AS t1,mia_goods AS t2 WHERE ( t1.goods_id = t2.goods_id AND user_id="13864291005" )  [ RunTime:0.0257s ]
NOTIC: [8] Undefined variable: result D:\database\Project\working\formal\MIAOBELER\App\UserV0_1\Model\ShoppingBagModel.class.php 第 127 行.
INFO: [ app_end ] --START--
INFO: Run Behavior\ShowPageTraceBehavior [ RunTime:0.000715s ]
INFO: [ app_end ] --END-- [ RunTime:0.000751s ]

[ 2017-11-26T12:18:29+08:00 ] 192.168.1.100 /MIAOBELER/index.php/UserV0_1/Login/getCode
INFO: [ app_init ] --START--
INFO: Run Behavior\BuildLiteBehavior [ RunTime:0.000010s ]
INFO: [ app_init ] --END-- [ RunTime:0.000438s ]
INFO: [ app_begin ] --START--
INFO: Run Behavior\ReadHtmlCacheBehavior [ RunTime:0.000574s ]
INFO: [ app_begin ] --END-- [ RunTime:0.000608s ]
INFO: [ app_end ] --START--
INFO: Run Behavior\ShowPageTraceBehavior [ RunTime:0.000742s ]
INFO: [ app_end ] --END-- [ RunTime:0.000797s ]

[ 2017-11-26T12:18:38+08:00 ] 192.168.1.100 /MIAOBELER/index.php/UserV0_1//Login/login
INFO: [ app_init ] --START--
INFO: Run Behavior\BuildLiteBehavior [ RunTime:0.000012s ]
INFO: [ app_init ] --END-- [ RunTime:0.000460s ]
INFO: [ app_begin ] --START--
INFO: Run Behavior\ReadHtmlCacheBehavior [ RunTime:0.000554s ]
INFO: [ app_begin ] --END-- [ RunTime:0.000587s ]
SQL: SHOW COLUMNS FROM `mia_user` [ RunTime:0.0009s ]
SQL: SELECT * FROM `mia_user` WHERE `user_id` = '13914896237' LIMIT 1   [ RunTime:0.0003s ]
SQL: UPDATE `mia_user` SET `token`='ba6c259fa556ca779a416f257b64e6c9',`last_time`='1511669918' WHERE `user_id` = '13914896237' [ RunTime:0.0003s ]
INFO: [ app_end ] --START--
INFO: Run Behavior\ShowPageTraceBehavior [ RunTime:0.000697s ]
INFO: [ app_end ] --END-- [ RunTime:0.000731s ]

[ 2017-11-26T12:19:06+08:00 ] 192.168.1.100 /MIAOBELER/index.php/UserV0_1/Login/isLogin
INFO: [ app_init ] --START--
INFO: Run Behavior\BuildLiteBehavior [ RunTime:0.000015s ]
INFO: [ app_init ] --END-- [ RunTime:0.000615s ]
INFO: [ app_begin ] --START--
INFO: Run Behavior\ReadHtmlCacheBehavior [ RunTime:0.000821s ]
INFO: [ app_begin ] --END-- [ RunTime:0.000896s ]
SQL: SHOW COLUMNS FROM `mia_user` [ RunTime:0.0012s ]
SQL: SELECT * FROM `mia_user` WHERE `token` = 'ba6c259fa556ca779a416f257b64e6c9' LIMIT 1   [ RunTime:0.0005s ]
INFO: [ app_end ] --START--
INFO: Run Behavior\ShowPageTraceBehavior [ RunTime:0.001031s ]
INFO: [ app_end ] --END-- [ RunTime:0.001112s ]

[ 2017-11-26T12:19:07+08:00 ] 192.168.1.100 /MIAOBELER/index.php/UserV0_1/ShoppingBag/showList
INFO: [ app_init ] --START--
INFO: Run Behavior\BuildLiteBehavior [ RunTime:0.000018s ]
INFO: [ app_init ] --END-- [ RunTime:0.000577s ]
INFO: [ app_begin ] --START--
INFO: Run Behavior\ReadHtmlCacheBehavior [ RunTime:0.000717s ]
INFO: [ app_begin ] --END-- [ RunTime:0.000782s ]
SQL: SHOW COLUMNS FROM `mia_user` [ RunTime:0.0012s ]
SQL: SELECT * FROM `mia_user` WHERE `token` = 'ba6c259fa556ca779a416f257b64e6c9' LIMIT 1   [ RunTime:0.0004s ]
SQL: SHOW COLUMNS FROM `mia_shopping_bag` [ RunTime:0.0011s ]
SQL: SHOW COLUMNS FROM `mia_shopping_bag` [ RunTime:0.0006s ]
SQL: SELECT t1.*,t2.* FROM mia_shopping_bag AS t1,mia_goods AS t2 WHERE ( t1.goods_id = t2.goods_id AND user_id="13914896237" )  [ RunTime:0.0013s ]
NOTIC: [8] Undefined variable: result D:\database\Project\working\formal\MIAOBELER\App\UserV0_1\Model\ShoppingBagModel.class.php 第 127 行.
INFO: [ app_end ] --START--
INFO: Run Behavior\ShowPageTraceBehavior [ RunTime:0.000782s ]
INFO: [ app_end ] --END-- [ RunTime:0.000829s ]

[ 2017-11-26T12:19:08+08:00 ] 192.168.1.100 /MIAOBELER/index.php/UserV0_1/User/getInfo
INFO: [ app_init ] --START--
INFO: Run Behavior\BuildLiteBehavior [ RunTime:0.000021s ]
INFO: [ app_init ] --END-- [ RunTime:0.000858s ]
INFO: [ app_begin ] --START--
INFO: Run Behavior\ReadHtmlCacheBehavior [ RunTime:0.000582s ]
INFO: [ app_begin ] --END-- [ RunTime:0.000624s ]
SQL: SHOW COLUMNS FROM `mia_user` [ RunTime:0.0010s ]
SQL: SELECT * FROM `mia_user` WHERE `token` = 'ba6c259fa556ca779a416f257b64e6c9' LIMIT 1   [ RunTime:0.0003s ]
SQL: SHOW COLUMNS FROM `mia_user` [ RunTime:0.0005s ]
SQL: SELECT * FROM `mia_user` WHERE `user_id` = '13914896237' LIMIT 1   [ RunTime:0.0003s ]
INFO: [ app_end ] --START--
INFO: Run Behavior\ShowPageTraceBehavior [ RunTime:0.000746s ]
INFO: [ app_end ] --END-- [ RunTime:0.000782s ]

[ 2017-11-26T12:19:08+08:00 ] 192.168.1.100 /MIAOBELER/index.php/UserV0_1/Class/getClassList1
INFO: [ app_init ] --START--
INFO: Run Behavior\BuildLiteBehavior [ RunTime:0.000018s ]
INFO: [ app_init ] --END-- [ RunTime:0.000408s ]
INFO: [ app_begin ] --START--
INFO: Run Behavior\ReadHtmlCacheBehavior [ RunTime:0.000566s ]
INFO: [ app_begin ] --END-- [ RunTime:0.000612s ]
SQL: SHOW COLUMNS FROM `mia_class` [ RunTime:0.0012s ]
SQL: SELECT * FROM `mia_class` WHERE ( level = 1 ) ORDER BY sort asc  [ RunTime:0.0352s ]
INFO: [ app_end ] --START--
INFO: Run Behavior\ShowPageTraceBehavior [ RunTime:0.000658s ]
INFO: [ app_end ] --END-- [ RunTime:0.000698s ]

[ 2017-11-26T12:19:08+08:00 ] 192.168.1.100 /MIAOBELER/index.php/UserV0_1/Class/getClass2All
INFO: [ app_init ] --START--
INFO: Run Behavior\BuildLiteBehavior [ RunTime:0.000015s ]
INFO: [ app_init ] --END-- [ RunTime:0.000424s ]
INFO: [ app_begin ] --START--
INFO: Run Behavior\ReadHtmlCacheBehavior [ RunTime:0.000560s ]
INFO: [ app_begin ] --END-- [ RunTime:0.000604s ]
SQL: SHOW COLUMNS FROM `mia_class` [ RunTime:0.0010s ]
SQL: SELECT * FROM `mia_class` WHERE `level` = 2 ORDER BY sort asc  [ RunTime:0.0004s ]
SQL: SHOW COLUMNS FROM `mia_brand` [ RunTime:0.0009s ]
SQL: SELECT * FROM `mia_brand`  [ RunTime:0.0125s ]
INFO: [ app_end ] --START--
INFO: Run Behavior\ShowPageTraceBehavior [ RunTime:0.000768s ]
INFO: [ app_end ] --END-- [ RunTime:0.000824s ]

[ 2017-11-26T12:19:08+08:00 ] 192.168.1.100 /MIAOBELER/index.php/UserV0_1/Login/isLogin
INFO: [ app_init ] --START--
INFO: Run Behavior\BuildLiteBehavior [ RunTime:0.000010s ]
INFO: [ app_init ] --END-- [ RunTime:0.000335s ]
INFO: [ app_begin ] --START--
INFO: Run Behavior\ReadHtmlCacheBehavior [ RunTime:0.000528s ]
INFO: [ app_begin ] --END-- [ RunTime:0.000566s ]
SQL: SHOW COLUMNS FROM `mia_user` [ RunTime:0.0009s ]
SQL: SELECT * FROM `mia_user` WHERE `token` = 'ba6c259fa556ca779a416f257b64e6c9' LIMIT 1   [ RunTime:0.0003s ]
INFO: [ app_end ] --START--
INFO: Run Behavior\ShowPageTraceBehavior [ RunTime:0.000714s ]
INFO: [ app_end ] --END-- [ RunTime:0.000771s ]

[ 2017-11-26T12:19:08+08:00 ] 192.168.1.100 /MIAOBELER/index.php/UserV0_1/Class/getClass2All?super_id=undefined
INFO: [ app_init ] --START--
INFO: Run Behavior\BuildLiteBehavior [ RunTime:0.000010s ]
INFO: [ app_init ] --END-- [ RunTime:0.000335s ]
INFO: [ app_begin ] --START--
INFO: Run Behavior\ReadHtmlCacheBehavior [ RunTime:0.000524s ]
INFO: [ app_begin ] --END-- [ RunTime:0.000559s ]
SQL: SHOW COLUMNS FROM `mia_class` [ RunTime:0.0010s ]
SQL: SELECT * FROM `mia_class` WHERE `level` = 2 ORDER BY sort asc  [ RunTime:0.0004s ]
SQL: SHOW COLUMNS FROM `mia_brand` [ RunTime:0.0009s ]
SQL: SELECT * FROM `mia_brand`  [ RunTime:0.0002s ]
INFO: [ app_end ] --START--
INFO: Run Behavior\ShowPageTraceBehavior [ RunTime:0.000745s ]
INFO: [ app_end ] --END-- [ RunTime:0.000797s ]

[ 2017-11-26T12:19:09+08:00 ] 192.168.1.100 /MIAOBELER/index.php/UserV0_1/Dynamic/getList
INFO: [ app_init ] --START--
INFO: Run Behavior\BuildLiteBehavior [ RunTime:0.000011s ]
INFO: [ app_init ] --END-- [ RunTime:0.000374s ]
INFO: [ app_begin ] --START--
INFO: Run Behavior\ReadHtmlCacheBehavior [ RunTime:0.000559s ]
INFO: [ app_begin ] --END-- [ RunTime:0.000596s ]
SQL: SHOW COLUMNS FROM `mia_user` [ RunTime:0.0009s ]
SQL: SELECT * FROM `mia_user` WHERE `token` = 'ba6c259fa556ca779a416f257b64e6c9' LIMIT 1   [ RunTime:0.0003s ]
SQL: SHOW COLUMNS FROM `mia_dynamic` [ RunTime:0.0008s ]
SQL: SELECT t1.*,t2.* FROM mia_dynamic as t1,mia_user as t2 WHERE ( t1.user_id = t2.user_id )  [ RunTime:0.0004s ]
SQL: SHOW COLUMNS FROM `mia_dynamic_info` [ RunTime:0.0008s ]
SQL: SELECT * FROM `mia_dynamic_info` WHERE `dynamic_id` = '9cac2ca53c5fe723c249d012d6091c50' LIMIT 1   [ RunTime:0.0199s ]
SQL: SHOW COLUMNS FROM `mia_order` [ RunTime:0.0010s ]
SQL: SHOW COLUMNS FROM `mia_goods` [ RunTime:0.0008s ]
SQL: SELECT * FROM `mia_goods` WHERE `goods_id` IN ('c84909be302e5029fafcc874e217a59a','f030121b6fe9b7c1701bb5b24e1c01f5')  [ RunTime:0.0248s ]
SQL: SELECT * FROM `mia_dynamic_info` WHERE `dynamic_id` = '60f24162e3a72b51963ce5956bda2ab4' LIMIT 1   [ RunTime:0.0003s ]
SQL: SELECT * FROM `mia_goods` WHERE `goods_id` IN ('f030121b6fe9b7c1701bb5b24e1c01f5')  [ RunTime:0.0002s ]
SQL: SELECT * FROM `mia_dynamic_info` WHERE `dynamic_id` = 'f18eb5201b7221148de220114667ba96' LIMIT 1   [ RunTime:0.0002s ]
SQL: SELECT * FROM `mia_goods` WHERE `goods_id` IN ('c84909be302e5029fafcc874e217a59a')  [ RunTime:0.0002s ]
INFO: [ app_end ] --START--
INFO: Run Behavior\ShowPageTraceBehavior [ RunTime:0.000650s ]
INFO: [ app_end ] --END-- [ RunTime:0.000692s ]

[ 2017-11-26T12:19:35+08:00 ] 192.168.1.100 /MIAOBELER/index.php/UserV0_1/Goods/classGoods?class_id=jkhmhyamh35215
INFO: [ app_init ] --START--
INFO: Run Behavior\BuildLiteBehavior [ RunTime:0.000010s ]
INFO: [ app_init ] --END-- [ RunTime:0.000365s ]
INFO: [ app_begin ] --START--
INFO: Run Behavior\ReadHtmlCacheBehavior [ RunTime:0.000528s ]
INFO: [ app_begin ] --END-- [ RunTime:0.000567s ]
SQL: SHOW COLUMNS FROM `mia_goods` [ RunTime:0.0006s ]
SQL: SELECT * FROM `mia_goods` WHERE `class_id` = 'jkhmhyamh35215' AND `is_show` = 1  [ RunTime:0.0003s ]
INFO: [ app_end ] --START--
INFO: Run Behavior\ShowPageTraceBehavior [ RunTime:0.000753s ]
INFO: [ app_end ] --END-- [ RunTime:0.000795s ]

[ 2017-11-26T12:19:41+08:00 ] 192.168.1.100 /MIAOBELER/index.php/UserV0_1/Goods/classGoods?class_id=jkhmhyamh35215
INFO: [ app_init ] --START--
INFO: Run Behavior\BuildLiteBehavior [ RunTime:0.000010s ]
INFO: [ app_init ] --END-- [ RunTime:0.000461s ]
INFO: [ app_begin ] --START--
INFO: Run Behavior\ReadHtmlCacheBehavior [ RunTime:0.000554s ]
INFO: [ app_begin ] --END-- [ RunTime:0.000585s ]
SQL: SHOW COLUMNS FROM `mia_goods` [ RunTime:0.0010s ]
SQL: SELECT * FROM `mia_goods` WHERE `class_id` = 'jkhmhyamh35215' AND `is_show` = 1  [ RunTime:0.0003s ]
INFO: [ app_end ] --START--
INFO: Run Behavior\ShowPageTraceBehavior [ RunTime:0.000691s ]
INFO: [ app_end ] --END-- [ RunTime:0.000725s ]

[ 2017-11-26T12:19:42+08:00 ] 192.168.1.100 /MIAOBELER/index.php/UserV0_1/Goods/getGoods?goods_id=990c003e5d4060b4aeb2acba344457de
INFO: [ app_init ] --START--
INFO: Run Behavior\BuildLiteBehavior [ RunTime:0.000014s ]
INFO: [ app_init ] --END-- [ RunTime:0.000466s ]
INFO: [ app_begin ] --START--
INFO: Run Behavior\ReadHtmlCacheBehavior [ RunTime:0.000583s ]
INFO: [ app_begin ] --END-- [ RunTime:0.000629s ]
SQL: SHOW COLUMNS FROM `mia_goods` [ RunTime:0.0009s ]
SQL: SELECT * FROM `mia_goods` WHERE `goods_id` = '990c003e5d4060b4aeb2acba344457de' AND `is_show` = 1 LIMIT 1   [ RunTime:0.0003s ]
INFO: [ app_end ] --START--
INFO: Run Behavior\ShowPageTraceBehavior [ RunTime:0.000743s ]
INFO: [ app_end ] --END-- [ RunTime:0.000784s ]

[ 2017-11-26T12:19:43+08:00 ] 192.168.1.100 /MIAOBELER/index.php/UserV0_1/GoodsInfo/getGoodsInfo?goods_id=990c003e5d4060b4aeb2acba344457de
INFO: [ app_init ] --START--
INFO: Run Behavior\BuildLiteBehavior [ RunTime:0.000011s ]
INFO: [ app_init ] --END-- [ RunTime:0.000369s ]
INFO: [ app_begin ] --START--
INFO: Run Behavior\ReadHtmlCacheBehavior [ RunTime:0.000504s ]
INFO: [ app_begin ] --END-- [ RunTime:0.000562s ]
SQL: SHOW COLUMNS FROM `mia_goods_info` [ RunTime:0.0011s ]
SQL: SELECT * FROM `mia_goods_info` WHERE `goods_id` = '990c003e5d4060b4aeb2acba344457de' LIMIT 1   [ RunTime:0.0273s ]
SQL: SHOW COLUMNS FROM `mia_collect` [ RunTime:0.0012s ]
SQL: SELECT * FROM `mia_collect` WHERE `goods_id` = '990c003e5d4060b4aeb2acba344457de' AND `user_id` = '13914896237' LIMIT 1   [ RunTime:0.0004s ]
INFO: [ app_end ] --START--
INFO: Run Behavior\ShowPageTraceBehavior [ RunTime:0.000868s ]
INFO: [ app_end ] --END-- [ RunTime:0.000928s ]

[ 2017-11-26T12:19:47+08:00 ] 192.168.1.100 /MIAOBELER/index.php/UserV0_1/Goods/getGoods?goods_id=990c003e5d4060b4aeb2acba344457de
INFO: [ app_init ] --START--
INFO: Run Behavior\BuildLiteBehavior [ RunTime:0.000010s ]
INFO: [ app_init ] --END-- [ RunTime:0.000440s ]
INFO: [ app_begin ] --START--
INFO: Run Behavior\ReadHtmlCacheBehavior [ RunTime:0.000469s ]
INFO: [ app_begin ] --END-- [ RunTime:0.000505s ]
SQL: SHOW COLUMNS FROM `mia_goods` [ RunTime:0.0010s ]
SQL: SELECT * FROM `mia_goods` WHERE `goods_id` = '990c003e5d4060b4aeb2acba344457de' AND `is_show` = 1 LIMIT 1   [ RunTime:0.0003s ]
INFO: [ app_end ] --START--
INFO: Run Behavior\ShowPageTraceBehavior [ RunTime:0.000665s ]
INFO: [ app_end ] --END-- [ RunTime:0.000701s ]

[ 2017-11-26T12:19:47+08:00 ] 192.168.1.100 /MIAOBELER/index.php/UserV0_1/GoodsInfo/getGoodsInfo?goods_id=990c003e5d4060b4aeb2acba344457de
INFO: [ app_init ] --START--
INFO: Run Behavior\BuildLiteBehavior [ RunTime:0.000009s ]
INFO: [ app_init ] --END-- [ RunTime:0.000399s ]
INFO: [ app_begin ] --START--
INFO: Run Behavior\ReadHtmlCacheBehavior [ RunTime:0.000538s ]
INFO: [ app_begin ] --END-- [ RunTime:0.000572s ]
SQL: SHOW COLUMNS FROM `mia_goods_info` [ RunTime:0.0009s ]
SQL: SELECT * FROM `mia_goods_info` WHERE `goods_id` = '990c003e5d4060b4aeb2acba344457de' LIMIT 1   [ RunTime:0.0003s ]
SQL: SHOW COLUMNS FROM `mia_collect` [ RunTime:0.0008s ]
SQL: SELECT * FROM `mia_collect` WHERE `goods_id` = '990c003e5d4060b4aeb2acba344457de' AND `user_id` = '13914896237' LIMIT 1   [ RunTime:0.0003s ]
INFO: [ app_end ] --START--
INFO: Run Behavior\ShowPageTraceBehavior [ RunTime:0.000682s ]
INFO: [ app_end ] --END-- [ RunTime:0.000717s ]

[ 2017-11-26T12:19:51+08:00 ] 192.168.1.100 /MIAOBELER/index.php/UserV0_1/Goods/getGoods?goods_id=990c003e5d4060b4aeb2acba344457de
INFO: [ app_init ] --START--
INFO: Run Behavior\BuildLiteBehavior [ RunTime:0.000009s ]
INFO: [ app_init ] --END-- [ RunTime:0.000369s ]
INFO: [ app_begin ] --START--
INFO: Run Behavior\ReadHtmlCacheBehavior [ RunTime:0.000518s ]
INFO: [ app_begin ] --END-- [ RunTime:0.000556s ]
SQL: SHOW COLUMNS FROM `mia_goods` [ RunTime:0.0006s ]
SQL: SELECT * FROM `mia_goods` WHERE `goods_id` = '990c003e5d4060b4aeb2acba344457de' AND `is_show` = 1 LIMIT 1   [ RunTime:0.0003s ]
INFO: [ app_end ] --START--
INFO: Run Behavior\ShowPageTraceBehavior [ RunTime:0.000633s ]
INFO: [ app_end ] --END-- [ RunTime:0.000672s ]

[ 2017-11-26T12:19:51+08:00 ] 192.168.1.100 /MIAOBELER/index.php/UserV0_1/GoodsInfo/getGoodsInfo?goods_id=990c003e5d4060b4aeb2acba344457de
INFO: [ app_init ] --START--
INFO: Run Behavior\BuildLiteBehavior [ RunTime:0.000011s ]
INFO: [ app_init ] --END-- [ RunTime:0.000400s ]
INFO: [ app_begin ] --START--
INFO: Run Behavior\ReadHtmlCacheBehavior [ RunTime:0.000616s ]
INFO: [ app_begin ] --END-- [ RunTime:0.000665s ]
SQL: SHOW COLUMNS FROM `mia_goods_info` [ RunTime:0.0009s ]
SQL: SELECT * FROM `mia_goods_info` WHERE `goods_id` = '990c003e5d4060b4aeb2acba344457de' LIMIT 1   [ RunTime:0.0004s ]
SQL: SHOW COLUMNS FROM `mia_collect` [ RunTime:0.0010s ]
SQL: SELECT * FROM `mia_collect` WHERE `goods_id` = '990c003e5d4060b4aeb2acba344457de' AND `user_id` = '13914896237' LIMIT 1   [ RunTime:0.0003s ]
INFO: [ app_end ] --START--
INFO: Run Behavior\ShowPageTraceBehavior [ RunTime:0.000648s ]
INFO: [ app_end ] --END-- [ RunTime:0.000689s ]

[ 2017-11-26T12:20:16+08:00 ] 192.168.1.100 /MIAOBELER/index.php/UserV0_1/Login/isLogin
INFO: [ app_init ] --START--
INFO: Run Behavior\BuildLiteBehavior [ RunTime:0.000011s ]
INFO: [ app_init ] --END-- [ RunTime:0.000381s ]
INFO: [ app_begin ] --START--
INFO: Run Behavior\ReadHtmlCacheBehavior [ RunTime:0.000464s ]
INFO: [ app_begin ] --END-- [ RunTime:0.000499s ]
SQL: SHOW COLUMNS FROM `mia_user` [ RunTime:0.0005s ]
SQL: SELECT * FROM `mia_user` WHERE `token` = 'ba6c259fa556ca779a416f257b64e6c9' LIMIT 1   [ RunTime:0.0003s ]
INFO: [ app_end ] --START--
INFO: Run Behavior\ShowPageTraceBehavior [ RunTime:0.000720s ]
INFO: [ app_end ] --END-- [ RunTime:0.000765s ]

[ 2017-11-26T12:20:20+08:00 ] 192.168.1.100 /MIAOBELER/index.php/UserV0_1/Login/isLogin
INFO: [ app_init ] --START--
INFO: Run Behavior\BuildLiteBehavior [ RunTime:0.000010s ]
INFO: [ app_init ] --END-- [ RunTime:0.000361s ]
INFO: [ app_begin ] --START--
INFO: Run Behavior\ReadHtmlCacheBehavior [ RunTime:0.000892s ]
INFO: [ app_begin ] --END-- [ RunTime:0.000957s ]
SQL: SHOW COLUMNS FROM `mia_user` [ RunTime:0.0007s ]
SQL: SELECT * FROM `mia_user` WHERE `token` = 'ba6c259fa556ca779a416f257b64e6c9' LIMIT 1   [ RunTime:0.0003s ]
INFO: [ app_end ] --START--
INFO: Run Behavior\ShowPageTraceBehavior [ RunTime:0.000640s ]
INFO: [ app_end ] --END-- [ RunTime:0.000677s ]

[ 2017-11-26T12:20:21+08:00 ] 192.168.1.100 /MIAOBELER/index.php/UserV0_1/Login/isLogin
INFO: [ app_init ] --START--
INFO: Run Behavior\BuildLiteBehavior [ RunTime:0.000011s ]
INFO: [ app_init ] --END-- [ RunTime:0.000530s ]
INFO: [ app_begin ] --START--
INFO: Run Behavior\ReadHtmlCacheBehavior [ RunTime:0.000910s ]
INFO: [ app_begin ] --END-- [ RunTime:0.000984s ]
SQL: SHOW COLUMNS FROM `mia_user` [ RunTime:0.0006s ]
SQL: SELECT * FROM `mia_user` WHERE `token` = 'ba6c259fa556ca779a416f257b64e6c9' LIMIT 1   [ RunTime:0.0003s ]
INFO: [ app_end ] --START--
INFO: Run Behavior\ShowPageTraceBehavior [ RunTime:0.000639s ]
INFO: [ app_end ] --END-- [ RunTime:0.000677s ]

[ 2017-11-26T12:21:11+08:00 ] 192.168.1.100 /MIAOBELER/index.php/UserV0_1/ShoppingBag/showList
INFO: [ app_init ] --START--
INFO: Run Behavior\BuildLiteBehavior [ RunTime:0.000010s ]
INFO: [ app_init ] --END-- [ RunTime:0.000449s ]
INFO: [ app_begin ] --START--
INFO: Run Behavior\ReadHtmlCacheBehavior [ RunTime:0.000543s ]
INFO: [ app_begin ] --END-- [ RunTime:0.000592s ]
SQL: SHOW COLUMNS FROM `mia_user` [ RunTime:0.0010s ]
SQL: SELECT * FROM `mia_user` WHERE `token` = 'ba6c259fa556ca779a416f257b64e6c9' LIMIT 1   [ RunTime:0.0004s ]
SQL: SHOW COLUMNS FROM `mia_shopping_bag` [ RunTime:0.0010s ]
SQL: SHOW COLUMNS FROM `mia_shopping_bag` [ RunTime:0.0006s ]
SQL: SELECT t1.*,t2.* FROM mia_shopping_bag AS t1,mia_goods AS t2 WHERE ( t1.goods_id = t2.goods_id AND user_id="13914896237" )  [ RunTime:0.0009s ]
NOTIC: [8] Undefined variable: result D:\database\Project\working\formal\MIAOBELER\App\UserV0_1\Model\ShoppingBagModel.class.php 第 127 行.
INFO: [ app_end ] --START--
INFO: Run Behavior\ShowPageTraceBehavior [ RunTime:0.000730s ]
INFO: [ app_end ] --END-- [ RunTime:0.000773s ]

[ 2017-11-26T12:21:14+08:00 ] 192.168.1.100 /MIAOBELER/index.php/UserV0_1/ShoppingBag/showList
INFO: [ app_init ] --START--
INFO: Run Behavior\BuildLiteBehavior [ RunTime:0.000009s ]
INFO: [ app_init ] --END-- [ RunTime:0.000443s ]
INFO: [ app_begin ] --START--
INFO: Run Behavior\ReadHtmlCacheBehavior [ RunTime:0.000489s ]
INFO: [ app_begin ] --END-- [ RunTime:0.000528s ]
SQL: SHOW COLUMNS FROM `mia_user` [ RunTime:0.0009s ]
SQL: SELECT * FROM `mia_user` WHERE `token` = 'ba6c259fa556ca779a416f257b64e6c9' LIMIT 1   [ RunTime:0.0004s ]
SQL: SHOW COLUMNS FROM `mia_shopping_bag` [ RunTime:0.0009s ]
SQL: SHOW COLUMNS FROM `mia_shopping_bag` [ RunTime:0.0004s ]
SQL: SELECT t1.*,t2.* FROM mia_shopping_bag AS t1,mia_goods AS t2 WHERE ( t1.goods_id = t2.goods_id AND user_id="13914896237" )  [ RunTime:0.0007s ]
NOTIC: [8] Undefined variable: result D:\database\Project\working\formal\MIAOBELER\App\UserV0_1\Model\ShoppingBagModel.class.php 第 127 行.
INFO: [ app_end ] --START--
INFO: Run Behavior\ShowPageTraceBehavior [ RunTime:0.000692s ]
INFO: [ app_end ] --END-- [ RunTime:0.000724s ]

[ 2017-11-26T12:21:16+08:00 ] 192.168.1.100 /MIAOBELER/index.php/UserV0_1/ShoppingBag/showList
INFO: [ app_init ] --START--
INFO: Run Behavior\BuildLiteBehavior [ RunTime:0.000009s ]
INFO: [ app_init ] --END-- [ RunTime:0.000347s ]
INFO: [ app_begin ] --START--
INFO: Run Behavior\ReadHtmlCacheBehavior [ RunTime:0.000447s ]
INFO: [ app_begin ] --END-- [ RunTime:0.000481s ]
SQL: SHOW COLUMNS FROM `mia_user` [ RunTime:0.0005s ]
SQL: SELECT * FROM `mia_user` WHERE `token` = 'ba6c259fa556ca779a416f257b64e6c9' LIMIT 1   [ RunTime:0.0002s ]
SQL: SHOW COLUMNS FROM `mia_shopping_bag` [ RunTime:0.0008s ]
SQL: SHOW COLUMNS FROM `mia_shopping_bag` [ RunTime:0.0004s ]
SQL: SELECT t1.*,t2.* FROM mia_shopping_bag AS t1,mia_goods AS t2 WHERE ( t1.goods_id = t2.goods_id AND user_id="13914896237" )  [ RunTime:0.0008s ]
NOTIC: [8] Undefined variable: result D:\database\Project\working\formal\MIAOBELER\App\UserV0_1\Model\ShoppingBagModel.class.php 第 127 行.
INFO: [ app_end ] --START--
INFO: Run Behavior\ShowPageTraceBehavior [ RunTime:0.000605s ]
INFO: [ app_end ] --END-- [ RunTime:0.000638s ]

[ 2017-11-26T12:21:22+08:00 ] 192.168.1.100 /MIAOBELER/index.php/UserV0_1/ShoppingBag/showList
INFO: [ app_init ] --START--
INFO: Run Behavior\BuildLiteBehavior [ RunTime:0.000011s ]
INFO: [ app_init ] --END-- [ RunTime:0.000387s ]
INFO: [ app_begin ] --START--
INFO: Run Behavior\ReadHtmlCacheBehavior [ RunTime:0.000488s ]
INFO: [ app_begin ] --END-- [ RunTime:0.000524s ]
SQL: SHOW COLUMNS FROM `mia_user` [ RunTime:0.0010s ]
SQL: SELECT * FROM `mia_user` WHERE `token` = 'ba6c259fa556ca779a416f257b64e6c9' LIMIT 1   [ RunTime:0.0003s ]
SQL: SHOW COLUMNS FROM `mia_shopping_bag` [ RunTime:0.0010s ]
SQL: SHOW COLUMNS FROM `mia_shopping_bag` [ RunTime:0.0005s ]
SQL: SELECT t1.*,t2.* FROM mia_shopping_bag AS t1,mia_goods AS t2 WHERE ( t1.goods_id = t2.goods_id AND user_id="13914896237" )  [ RunTime:0.0009s ]
NOTIC: [8] Undefined variable: result D:\database\Project\working\formal\MIAOBELER\App\UserV0_1\Model\ShoppingBagModel.class.php 第 127 行.
INFO: [ app_end ] --START--
INFO: Run Behavior\ShowPageTraceBehavior [ RunTime:0.000677s ]
INFO: [ app_end ] --END-- [ RunTime:0.000714s ]

[ 2017-11-26T12:21:23+08:00 ] 192.168.1.100 /MIAOBELER/index.php/UserV0_1/ShoppingBag/showList
INFO: [ app_init ] --START--
INFO: Run Behavior\BuildLiteBehavior [ RunTime:0.000010s ]
INFO: [ app_init ] --END-- [ RunTime:0.000403s ]
INFO: [ app_begin ] --START--
INFO: Run Behavior\ReadHtmlCacheBehavior [ RunTime:0.000529s ]
INFO: [ app_begin ] --END-- [ RunTime:0.000565s ]
SQL: SHOW COLUMNS FROM `mia_user` [ RunTime:0.0005s ]
SQL: SELECT * FROM `mia_user` WHERE `token` = 'ba6c259fa556ca779a416f257b64e6c9' LIMIT 1   [ RunTime:0.0003s ]
SQL: SHOW COLUMNS FROM `mia_shopping_bag` [ RunTime:0.0011s ]
SQL: SHOW COLUMNS FROM `mia_shopping_bag` [ RunTime:0.0006s ]
SQL: SELECT t1.*,t2.* FROM mia_shopping_bag AS t1,mia_goods AS t2 WHERE ( t1.goods_id = t2.goods_id AND user_id="13914896237" )  [ RunTime:0.0004s ]
NOTIC: [8] Undefined variable: result D:\database\Project\working\formal\MIAOBELER\App\UserV0_1\Model\ShoppingBagModel.class.php 第 127 行.
INFO: [ app_end ] --START--
INFO: Run Behavior\ShowPageTraceBehavior [ RunTime:0.000965s ]
INFO: [ app_end ] --END-- [ RunTime:0.001022s ]

[ 2017-11-26T12:21:26+08:00 ] 192.168.1.100 /MIAOBELER/index.php/UserV0_1/ShoppingBag/showList
INFO: [ app_init ] --START--
INFO: Run Behavior\BuildLiteBehavior [ RunTime:0.000010s ]
INFO: [ app_init ] --END-- [ RunTime:0.000412s ]
INFO: [ app_begin ] --START--
INFO: Run Behavior\ReadHtmlCacheBehavior [ RunTime:0.000519s ]
INFO: [ app_begin ] --END-- [ RunTime:0.000554s ]
SQL: SHOW COLUMNS FROM `mia_user` [ RunTime:0.0005s ]
SQL: SELECT * FROM `mia_user` WHERE `token` = 'ba6c259fa556ca779a416f257b64e6c9' LIMIT 1   [ RunTime:0.0003s ]
SQL: SHOW COLUMNS FROM `mia_shopping_bag` [ RunTime:0.0005s ]
SQL: SHOW COLUMNS FROM `mia_shopping_bag` [ RunTime:0.0005s ]
SQL: SELECT t1.*,t2.* FROM mia_shopping_bag AS t1,mia_goods AS t2 WHERE ( t1.goods_id = t2.goods_id AND user_id="13914896237" )  [ RunTime:0.0004s ]
NOTIC: [8] Undefined variable: result D:\database\Project\working\formal\MIAOBELER\App\UserV0_1\Model\ShoppingBagModel.class.php 第 127 行.
INFO: [ app_end ] --START--
INFO: Run Behavior\ShowPageTraceBehavior [ RunTime:0.000712s ]
INFO: [ app_end ] --END-- [ RunTime:0.000746s ]

[ 2017-11-26T12:21:30+08:00 ] 192.168.1.100 /MIAOBELER/index.php/UserV0_1/ShoppingBag/showList
INFO: [ app_init ] --START--
INFO: Run Behavior\BuildLiteBehavior [ RunTime:0.000010s ]
INFO: [ app_init ] --END-- [ RunTime:0.000454s ]
INFO: [ app_begin ] --START--
INFO: Run Behavior\ReadHtmlCacheBehavior [ RunTime:0.000552s ]
INFO: [ app_begin ] --END-- [ RunTime:0.000586s ]
SQL: SHOW COLUMNS FROM `mia_user` [ RunTime:0.0009s ]
SQL: SELECT * FROM `mia_user` WHERE `token` = 'ba6c259fa556ca779a416f257b64e6c9' LIMIT 1   [ RunTime:0.0003s ]
SQL: SHOW COLUMNS FROM `mia_shopping_bag` [ RunTime:0.0008s ]
SQL: SHOW COLUMNS FROM `mia_shopping_bag` [ RunTime:0.0004s ]
SQL: SELECT t1.*,t2.* FROM mia_shopping_bag AS t1,mia_goods AS t2 WHERE ( t1.goods_id = t2.goods_id AND user_id="13914896237" )  [ RunTime:0.0004s ]
NOTIC: [8] Undefined variable: result D:\database\Project\working\formal\MIAOBELER\App\UserV0_1\Model\ShoppingBagModel.class.php 第 127 行.
INFO: [ app_end ] --START--
INFO: Run Behavior\ShowPageTraceBehavior [ RunTime:0.000662s ]
INFO: [ app_end ] --END-- [ RunTime:0.000694s ]

[ 2017-11-26T12:21:32+08:00 ] 192.168.1.100 /MIAOBELER/index.php/UserV0_1/ShoppingBag/showList
INFO: [ app_init ] --START--
INFO: Run Behavior\BuildLiteBehavior [ RunTime:0.000011s ]
INFO: [ app_init ] --END-- [ RunTime:0.000445s ]
INFO: [ app_begin ] --START--
INFO: Run Behavior\ReadHtmlCacheBehavior [ RunTime:0.000533s ]
INFO: [ app_begin ] --END-- [ RunTime:0.000567s ]
SQL: SHOW COLUMNS FROM `mia_user` [ RunTime:0.0006s ]
SQL: SELECT * FROM `mia_user` WHERE `token` = 'ba6c259fa556ca779a416f257b64e6c9' LIMIT 1   [ RunTime:0.0003s ]
SQL: SHOW COLUMNS FROM `mia_shopping_bag` [ RunTime:0.0009s ]
SQL: SHOW COLUMNS FROM `mia_shopping_bag` [ RunTime:0.0004s ]
SQL: SELECT t1.*,t2.* FROM mia_shopping_bag AS t1,mia_goods AS t2 WHERE ( t1.goods_id = t2.goods_id AND user_id="13914896237" )  [ RunTime:0.0003s ]
NOTIC: [8] Undefined variable: result D:\database\Project\working\formal\MIAOBELER\App\UserV0_1\Model\ShoppingBagModel.class.php 第 127 行.
INFO: [ app_end ] --START--
INFO: Run Behavior\ShowPageTraceBehavior [ RunTime:0.000666s ]
INFO: [ app_end ] --END-- [ RunTime:0.000710s ]

[ 2017-11-26T12:21:34+08:00 ] 192.168.1.100 /MIAOBELER/index.php/UserV0_1/ShoppingBag/showList
INFO: [ app_init ] --START--
INFO: Run Behavior\BuildLiteBehavior [ RunTime:0.000011s ]
INFO: [ app_init ] --END-- [ RunTime:0.000376s ]
INFO: [ app_begin ] --START--
INFO: Run Behavior\ReadHtmlCacheBehavior [ RunTime:0.000642s ]
INFO: [ app_begin ] --END-- [ RunTime:0.000683s ]
SQL: SHOW COLUMNS FROM `mia_user` [ RunTime:0.0009s ]
SQL: SELECT * FROM `mia_user` WHERE `token` = 'ba6c259fa556ca779a416f257b64e6c9' LIMIT 1   [ RunTime:0.0003s ]
SQL: SHOW COLUMNS FROM `mia_shopping_bag` [ RunTime:0.0009s ]
SQL: SHOW COLUMNS FROM `mia_shopping_bag` [ RunTime:0.0004s ]
SQL: SELECT t1.*,t2.* FROM mia_shopping_bag AS t1,mia_goods AS t2 WHERE ( t1.goods_id = t2.goods_id AND user_id="13914896237" )  [ RunTime:0.0004s ]
NOTIC: [8] Undefined variable: result D:\database\Project\working\formal\MIAOBELER\App\UserV0_1\Model\ShoppingBagModel.class.php 第 127 行.
INFO: [ app_end ] --START--
INFO: Run Behavior\ShowPageTraceBehavior [ RunTime:0.000608s ]
INFO: [ app_end ] --END-- [ RunTime:0.000643s ]

[ 2017-11-26T12:21:36+08:00 ] 192.168.1.100 /MIAOBELER/index.php/UserV0_1/ShoppingBag/showList
INFO: [ app_init ] --START--
INFO: Run Behavior\BuildLiteBehavior [ RunTime:0.000010s ]
INFO: [ app_init ] --END-- [ RunTime:0.000443s ]
INFO: [ app_begin ] --START--
INFO: Run Behavior\ReadHtmlCacheBehavior [ RunTime:0.000617s ]
INFO: [ app_begin ] --END-- [ RunTime:0.000672s ]
SQL: SHOW COLUMNS FROM `mia_user` [ RunTime:0.0009s ]
SQL: SELECT * FROM `mia_user` WHERE `token` = 'ba6c259fa556ca779a416f257b64e6c9' LIMIT 1   [ RunTime:0.0003s ]
SQL: SHOW COLUMNS FROM `mia_shopping_bag` [ RunTime:0.0011s ]
SQL: SHOW COLUMNS FROM `mia_shopping_bag` [ RunTime:0.0004s ]
SQL: SELECT t1.*,t2.* FROM mia_shopping_bag AS t1,mia_goods AS t2 WHERE ( t1.goods_id = t2.goods_id AND user_id="13914896237" )  [ RunTime:0.0004s ]
NOTIC: [8] Undefined variable: result D:\database\Project\working\formal\MIAOBELER\App\UserV0_1\Model\ShoppingBagModel.class.php 第 127 行.
INFO: [ app_end ] --START--
INFO: Run Behavior\ShowPageTraceBehavior [ RunTime:0.000737s ]
INFO: [ app_end ] --END-- [ RunTime:0.000767s ]

[ 2017-11-26T12:21:44+08:00 ] 192.168.1.100 /MIAOBELER/index.php/UserV0_1/ShoppingBag/showList
INFO: [ app_init ] --START--
INFO: Run Behavior\BuildLiteBehavior [ RunTime:0.000009s ]
INFO: [ app_init ] --END-- [ RunTime:0.000483s ]
INFO: [ app_begin ] --START--
INFO: Run Behavior\ReadHtmlCacheBehavior [ RunTime:0.000580s ]
INFO: [ app_begin ] --END-- [ RunTime:0.000670s ]
SQL: SHOW COLUMNS FROM `mia_user` [ RunTime:0.0010s ]
SQL: SELECT * FROM `mia_user` WHERE `token` = 'ba6c259fa556ca779a416f257b64e6c9' LIMIT 1   [ RunTime:0.0003s ]
SQL: SHOW COLUMNS FROM `mia_shopping_bag` [ RunTime:0.0009s ]
SQL: SHOW COLUMNS FROM `mia_shopping_bag` [ RunTime:0.0004s ]
SQL: SELECT t1.*,t2.* FROM mia_shopping_bag AS t1,mia_goods AS t2 WHERE ( t1.goods_id = t2.goods_id AND user_id="13914896237" )  [ RunTime:0.0004s ]
NOTIC: [8] Undefined variable: result D:\database\Project\working\formal\MIAOBELER\App\UserV0_1\Model\ShoppingBagModel.class.php 第 127 行.
INFO: [ app_end ] --START--
INFO: Run Behavior\ShowPageTraceBehavior [ RunTime:0.000690s ]
INFO: [ app_end ] --END-- [ RunTime:0.000740s ]

[ 2017-11-26T12:21:50+08:00 ] 192.168.1.100 /MIAOBELER/index.php/UserV0_1/ShoppingBag/showList
INFO: [ app_init ] --START--
INFO: Run Behavior\BuildLiteBehavior [ RunTime:0.000010s ]
INFO: [ app_init ] --END-- [ RunTime:0.000426s ]
INFO: [ app_begin ] --START--
INFO: Run Behavior\ReadHtmlCacheBehavior [ RunTime:0.000565s ]
INFO: [ app_begin ] --END-- [ RunTime:0.000612s ]
SQL: SHOW COLUMNS FROM `mia_user` [ RunTime:0.0009s ]
SQL: SELECT * FROM `mia_user` WHERE `token` = 'ba6c259fa556ca779a416f257b64e6c9' LIMIT 1   [ RunTime:0.0003s ]
SQL: SHOW COLUMNS FROM `mia_shopping_bag` [ RunTime:0.0005s ]
SQL: SHOW COLUMNS FROM `mia_shopping_bag` [ RunTime:0.0004s ]
SQL: SELECT t1.*,t2.* FROM mia_shopping_bag AS t1,mia_goods AS t2 WHERE ( t1.goods_id = t2.goods_id AND user_id="13914896237" )  [ RunTime:0.0003s ]
NOTIC: [8] Undefined variable: result D:\database\Project\working\formal\MIAOBELER\App\UserV0_1\Model\ShoppingBagModel.class.php 第 127 行.
INFO: [ app_end ] --START--
INFO: Run Behavior\ShowPageTraceBehavior [ RunTime:0.000646s ]
INFO: [ app_end ] --END-- [ RunTime:0.000682s ]

[ 2017-11-26T12:21:51+08:00 ] 192.168.1.100 /MIAOBELER/index.php/UserV0_1/ShoppingBag/showList
INFO: [ app_init ] --START--
INFO: Run Behavior\BuildLiteBehavior [ RunTime:0.000020s ]
INFO: [ app_init ] --END-- [ RunTime:0.000619s ]
INFO: [ app_begin ] --START--
INFO: Run Behavior\ReadHtmlCacheBehavior [ RunTime:0.000832s ]
INFO: [ app_begin ] --END-- [ RunTime:0.000912s ]
SQL: SHOW COLUMNS FROM `mia_user` [ RunTime:0.0010s ]
SQL: SELECT * FROM `mia_user` WHERE `token` = 'ba6c259fa556ca779a416f257b64e6c9' LIMIT 1   [ RunTime:0.0004s ]
SQL: SHOW COLUMNS FROM `mia_shopping_bag` [ RunTime:0.0013s ]
SQL: SHOW COLUMNS FROM `mia_shopping_bag` [ RunTime:0.0007s ]
SQL: SELECT t1.*,t2.* FROM mia_shopping_bag AS t1,mia_goods AS t2 WHERE ( t1.goods_id = t2.goods_id AND user_id="13914896237" )  [ RunTime:0.0011s ]
NOTIC: [8] Undefined variable: result D:\database\Project\working\formal\MIAOBELER\App\UserV0_1\Model\ShoppingBagModel.class.php 第 127 行.
INFO: [ app_end ] --START--
INFO: Run Behavior\ShowPageTraceBehavior [ RunTime:0.001100s ]
INFO: [ app_end ] --END-- [ RunTime:0.001198s ]

[ 2017-11-26T12:22:15+08:00 ] 192.168.1.100 /MIAOBELER/index.php/UserV0_1/ShoppingBag/showList
INFO: [ app_init ] --START--
INFO: Run Behavior\BuildLiteBehavior [ RunTime:0.000010s ]
INFO: [ app_init ] --END-- [ RunTime:0.000462s ]
INFO: [ app_begin ] --START--
INFO: Run Behavior\ReadHtmlCacheBehavior [ RunTime:0.000515s ]
INFO: [ app_begin ] --END-- [ RunTime:0.000548s ]
SQL: SHOW COLUMNS FROM `mia_user` [ RunTime:0.0006s ]
SQL: SELECT * FROM `mia_user` WHERE `token` = 'ba6c259fa556ca779a416f257b64e6c9' LIMIT 1   [ RunTime:0.0003s ]
SQL: SHOW COLUMNS FROM `mia_shopping_bag` [ RunTime:0.0009s ]
SQL: SHOW COLUMNS FROM `mia_shopping_bag` [ RunTime:0.0004s ]
SQL: SELECT t1.*,t2.* FROM mia_shopping_bag AS t1,mia_goods AS t2 WHERE ( t1.goods_id = t2.goods_id AND user_id="13914896237" )  [ RunTime:0.0007s ]
NOTIC: [8] Undefined variable: result D:\database\Project\working\formal\MIAOBELER\App\UserV0_1\Model\ShoppingBagModel.class.php 第 127 行.
INFO: [ app_end ] --START--
INFO: Run Behavior\ShowPageTraceBehavior [ RunTime:0.000651s ]
INFO: [ app_end ] --END-- [ RunTime:0.000682s ]

[ 2017-11-26T12:22:26+08:00 ] 192.168.1.100 /MIAOBELER/index.php/UserV0_1/ShoppingBag/showList
INFO: [ app_init ] --START--
INFO: Run Behavior\BuildLiteBehavior [ RunTime:0.000011s ]
INFO: [ app_init ] --END-- [ RunTime:0.000359s ]
INFO: [ app_begin ] --START--
INFO: Run Behavior\ReadHtmlCacheBehavior [ RunTime:0.000476s ]
INFO: [ app_begin ] --END-- [ RunTime:0.000515s ]
SQL: SHOW COLUMNS FROM `mia_user` [ RunTime:0.0006s ]
SQL: SELECT * FROM `mia_user` WHERE `token` = 'ba6c259fa556ca779a416f257b64e6c9' LIMIT 1   [ RunTime:0.0003s ]
SQL: SHOW COLUMNS FROM `mia_shopping_bag` [ RunTime:0.0005s ]
SQL: SHOW COLUMNS FROM `mia_shopping_bag` [ RunTime:0.0004s ]
SQL: SELECT t1.*,t2.* FROM mia_shopping_bag AS t1,mia_goods AS t2 WHERE ( t1.goods_id = t2.goods_id AND user_id="13914896237" )  [ RunTime:0.0004s ]
NOTIC: [8] Undefined variable: result D:\database\Project\working\formal\MIAOBELER\App\UserV0_1\Model\ShoppingBagModel.class.php 第 127 行.
INFO: [ app_end ] --START--
INFO: Run Behavior\ShowPageTraceBehavior [ RunTime:0.000612s ]
INFO: [ app_end ] --END-- [ RunTime:0.000644s ]

[ 2017-11-26T12:22:27+08:00 ] 192.168.1.100 /MIAOBELER/index.php/UserV0_1/ShoppingBag/showList
INFO: [ app_init ] --START--
INFO: Run Behavior\BuildLiteBehavior [ RunTime:0.000014s ]
INFO: [ app_init ] --END-- [ RunTime:0.000406s ]
INFO: [ app_begin ] --START--
INFO: Run Behavior\ReadHtmlCacheBehavior [ RunTime:0.000517s ]
INFO: [ app_begin ] --END-- [ RunTime:0.000565s ]
SQL: SHOW COLUMNS FROM `mia_user` [ RunTime:0.0007s ]
SQL: SELECT * FROM `mia_user` WHERE `token` = 'ba6c259fa556ca779a416f257b64e6c9' LIMIT 1   [ RunTime:0.0004s ]
SQL: SHOW COLUMNS FROM `mia_shopping_bag` [ RunTime:0.0010s ]
SQL: SHOW COLUMNS FROM `mia_shopping_bag` [ RunTime:0.0005s ]
SQL: SELECT t1.*,t2.* FROM mia_shopping_bag AS t1,mia_goods AS t2 WHERE ( t1.goods_id = t2.goods_id AND user_id="13914896237" )  [ RunTime:0.0008s ]
NOTIC: [8] Undefined variable: result D:\database\Project\working\formal\MIAOBELER\App\UserV0_1\Model\ShoppingBagModel.class.php 第 127 行.
INFO: [ app_end ] --START--
INFO: Run Behavior\ShowPageTraceBehavior [ RunTime:0.000597s ]
INFO: [ app_end ] --END-- [ RunTime:0.000632s ]

[ 2017-11-26T12:22:36+08:00 ] 192.168.1.100 /MIAOBELER/index.php/UserV0_1/ShoppingBag/showList
INFO: [ app_init ] --START--
INFO: Run Behavior\BuildLiteBehavior [ RunTime:0.000010s ]
INFO: [ app_init ] --END-- [ RunTime:0.000437s ]
INFO: [ app_begin ] --START--
INFO: Run Behavior\ReadHtmlCacheBehavior [ RunTime:0.000530s ]
INFO: [ app_begin ] --END-- [ RunTime:0.000564s ]
SQL: SHOW COLUMNS FROM `mia_user` [ RunTime:0.0008s ]
SQL: SELECT * FROM `mia_user` WHERE `token` = 'ba6c259fa556ca779a416f257b64e6c9' LIMIT 1   [ RunTime:0.0003s ]
SQL: SHOW COLUMNS FROM `mia_shopping_bag` [ RunTime:0.0007s ]
SQL: SHOW COLUMNS FROM `mia_shopping_bag` [ RunTime:0.0005s ]
SQL: SELECT t1.*,t2.* FROM mia_shopping_bag AS t1,mia_goods AS t2 WHERE ( t1.goods_id = t2.goods_id AND user_id="13914896237" )  [ RunTime:0.0004s ]
NOTIC: [8] Undefined variable: result D:\database\Project\working\formal\MIAOBELER\App\UserV0_1\Model\ShoppingBagModel.class.php 第 127 行.
INFO: [ app_end ] --START--
INFO: Run Behavior\ShowPageTraceBehavior [ RunTime:0.000701s ]
INFO: [ app_end ] --END-- [ RunTime:0.000737s ]

[ 2017-11-26T12:22:36+08:00 ] 192.168.1.100 /MIAOBELER/index.php/UserV0_1/ShoppingBag/showList
INFO: [ app_init ] --START--
INFO: Run Behavior\BuildLiteBehavior [ RunTime:0.000010s ]
INFO: [ app_init ] --END-- [ RunTime:0.000373s ]
INFO: [ app_begin ] --START--
INFO: Run Behavior\ReadHtmlCacheBehavior [ RunTime:0.000478s ]
INFO: [ app_begin ] --END-- [ RunTime:0.000518s ]
SQL: SHOW COLUMNS FROM `mia_user` [ RunTime:0.0005s ]
SQL: SELECT * FROM `mia_user` WHERE `token` = 'ba6c259fa556ca779a416f257b64e6c9' LIMIT 1   [ RunTime:0.0003s ]
SQL: SHOW COLUMNS FROM `mia_shopping_bag` [ RunTime:0.0006s ]
SQL: SHOW COLUMNS FROM `mia_shopping_bag` [ RunTime:0.0005s ]
SQL: SELECT t1.*,t2.* FROM mia_shopping_bag AS t1,mia_goods AS t2 WHERE ( t1.goods_id = t2.goods_id AND user_id="13914896237" )  [ RunTime:0.0004s ]
NOTIC: [8] Undefined variable: result D:\database\Project\working\formal\MIAOBELER\App\UserV0_1\Model\ShoppingBagModel.class.php 第 127 行.
INFO: [ app_end ] --START--
INFO: Run Behavior\ShowPageTraceBehavior [ RunTime:0.000881s ]
INFO: [ app_end ] --END-- [ RunTime:0.000932s ]

[ 2017-11-26T12:22:36+08:00 ] 192.168.1.100 /MIAOBELER/index.php/UserV0_1/IndexNav/getList
INFO: [ app_init ] --START--
INFO: Run Behavior\BuildLiteBehavior [ RunTime:0.000014s ]
INFO: [ app_init ] --END-- [ RunTime:0.000588s ]
INFO: [ app_begin ] --START--
INFO: Run Behavior\ReadHtmlCacheBehavior [ RunTime:0.000534s ]
INFO: [ app_begin ] --END-- [ RunTime:0.000582s ]
SQL: SHOW COLUMNS FROM `mia_goods` [ RunTime:0.0006s ]
SQL: SELECT t1.*,t2.*,t3.*,t1.title AS `t1_title`,t2.title AS `t2_title`,t3.title AS `t3_title`,t2.class_id AS `t2_id`,t3.class_id AS `t3_id`,t1.head_img AS `t1_head_img` FROM mia_goods AS t1,mia_class AS t2,mia_class as t3 WHERE ( t1.class_id = t2.class_id AND t2.super_id = t3.class_id )  [ RunTime:0.0015s ]
SQL: SHOW COLUMNS FROM `mia_recommend` [ RunTime:0.0009s ]
SQL: SELECT t1.*,t2.goods_id,t2.title,t2.price,t2.str_price,t2.head_img FROM mia_recommend as t1,mia_goods as t2 WHERE ( t1.goods_id = t2.goods_id ) ORDER BY t1.sort asc  [ RunTime:0.0004s ]
INFO: [ app_end ] --START--
INFO: Run Behavior\ShowPageTraceBehavior [ RunTime:0.000674s ]
INFO: [ app_end ] --END-- [ RunTime:0.000719s ]

[ 2017-11-26T12:22:36+08:00 ] 192.168.1.100 /MIAOBELER/index.php/UserV0_1/IndexNav/getList
INFO: [ app_init ] --START--
INFO: Run Behavior\BuildLiteBehavior [ RunTime:0.000011s ]
INFO: [ app_init ] --END-- [ RunTime:0.000371s ]
INFO: [ app_begin ] --START--
INFO: Run Behavior\ReadHtmlCacheBehavior [ RunTime:0.000469s ]
INFO: [ app_begin ] --END-- [ RunTime:0.000505s ]
SQL: SHOW COLUMNS FROM `mia_goods` [ RunTime:0.0005s ]
SQL: SELECT t1.*,t2.*,t3.*,t1.title AS `t1_title`,t2.title AS `t2_title`,t3.title AS `t3_title`,t2.class_id AS `t2_id`,t3.class_id AS `t3_id`,t1.head_img AS `t1_head_img` FROM mia_goods AS t1,mia_class AS t2,mia_class as t3 WHERE ( t1.class_id = t2.class_id AND t2.super_id = t3.class_id )  [ RunTime:0.0009s ]
SQL: SHOW COLUMNS FROM `mia_recommend` [ RunTime:0.0009s ]
SQL: SELECT t1.*,t2.goods_id,t2.title,t2.price,t2.str_price,t2.head_img FROM mia_recommend as t1,mia_goods as t2 WHERE ( t1.goods_id = t2.goods_id ) ORDER BY t1.sort asc  [ RunTime:0.0005s ]
INFO: [ app_end ] --START--
INFO: Run Behavior\ShowPageTraceBehavior [ RunTime:0.000983s ]
INFO: [ app_end ] --END-- [ RunTime:0.001060s ]

[ 2017-11-26T12:22:36+08:00 ] 192.168.1.100 /MIAOBELER/index.php/UserV0_1/Carousel/get
INFO: [ app_init ] --START--
INFO: Run Behavior\BuildLiteBehavior [ RunTime:0.000018s ]
INFO: [ app_init ] --END-- [ RunTime:0.000572s ]
INFO: [ app_begin ] --START--
INFO: Run Behavior\ReadHtmlCacheBehavior [ RunTime:0.000607s ]
INFO: [ app_begin ] --END-- [ RunTime:0.000660s ]
NOTIC: [2048] Declaration of UserV0_1\Controller\CarouselController::get() should be compatible with Think\Controller::get($name = '') D:\database\Project\working\formal\MIAOBELER\App\UserV0_1\Controller\CarouselController.class.php 第 43 行.
SQL: SHOW COLUMNS FROM `mia_carousel` [ RunTime:0.0013s ]
SQL: SELECT * FROM `mia_carousel` ORDER BY sort asc  [ RunTime:0.0004s ]
INFO: [ app_end ] --START--
INFO: Run Behavior\ShowPageTraceBehavior [ RunTime:0.000971s ]
INFO: [ app_end ] --END-- [ RunTime:0.001044s ]

[ 2017-11-26T12:22:36+08:00 ] 192.168.1.100 /MIAOBELER/index.php/UserV0_1/User/getInfo
INFO: [ app_init ] --START--
INFO: Run Behavior\BuildLiteBehavior [ RunTime:0.000018s ]
INFO: [ app_init ] --END-- [ RunTime:0.000589s ]
INFO: [ app_begin ] --START--
INFO: Run Behavior\ReadHtmlCacheBehavior [ RunTime:0.000770s ]
INFO: [ app_begin ] --END-- [ RunTime:0.000840s ]
SQL: SHOW COLUMNS FROM `mia_user` [ RunTime:0.0007s ]
SQL: SELECT * FROM `mia_user` WHERE `token` = 'ba6c259fa556ca779a416f257b64e6c9' LIMIT 1   [ RunTime:0.0004s ]
SQL: SHOW COLUMNS FROM `mia_user` [ RunTime:0.0007s ]
SQL: SELECT * FROM `mia_user` WHERE `user_id` = '13914896237' LIMIT 1   [ RunTime:0.0004s ]
INFO: [ app_end ] --START--
INFO: Run Behavior\ShowPageTraceBehavior [ RunTime:0.000984s ]
INFO: [ app_end ] --END-- [ RunTime:0.001051s ]

[ 2017-11-26T12:22:37+08:00 ] 192.168.1.100 /MIAOBELER/index.php/UserV0_1/Class/getClassList1
INFO: [ app_init ] --START--
INFO: Run Behavior\BuildLiteBehavior [ RunTime:0.000018s ]
INFO: [ app_init ] --END-- [ RunTime:0.000685s ]
INFO: [ app_begin ] --START--
INFO: Run Behavior\ReadHtmlCacheBehavior [ RunTime:0.000896s ]
INFO: [ app_begin ] --END-- [ RunTime:0.000973s ]
SQL: SHOW COLUMNS FROM `mia_class` [ RunTime:0.0009s ]
SQL: SELECT * FROM `mia_class` WHERE ( level = 1 ) ORDER BY sort asc  [ RunTime:0.0004s ]
INFO: [ app_end ] --START--
INFO: Run Behavior\ShowPageTraceBehavior [ RunTime:0.000740s ]
INFO: [ app_end ] --END-- [ RunTime:0.000797s ]

[ 2017-11-26T12:22:37+08:00 ] 192.168.1.100 /MIAOBELER/index.php/UserV0_1/Class/getClass2All
INFO: [ app_init ] --START--
INFO: Run Behavior\BuildLiteBehavior [ RunTime:0.000011s ]
INFO: [ app_init ] --END-- [ RunTime:0.000380s ]
INFO: [ app_begin ] --START--
INFO: Run Behavior\ReadHtmlCacheBehavior [ RunTime:0.000524s ]
INFO: [ app_begin ] --END-- [ RunTime:0.000571s ]
SQL: SHOW COLUMNS FROM `mia_class` [ RunTime:0.0009s ]
SQL: SELECT * FROM `mia_class` WHERE `level` = 2 ORDER BY sort asc  [ RunTime:0.0004s ]
SQL: SHOW COLUMNS FROM `mia_brand` [ RunTime:0.0008s ]
SQL: SELECT * FROM `mia_brand`  [ RunTime:0.0003s ]
INFO: [ app_end ] --START--
INFO: Run Behavior\ShowPageTraceBehavior [ RunTime:0.000829s ]
INFO: [ app_end ] --END-- [ RunTime:0.000875s ]

[ 2017-11-26T12:22:37+08:00 ] 192.168.1.100 /MIAOBELER/index.php/UserV0_1/Login/isLogin
INFO: [ app_init ] --START--
INFO: Run Behavior\BuildLiteBehavior [ RunTime:0.000010s ]
INFO: [ app_init ] --END-- [ RunTime:0.000436s ]
INFO: [ app_begin ] --START--
INFO: Run Behavior\ReadHtmlCacheBehavior [ RunTime:0.000611s ]
INFO: [ app_begin ] --END-- [ RunTime:0.000653s ]
SQL: SHOW COLUMNS FROM `mia_user` [ RunTime:0.0005s ]
SQL: SELECT * FROM `mia_user` WHERE `token` = 'ba6c259fa556ca779a416f257b64e6c9' LIMIT 1   [ RunTime:0.0003s ]
INFO: [ app_end ] --START--
INFO: Run Behavior\ShowPageTraceBehavior [ RunTime:0.000751s ]
INFO: [ app_end ] --END-- [ RunTime:0.000789s ]

[ 2017-11-26T12:22:37+08:00 ] 192.168.1.100 /MIAOBELER/index.php/UserV0_1/Class/getClass2All?super_id=undefined
INFO: [ app_init ] --START--
INFO: Run Behavior\BuildLiteBehavior [ RunTime:0.000010s ]
INFO: [ app_init ] --END-- [ RunTime:0.000379s ]
INFO: [ app_begin ] --START--
INFO: Run Behavior\ReadHtmlCacheBehavior [ RunTime:0.000581s ]
INFO: [ app_begin ] --END-- [ RunTime:0.000618s ]
SQL: SHOW COLUMNS FROM `mia_class` [ RunTime:0.0013s ]
SQL: SELECT * FROM `mia_class` WHERE `level` = 2 ORDER BY sort asc  [ RunTime:0.0005s ]
SQL: SHOW COLUMNS FROM `mia_brand` [ RunTime:0.0011s ]
SQL: SELECT * FROM `mia_brand`  [ RunTime:0.0004s ]
INFO: [ app_end ] --START--
INFO: Run Behavior\ShowPageTraceBehavior [ RunTime:0.000828s ]
INFO: [ app_end ] --END-- [ RunTime:0.000885s ]

[ 2017-11-26T12:22:38+08:00 ] 192.168.1.100 /MIAOBELER/index.php/UserV0_1/Dynamic/getList
INFO: [ app_init ] --START--
INFO: Run Behavior\BuildLiteBehavior [ RunTime:0.000018s ]
INFO: [ app_init ] --END-- [ RunTime:0.000579s ]
INFO: [ app_begin ] --START--
INFO: Run Behavior\ReadHtmlCacheBehavior [ RunTime:0.000851s ]
INFO: [ app_begin ] --END-- [ RunTime:0.000925s ]
SQL: SHOW COLUMNS FROM `mia_user` [ RunTime:0.0006s ]
SQL: SELECT * FROM `mia_user` WHERE `token` = 'ba6c259fa556ca779a416f257b64e6c9' LIMIT 1   [ RunTime:0.0004s ]
SQL: SHOW COLUMNS FROM `mia_dynamic` [ RunTime:0.0008s ]
SQL: SELECT t1.*,t2.* FROM mia_dynamic as t1,mia_user as t2 WHERE ( t1.user_id = t2.user_id )  [ RunTime:0.0004s ]
SQL: SHOW COLUMNS FROM `mia_dynamic_info` [ RunTime:0.0008s ]
SQL: SELECT * FROM `mia_dynamic_info` WHERE `dynamic_id` = '9cac2ca53c5fe723c249d012d6091c50' LIMIT 1   [ RunTime:0.0003s ]
SQL: SHOW COLUMNS FROM `mia_order` [ RunTime:0.0012s ]
SQL: SHOW COLUMNS FROM `mia_goods` [ RunTime:0.0006s ]
SQL: SELECT * FROM `mia_goods` WHERE `goods_id` IN ('c84909be302e5029fafcc874e217a59a','f030121b6fe9b7c1701bb5b24e1c01f5')  [ RunTime:0.0003s ]
SQL: SELECT * FROM `mia_dynamic_info` WHERE `dynamic_id` = '60f24162e3a72b51963ce5956bda2ab4' LIMIT 1   [ RunTime:0.0002s ]
SQL: SELECT * FROM `mia_goods` WHERE `goods_id` IN ('f030121b6fe9b7c1701bb5b24e1c01f5')  [ RunTime:0.0002s ]
SQL: SELECT * FROM `mia_dynamic_info` WHERE `dynamic_id` = 'f18eb5201b7221148de220114667ba96' LIMIT 1   [ RunTime:0.0002s ]
SQL: SELECT * FROM `mia_goods` WHERE `goods_id` IN ('c84909be302e5029fafcc874e217a59a')  [ RunTime:0.0002s ]
INFO: [ app_end ] --START--
INFO: Run Behavior\ShowPageTraceBehavior [ RunTime:0.000839s ]
INFO: [ app_end ] --END-- [ RunTime:0.000880s ]

